{"C:\\Users\\jeppe\\OneDrive\\Dokument\\skola\\pattern\\client-webbclient\\www\\js\\models\\utilities.js":{"path":"C:\\Users\\jeppe\\OneDrive\\Dokument\\skola\\pattern\\client-webbclient\\www\\js\\models\\utilities.js","statementMap":{"0":{"start":{"line":3,"column":0},"end":{"line":5,"column":3}},"1":{"start":{"line":6,"column":0},"end":{"line":6,"column":28}},"2":{"start":{"line":7,"column":21},"end":{"line":157,"column":1}},"3":{"start":{"line":9,"column":21},"end":{"line":9,"column":40}},"4":{"start":{"line":10,"column":15},"end":{"line":10,"column":19}},"5":{"start":{"line":11,"column":14},"end":{"line":11,"column":16}},"6":{"start":{"line":12,"column":14},"end":{"line":12,"column":16}},"7":{"start":{"line":13,"column":16},"end":{"line":13,"column":45}},"8":{"start":{"line":14,"column":18},"end":{"line":14,"column":51}},"9":{"start":{"line":15,"column":18},"end":{"line":15,"column":55}},"10":{"start":{"line":16,"column":4},"end":{"line":16,"column":30}},"11":{"start":{"line":17,"column":4},"end":{"line":17,"column":34}},"12":{"start":{"line":18,"column":4},"end":{"line":18,"column":34}},"13":{"start":{"line":19,"column":4},"end":{"line":19,"column":62}},"14":{"start":{"line":20,"column":4},"end":{"line":20,"column":70}},"15":{"start":{"line":21,"column":4},"end":{"line":21,"column":70}},"16":{"start":{"line":22,"column":4},"end":{"line":22,"column":70}},"17":{"start":{"line":25,"column":21},"end":{"line":25,"column":22}},"18":{"start":{"line":26,"column":15},"end":{"line":26,"column":19}},"19":{"start":{"line":27,"column":14},"end":{"line":27,"column":16}},"20":{"start":{"line":28,"column":4},"end":{"line":28,"column":35}},"21":{"start":{"line":29,"column":20},"end":{"line":29,"column":54}},"22":{"start":{"line":30,"column":18},"end":{"line":30,"column":50}},"23":{"start":{"line":31,"column":19},"end":{"line":31,"column":64}},"24":{"start":{"line":32,"column":4},"end":{"line":32,"column":38}},"25":{"start":{"line":34,"column":4},"end":{"line":36,"column":5}},"26":{"start":{"line":35,"column":6},"end":{"line":35,"column":34}},"27":{"start":{"line":38,"column":4},"end":{"line":40,"column":5}},"28":{"start":{"line":39,"column":6},"end":{"line":39,"column":36}},"29":{"start":{"line":42,"column":4},"end":{"line":42,"column":22}},"30":{"start":{"line":45,"column":20},"end":{"line":45,"column":22}},"31":{"start":{"line":46,"column":15},"end":{"line":46,"column":33}},"32":{"start":{"line":47,"column":16},"end":{"line":47,"column":35}},"33":{"start":{"line":48,"column":14},"end":{"line":48,"column":28}},"34":{"start":{"line":49,"column":16},"end":{"line":49,"column":31}},"35":{"start":{"line":50,"column":18},"end":{"line":50,"column":35}},"36":{"start":{"line":51,"column":18},"end":{"line":51,"column":35}},"37":{"start":{"line":52,"column":4},"end":{"line":52,"column":77}},"38":{"start":{"line":53,"column":4},"end":{"line":53,"column":78}},"39":{"start":{"line":54,"column":4},"end":{"line":54,"column":76}},"40":{"start":{"line":55,"column":4},"end":{"line":55,"column":78}},"41":{"start":{"line":56,"column":4},"end":{"line":56,"column":80}},"42":{"start":{"line":57,"column":4},"end":{"line":57,"column":75}},"43":{"start":{"line":58,"column":4},"end":{"line":58,"column":21}},"44":{"start":{"line":61,"column":4},"end":{"line":61,"column":67}},"45":{"start":{"line":64,"column":4},"end":{"line":64,"column":36}},"46":{"start":{"line":65,"column":4},"end":{"line":65,"column":30}},"47":{"start":{"line":68,"column":4},"end":{"line":68,"column":36}},"48":{"start":{"line":69,"column":4},"end":{"line":69,"column":31}},"49":{"start":{"line":72,"column":4},"end":{"line":72,"column":36}},"50":{"start":{"line":73,"column":4},"end":{"line":73,"column":26}},"51":{"start":{"line":76,"column":15},"end":{"line":76,"column":19}},"52":{"start":{"line":77,"column":19},"end":{"line":77,"column":28}},"53":{"start":{"line":78,"column":18},"end":{"line":78,"column":30}},"54":{"start":{"line":80,"column":4},"end":{"line":85,"column":5}},"55":{"start":{"line":81,"column":6},"end":{"line":81,"column":22}},"56":{"start":{"line":82,"column":6},"end":{"line":82,"column":33}},"57":{"start":{"line":83,"column":11},"end":{"line":85,"column":5}},"58":{"start":{"line":84,"column":6},"end":{"line":84,"column":38}},"59":{"start":{"line":87,"column":4},"end":{"line":87,"column":70}},"60":{"start":{"line":90,"column":15},"end":{"line":90,"column":50}},"61":{"start":{"line":91,"column":16},"end":{"line":91,"column":51}},"62":{"start":{"line":92,"column":4},"end":{"line":92,"column":46}},"63":{"start":{"line":96,"column":14},"end":{"line":96,"column":16}},"64":{"start":{"line":97,"column":14},"end":{"line":97,"column":16}},"65":{"start":{"line":98,"column":24},"end":{"line":98,"column":43}},"66":{"start":{"line":99,"column":16},"end":{"line":99,"column":54}},"67":{"start":{"line":100,"column":18},"end":{"line":100,"column":50}},"68":{"start":{"line":101,"column":18},"end":{"line":101,"column":44}},"69":{"start":{"line":102,"column":4},"end":{"line":102,"column":37}},"70":{"start":{"line":105,"column":14},"end":{"line":105,"column":16}},"71":{"start":{"line":106,"column":14},"end":{"line":106,"column":16}},"72":{"start":{"line":107,"column":16},"end":{"line":107,"column":36}},"73":{"start":{"line":108,"column":18},"end":{"line":108,"column":51}},"74":{"start":{"line":109,"column":18},"end":{"line":109,"column":55}},"75":{"start":{"line":110,"column":4},"end":{"line":110,"column":30}},"76":{"start":{"line":111,"column":4},"end":{"line":111,"column":34}},"77":{"start":{"line":112,"column":4},"end":{"line":112,"column":34}},"78":{"start":{"line":113,"column":4},"end":{"line":113,"column":62}},"79":{"start":{"line":114,"column":4},"end":{"line":114,"column":70}},"80":{"start":{"line":115,"column":4},"end":{"line":115,"column":70}},"81":{"start":{"line":116,"column":4},"end":{"line":116,"column":70}},"82":{"start":{"line":119,"column":29},"end":{"line":119,"column":58}},"83":{"start":{"line":120,"column":4},"end":{"line":120,"column":96}},"84":{"start":{"line":123,"column":24},"end":{"line":123,"column":36}},"85":{"start":{"line":124,"column":22},"end":{"line":124,"column":62}},"86":{"start":{"line":125,"column":21},"end":{"line":125,"column":22}},"87":{"start":{"line":126,"column":33},"end":{"line":126,"column":34}},"88":{"start":{"line":127,"column":18},"end":{"line":127,"column":20}},"89":{"start":{"line":128,"column":19},"end":{"line":128,"column":46}},"90":{"start":{"line":129,"column":17},"end":{"line":129,"column":62}},"91":{"start":{"line":130,"column":4},"end":{"line":137,"column":7}},"92":{"start":{"line":131,"column":6},"end":{"line":131,"column":83}},"93":{"start":{"line":132,"column":6},"end":{"line":132,"column":31}},"94":{"start":{"line":134,"column":6},"end":{"line":136,"column":7}},"95":{"start":{"line":135,"column":8},"end":{"line":135,"column":31}},"96":{"start":{"line":138,"column":19},"end":{"line":138,"column":77}},"97":{"start":{"line":139,"column":14},"end":{"line":139,"column":90}},"98":{"start":{"line":140,"column":4},"end":{"line":148,"column":6}},"99":{"start":{"line":151,"column":14},"end":{"line":151,"column":37}},"100":{"start":{"line":153,"column":16},"end":{"line":153,"column":39}},"101":{"start":{"line":155,"column":4},"end":{"line":155,"column":24}},"102":{"start":{"line":158,"column":15},"end":{"line":158,"column":29}},"103":{"start":{"line":159,"column":0},"end":{"line":159,"column":30}}},"fnMap":{"0":{"name":"calculateDuration","decl":{"start":{"line":8,"column":30},"end":{"line":8,"column":47}},"loc":{"start":{"line":8,"column":68},"end":{"line":23,"column":3}},"line":8},"1":{"name":"calculatePrice","decl":{"start":{"line":24,"column":27},"end":{"line":24,"column":41}},"loc":{"start":{"line":24,"column":48},"end":{"line":43,"column":3}},"line":24},"2":{"name":"formatDate","decl":{"start":{"line":44,"column":23},"end":{"line":44,"column":33}},"loc":{"start":{"line":44,"column":40},"end":{"line":59,"column":3}},"line":44},"3":{"name":"addZeroSmallerThan","decl":{"start":{"line":60,"column":31},"end":{"line":60,"column":49}},"loc":{"start":{"line":60,"column":70},"end":{"line":62,"column":3}},"line":60},"4":{"name":"getYear","decl":{"start":{"line":63,"column":20},"end":{"line":63,"column":27}},"loc":{"start":{"line":63,"column":34},"end":{"line":66,"column":3}},"line":63},"5":{"name":"getMonth","decl":{"start":{"line":67,"column":21},"end":{"line":67,"column":29}},"loc":{"start":{"line":67,"column":36},"end":{"line":70,"column":3}},"line":67},"6":{"name":"getDay","decl":{"start":{"line":71,"column":19},"end":{"line":71,"column":25}},"loc":{"start":{"line":71,"column":32},"end":{"line":74,"column":3}},"line":71},"7":{"name":"getExpDate","decl":{"start":{"line":75,"column":23},"end":{"line":75,"column":33}},"loc":{"start":{"line":75,"column":47},"end":{"line":88,"column":3}},"line":75},"8":{"name":"getDaysInMonth","decl":{"start":{"line":89,"column":27},"end":{"line":89,"column":41}},"loc":{"start":{"line":89,"column":55},"end":{"line":93,"column":3}},"line":89},"9":{"name":"getDurationInSeconds","decl":{"start":{"line":94,"column":33},"end":{"line":94,"column":53}},"loc":{"start":{"line":94,"column":64},"end":{"line":103,"column":3}},"line":94},"10":{"name":"getDurationFormated","decl":{"start":{"line":104,"column":32},"end":{"line":104,"column":51}},"loc":{"start":{"line":104,"column":62},"end":{"line":117,"column":3}},"line":104},"11":{"name":"generateOCR","decl":{"start":{"line":118,"column":24},"end":{"line":118,"column":35}},"loc":{"start":{"line":118,"column":81},"end":{"line":121,"column":3}},"line":118},"12":{"name":"getSumary","decl":{"start":{"line":122,"column":22},"end":{"line":122,"column":31}},"loc":{"start":{"line":122,"column":64},"end":{"line":149,"column":3}},"line":122},"13":{"name":"(anonymous_13)","decl":{"start":{"line":130,"column":16},"end":{"line":130,"column":17}},"loc":{"start":{"line":130,"column":32},"end":{"line":137,"column":5}},"line":130},"14":{"name":"calculateCenter","decl":{"start":{"line":150,"column":28},"end":{"line":150,"column":43}},"loc":{"start":{"line":150,"column":56},"end":{"line":156,"column":3}},"line":150}},"branchMap":{"0":{"loc":{"start":{"line":19,"column":12},"end":{"line":19,"column":61}},"type":"cond-expr","locations":[{"start":{"line":19,"column":25},"end":{"line":19,"column":42}},{"start":{"line":19,"column":45},"end":{"line":19,"column":61}}],"line":19},"1":{"loc":{"start":{"line":20,"column":14},"end":{"line":20,"column":69}},"type":"cond-expr","locations":[{"start":{"line":20,"column":29},"end":{"line":20,"column":48}},{"start":{"line":20,"column":51},"end":{"line":20,"column":69}}],"line":20},"2":{"loc":{"start":{"line":21,"column":14},"end":{"line":21,"column":69}},"type":"cond-expr","locations":[{"start":{"line":21,"column":29},"end":{"line":21,"column":48}},{"start":{"line":21,"column":51},"end":{"line":21,"column":69}}],"line":21},"3":{"loc":{"start":{"line":34,"column":4},"end":{"line":36,"column":5}},"type":"if","locations":[{"start":{"line":34,"column":4},"end":{"line":36,"column":5}},{"start":{"line":34,"column":4},"end":{"line":36,"column":5}}],"line":34},"4":{"loc":{"start":{"line":34,"column":8},"end":{"line":34,"column":74}},"type":"binary-expr","locations":[{"start":{"line":34,"column":8},"end":{"line":34,"column":41}},{"start":{"line":34,"column":45},"end":{"line":34,"column":74}}],"line":34},"5":{"loc":{"start":{"line":38,"column":4},"end":{"line":40,"column":5}},"type":"if","locations":[{"start":{"line":38,"column":4},"end":{"line":40,"column":5}},{"start":{"line":38,"column":4},"end":{"line":40,"column":5}}],"line":38},"6":{"loc":{"start":{"line":61,"column":11},"end":{"line":61,"column":66}},"type":"cond-expr","locations":[{"start":{"line":61,"column":33},"end":{"line":61,"column":50}},{"start":{"line":61,"column":53},"end":{"line":61,"column":66}}],"line":61},"7":{"loc":{"start":{"line":80,"column":4},"end":{"line":85,"column":5}},"type":"if","locations":[{"start":{"line":80,"column":4},"end":{"line":85,"column":5}},{"start":{"line":80,"column":4},"end":{"line":85,"column":5}}],"line":80},"8":{"loc":{"start":{"line":83,"column":11},"end":{"line":85,"column":5}},"type":"if","locations":[{"start":{"line":83,"column":11},"end":{"line":85,"column":5}},{"start":{"line":83,"column":11},"end":{"line":85,"column":5}}],"line":83},"9":{"loc":{"start":{"line":113,"column":12},"end":{"line":113,"column":61}},"type":"cond-expr","locations":[{"start":{"line":113,"column":25},"end":{"line":113,"column":42}},{"start":{"line":113,"column":45},"end":{"line":113,"column":61}}],"line":113},"10":{"loc":{"start":{"line":114,"column":14},"end":{"line":114,"column":69}},"type":"cond-expr","locations":[{"start":{"line":114,"column":29},"end":{"line":114,"column":48}},{"start":{"line":114,"column":51},"end":{"line":114,"column":69}}],"line":114},"11":{"loc":{"start":{"line":115,"column":14},"end":{"line":115,"column":69}},"type":"cond-expr","locations":[{"start":{"line":115,"column":29},"end":{"line":115,"column":48}},{"start":{"line":115,"column":51},"end":{"line":115,"column":69}}],"line":115},"12":{"loc":{"start":{"line":134,"column":6},"end":{"line":136,"column":7}},"type":"if","locations":[{"start":{"line":134,"column":6},"end":{"line":136,"column":7}},{"start":{"line":134,"column":6},"end":{"line":136,"column":7}}],"line":134}},"s":{"0":1,"1":1,"2":1,"3":1,"4":1,"5":1,"6":1,"7":1,"8":1,"9":1,"10":1,"11":1,"12":1,"13":1,"14":1,"15":1,"16":1,"17":3,"18":3,"19":3,"20":3,"21":3,"22":3,"23":3,"24":3,"25":3,"26":1,"27":3,"28":1,"29":3,"30":1,"31":1,"32":1,"33":1,"34":1,"35":1,"36":1,"37":1,"38":1,"39":1,"40":1,"41":1,"42":1,"43":1,"44":6,"45":1,"46":1,"47":1,"48":1,"49":1,"50":1,"51":3,"52":3,"53":3,"54":3,"55":1,"56":1,"57":2,"58":1,"59":3,"60":5,"61":5,"62":5,"63":3,"64":3,"65":3,"66":3,"67":3,"68":3,"69":3,"70":2,"71":2,"72":2,"73":2,"74":2,"75":2,"76":2,"77":2,"78":2,"79":2,"80":2,"81":2,"82":2,"83":2,"84":1,"85":1,"86":1,"87":1,"88":1,"89":1,"90":1,"91":1,"92":2,"93":2,"94":2,"95":1,"96":1,"97":1,"98":1,"99":1,"100":1,"101":1,"102":1,"103":1},"f":{"0":1,"1":3,"2":1,"3":6,"4":1,"5":1,"6":1,"7":3,"8":5,"9":3,"10":2,"11":2,"12":1,"13":2,"14":1},"b":{"0":[1,0],"1":[0,1],"2":[0,1],"3":[1,2],"4":[3,2],"5":[1,2],"6":[2,4],"7":[1,2],"8":[1,1],"9":[2,0],"10":[2,0],"11":[1,1],"12":[1,1]},"inputSourceMap":{"version":3,"sources":["utilities.js"],"names":["utilitiesModel","calculateDuration","startTime","endTime","difference","ms2s","s2m","m2h","hours","minutes","Math","floor","seconds","calculatePrice","data","totalPrice","startingfee","Date","parseInt","duration","ceil","fee","startPosition","endPosition","discount","penaltyfee","formatDate","date","resString","year","getFullYear","month","getMonth","day","getDate","getHours","getMinutes","getSeconds","addZeroSmallerThan","value","smallerThan","String","getYear","getDay","getExpDate","days","expMonth","expYear","getDaysInMonth","invoiceCode","split","getDurationInSeconds","h2m","m2s","durationParts","getDurationFormated","generateOCR","customerId","invoiceId","price","corporationId","invoiceIdConverted","join","getSumary","invoice","daysInMonth","totalDurationInSeconds","expDate","fromDate","toDate","map","trip","ocr","paymentAccount","calculateCenter","start","end","lat","long"],"mappings":";;;;;;AAAA,IAAIA,cAAc,GAAG;AACjBC,EAAAA,iBAAiB,EAAE,2BAACC,SAAD,EAAYC,OAAZ,EAAwB;AACvC,QAAIC,UAAU,GAAGD,OAAO,GAAGD,SAA3B;AAEA,QAAIG,IAAI,GAAG,IAAX;AACA,QAAIC,GAAG,GAAG,EAAV;AACA,QAAIC,GAAG,GAAG,EAAV;AAEA,QAAIC,KAAK,GAAGJ,UAAU,GAAGC,IAAb,GAAoBC,GAApB,GAA0BC,GAAtC;AACA,QAAIE,OAAO,GAAG,CAACD,KAAK,GAAGE,IAAI,CAACC,KAAL,CAAWH,KAAX,CAAT,IAA8BD,GAA5C;AACA,QAAIK,OAAO,GAAG,CAACH,OAAO,GAAGC,IAAI,CAACC,KAAL,CAAWF,OAAX,CAAX,IAAkCH,GAAhD;AAIAE,IAAAA,KAAK,GAAGE,IAAI,CAACC,KAAL,CAAWH,KAAX,CAAR;AACAC,IAAAA,OAAO,GAAGC,IAAI,CAACC,KAAL,CAAWF,OAAX,CAAV;AACAG,IAAAA,OAAO,GAAGF,IAAI,CAACC,KAAL,CAAWC,OAAX,CAAV;AAEAJ,IAAAA,KAAK,GAAIA,KAAK,GAAG,EAAT,cAAmBA,KAAnB,cAAgCA,KAAhC,CAAR;AACAC,IAAAA,OAAO,GAAIA,OAAO,GAAG,EAAX,cAAqBA,OAArB,cAAoCA,OAApC,CAAV;AACAG,IAAAA,OAAO,GAAIA,OAAO,GAAG,EAAX,cAAqBA,OAArB,cAAoCA,OAApC,CAAV;AAEA,qBAAUJ,KAAV,cAAmBC,OAAnB,cAA8BG,OAA9B;AACH,GAvBgB;AAwBjBC,EAAAA,cAAc,EAAE,wBAACC,IAAD,EAAU;AACtB,QAAIC,UAAU,GAAG,CAAjB;AACA,QAAIV,IAAI,GAAG,IAAX;AACA,QAAIC,GAAG,GAAG,EAAV;AAEAS,IAAAA,UAAU,IAAID,IAAI,CAACE,WAAnB;AAEA,QAAId,SAAS,GAAG,IAAIe,IAAJ,CAASC,QAAQ,CAACJ,IAAI,CAACZ,SAAN,CAAjB,CAAhB;AACA,QAAIC,OAAO,GAAG,IAAIc,IAAJ,CAASC,QAAQ,CAACJ,IAAI,CAACX,OAAN,CAAjB,CAAd;AAEA,QAAIgB,QAAQ,GAAGT,IAAI,CAACU,IAAL,CAAU,CAACjB,OAAO,GAAGD,SAAX,IAAwBG,IAAxB,GAA+BC,GAAzC,CAAf;AAEAS,IAAAA,UAAU,IAAII,QAAQ,GAAGL,IAAI,CAACO,GAA9B;;AAEA,QAAIP,IAAI,CAACQ,aAAL,KAAuB,UAAvB,IAAqCR,IAAI,CAACS,WAAL,KAAqB,QAA9D,EAAwE;AACpER,MAAAA,UAAU,IAAID,IAAI,CAACU,QAAnB;AACH;;AAED,QAAIV,IAAI,CAACS,WAAL,KAAqB,UAAzB,EAAqC;AACjCR,MAAAA,UAAU,IAAID,IAAI,CAACW,UAAnB;AACH;;AAED,WAAOV,UAAP;AACH,GA/CgB;AAgDjBW,EAAAA,UAAU,EAAE,oBAACC,IAAD,EAAU;AAClB,QAAIC,SAAS,GAAG,EAAhB;AACA,QAAIC,IAAI,GAAGF,IAAI,CAACG,WAAL,EAAX;AACA,QAAIC,KAAK,GAAGJ,IAAI,CAACK,QAAL,KAAkB,CAA9B;AACA,QAAIC,GAAG,GAAGN,IAAI,CAACO,OAAL,EAAV;AACA,QAAI1B,KAAK,GAAGmB,IAAI,CAACQ,QAAL,EAAZ;AACA,QAAI1B,OAAO,GAAGkB,IAAI,CAACS,UAAL,EAAd;AACA,QAAIxB,OAAO,GAAGe,IAAI,CAACU,UAAL,EAAd;AAEAT,IAAAA,SAAS,cAAO5B,cAAc,CAACsC,kBAAf,CAAkCT,IAAlC,EAAwC,EAAxC,CAAP,MAAT;AACAD,IAAAA,SAAS,cAAO5B,cAAc,CAACsC,kBAAf,CAAkCP,KAAlC,EAAyC,EAAzC,CAAP,MAAT;AACAH,IAAAA,SAAS,cAAO5B,cAAc,CAACsC,kBAAf,CAAkCL,GAAlC,EAAuC,EAAvC,CAAP,MAAT;AACAL,IAAAA,SAAS,cAAO5B,cAAc,CAACsC,kBAAf,CAAkC9B,KAAlC,EAAyC,EAAzC,CAAP,MAAT;AACAoB,IAAAA,SAAS,cAAO5B,cAAc,CAACsC,kBAAf,CAAkC7B,OAAlC,EAA2C,EAA3C,CAAP,MAAT;AACAmB,IAAAA,SAAS,cAAO5B,cAAc,CAACsC,kBAAf,CAAkC1B,OAAlC,EAA2C,EAA3C,CAAP,CAAT;AAEA,WAAOgB,SAAP;AACH,GAjEgB;AAkEjBU,EAAAA,kBAAkB,EAAE,4BAACC,KAAD,EAAQC,WAAR,EAAwB;AACxC,WAAQD,KAAK,GAAGC,WAAT,cAA4BD,KAA5B,IAAsCE,MAAM,CAACF,KAAD,CAAnD;AACH,GApEgB;AAqEjBG,EAAAA,OAAO,EAAE,iBAACf,IAAD,EAAU;AACfA,IAAAA,IAAI,GAAG,IAAIV,IAAJ,CAASC,QAAQ,CAACS,IAAD,CAAjB,CAAP;AAEA,WAAOA,IAAI,CAACG,WAAL,EAAP;AACH,GAzEgB;AA0EjBE,EAAAA,QAAQ,EAAE,kBAACL,IAAD,EAAU;AAChBA,IAAAA,IAAI,GAAG,IAAIV,IAAJ,CAASC,QAAQ,CAACS,IAAD,CAAjB,CAAP;AAEA,WAAOA,IAAI,CAACK,QAAL,KAAkB,CAAzB;AACH,GA9EgB;AA+EjBW,EAAAA,MAAM,EAAE,gBAAChB,IAAD,EAAU;AACdA,IAAAA,IAAI,GAAG,IAAIV,IAAJ,CAASC,QAAQ,CAACS,IAAD,CAAjB,CAAP;AAEA,WAAOA,IAAI,CAACO,OAAL,EAAP;AACH,GAnFgB;AAoFjBU,EAAAA,UAAU,EAAE,oBAACf,IAAD,EAAOE,KAAP,EAAiB;AACzB,QAAIc,IAAI,GAAG,IAAX;AACA,QAAIC,QAAQ,GAAGf,KAAK,GAAG,CAAvB;AACA,QAAIgB,OAAO,GAAGN,MAAM,CAACZ,IAAD,CAApB;;AAEA,QAAIiB,QAAQ,GAAG,EAAf,EAAmB;AACfA,MAAAA,QAAQ,GAAG,IAAX;AACAC,MAAAA,OAAO,GAAGN,MAAM,CAACZ,IAAI,GAAG,CAAR,CAAhB;AACH,KAHD,MAGO,IAAIiB,QAAQ,GAAG,EAAf,EAAmB;AACtBA,MAAAA,QAAQ,cAAOA,QAAP,CAAR;AACH;;AAID,qBAAUC,OAAV,cAAqBD,QAArB,cAAiCD,IAAjC;AACH,GAnGgB;AAoGjBG,EAAAA,cAAc,EAAE,wBAACC,WAAD,EAAiB;AAC7B,QAAIpB,IAAI,GAAGX,QAAQ,CAAC+B,WAAW,CAACC,KAAZ,CAAkB,GAAlB,EAAuB,CAAvB,CAAD,CAAnB;AACA,QAAInB,KAAK,GAAGb,QAAQ,CAAC+B,WAAW,CAACC,KAAZ,CAAkB,GAAlB,EAAuB,CAAvB,CAAD,CAApB;AAEA,WAAO,IAAIjC,IAAJ,CAASY,IAAT,EAAeE,KAAf,EAAsB,CAAtB,EAAyBG,OAAzB,EAAP;AACH,GAzGgB;AA0GjBiB,EAAAA,oBAAoB,EAAE,8BAAChC,QAAD,EAAc;AAChC;AACA,QAAIiC,GAAG,GAAG,EAAV;AACA,QAAIC,GAAG,GAAG,EAAV;AAEA,QAAIC,aAAa,GAAGnC,QAAQ,CAAC+B,KAAT,CAAe,GAAf,CAApB;AAEA,QAAI1C,KAAK,GAAGU,QAAQ,CAACoC,aAAa,CAAC,CAAD,CAAd,CAAR,GAA6BF,GAA7B,GAAmCC,GAA/C;AACA,QAAI5C,OAAO,GAAGS,QAAQ,CAACoC,aAAa,CAAC,CAAD,CAAd,CAAR,GAA6BD,GAA3C;AACA,QAAIzC,OAAO,GAAGM,QAAQ,CAACoC,aAAa,CAAC,CAAD,CAAd,CAAtB;AAEA,WAAO9C,KAAK,GAAGC,OAAR,GAAkBG,OAAzB;AACH,GAtHgB;AAuHjB2C,EAAAA,mBAAmB,EAAE,6BAACpC,QAAD,EAAc;AAC/B,QAAIb,GAAG,GAAG,EAAV;AACA,QAAIC,GAAG,GAAG,EAAV;AAEA,QAAIC,KAAK,GAAGW,QAAQ,GAAGb,GAAX,GAAiBC,GAA7B;AACA,QAAIE,OAAO,GAAG,CAACD,KAAK,GAAGE,IAAI,CAACC,KAAL,CAAWH,KAAX,CAAT,IAA8BD,GAA5C;AACA,QAAIK,OAAO,GAAG,CAACH,OAAO,GAAGC,IAAI,CAACC,KAAL,CAAWF,OAAX,CAAX,IAAkCH,GAAhD;AAIAE,IAAAA,KAAK,GAAGE,IAAI,CAACC,KAAL,CAAWH,KAAX,CAAR;AACAC,IAAAA,OAAO,GAAGC,IAAI,CAACC,KAAL,CAAWF,OAAX,CAAV;AACAG,IAAAA,OAAO,GAAGF,IAAI,CAACC,KAAL,CAAWC,OAAX,CAAV;AAEAJ,IAAAA,KAAK,GAAIA,KAAK,GAAG,EAAT,cAAmBA,KAAnB,cAAgCA,KAAhC,CAAR;AACAC,IAAAA,OAAO,GAAIA,OAAO,GAAG,EAAX,cAAqBA,OAArB,cAAoCA,OAApC,CAAV;AACAG,IAAAA,OAAO,GAAIA,OAAO,GAAG,EAAX,cAAqBA,OAArB,cAAoCA,OAApC,CAAV;AAEA,qBAAUJ,KAAV,cAAmBC,OAAnB,cAA8BG,OAA9B;AACH,GA1IgB;AA2IjB4C,EAAAA,WAAW,EAAE,qBAACC,UAAD,EAAaC,SAAb,EAAwBC,KAAxB,EAA+BC,aAA/B,EAAiD;AAC1D,QAAIC,kBAAkB,GAAGH,SAAS,CAACR,KAAV,CAAgB,GAAhB,EAAqBY,IAArB,CAA0B,EAA1B,CAAzB;AAEA,qBAAUL,UAAV,SAAuBI,kBAAvB,SAA4CD,aAA5C,SAA4DD,KAA5D;AACH,GA/IgB;AAgJjBI,EAAAA,SAAS,EAAE,mBAACC,OAAD,EAAUN,SAAV,EAAqBD,UAArB,EAAoC;AAC3C,QAAIG,aAAa,GAAG,YAApB;AACA,QAAIK,WAAW,GAAGjE,cAAc,CAACgD,cAAf,CAA8BU,SAA9B,CAAlB;AACA,QAAI3C,UAAU,GAAG,CAAjB;AACA,QAAImD,sBAAsB,GAAG,CAA7B;AACA,QAAIC,OAAO,GAAG,EAAd;AACA,QAAIC,QAAQ,aAAMV,SAAN,QAAZ;AACA,QAAIW,MAAM,aAAMX,SAAN,cAAmBO,WAAnB,CAAV;AAEAD,IAAAA,OAAO,CAACM,GAAR,CAAY,UAACC,IAAD,EAAU;AAClBL,MAAAA,sBAAsB,IAAIlE,cAAc,CAACmD,oBAAf,CAAoCoB,IAAI,CAACpD,QAAzC,CAA1B;AACAJ,MAAAA,UAAU,IAAIwD,IAAI,CAACZ,KAAnB;;AAEA,UAAG,CAACQ,OAAJ,EAAa;AACTA,QAAAA,OAAO,GAAGI,IAAI,CAACJ,OAAf;AACH;AACJ,KAPD;AASA,QAAIhD,QAAQ,GAAGnB,cAAc,CAACuD,mBAAf,CAAmCW,sBAAnC,CAAf;AACA,QAAIM,GAAG,GAAGxE,cAAc,CAACwD,WAAf,CAA2BC,UAA3B,EAAuCC,SAAvC,EAAkD3C,UAAlD,EAA8D6C,aAA9D,CAAV;AAEA,WAAO;AACHD,MAAAA,KAAK,EAAE5C,UADJ;AAEHI,MAAAA,QAAQ,EAAEA,QAFP;AAGHgD,MAAAA,OAAO,EAAEA,OAHN;AAIHC,MAAAA,QAAQ,EAAEA,QAJP;AAKHC,MAAAA,MAAM,EAAEA,MALL;AAMHG,MAAAA,GAAG,EAAEA,GANF;AAOHC,MAAAA,cAAc,EAAEb;AAPb,KAAP;AAUH,GA/KgB;AAgLjBc,EAAAA,eAAe,EAAE,yBAACC,KAAD,EAAQC,GAAR,EAAgB;AAC7B,QAAIC,GAAG,GAAG,CAACF,KAAK,CAAC,CAAD,CAAL,GAAWC,GAAG,CAAC,CAAD,CAAf,IAAsB,CAAhC;;AACA,QAAIE,KAAI,GAAG,CAACH,KAAK,CAAC,CAAD,CAAL,GAAWC,GAAG,CAAC,CAAD,CAAf,IAAsB,CAAjC;;AAEA,WAAO,CAACC,GAAD,EAAMC,KAAN,CAAP;AACH;AArLgB,CAArB;eAwLe9E,c","sourceRoot":"C:\\Users\\jeppe\\OneDrive\\Dokument\\skola\\pattern\\client-webbclient\\www\\js\\models\\","sourcesContent":["let utilitiesModel = {\n    calculateDuration: (startTime, endTime) => {\n        let difference = endTime - startTime;\n\n        let ms2s = 1000;\n        let s2m = 60;\n        let m2h = 60;\n\n        let hours = difference / ms2s / s2m / m2h;\n        let minutes = (hours - Math.floor(hours)) * m2h;\n        let seconds = (minutes - Math.floor(minutes)) * s2m;\n\n\n\n        hours = Math.floor(hours);\n        minutes = Math.floor(minutes);\n        seconds = Math.floor(seconds);\n\n        hours = (hours < 10) ? `0${hours}` : `${hours}`;\n        minutes = (minutes < 10) ? `0${minutes}` : `${minutes}`;\n        seconds = (seconds < 10) ? `0${seconds}` : `${seconds}`;\n\n        return `${hours}:${minutes}:${seconds}`\n    },\n    calculatePrice: (data) => {\n        let totalPrice = 0;\n        let ms2s = 1000;\n        let s2m = 60;\n\n        totalPrice += data.startingfee;\n\n        let startTime = new Date(parseInt(data.startTime));\n        let endTime = new Date(parseInt(data.endTime));\n\n        let duration = Math.ceil((endTime - startTime) / ms2s / s2m);\n\n        totalPrice += duration * data.fee;\n\n        if (data.startPosition === 'unparked' && data.endPosition === 'parked') {\n            totalPrice -= data.discount;\n        }\n\n        if (data.endPosition === 'unparked') {\n            totalPrice += data.penaltyfee;\n        }\n\n        return totalPrice;\n    },\n    formatDate: (date) => {\n        let resString = '';\n        let year = date.getFullYear();\n        let month = date.getMonth() + 1;\n        let day = date.getDate();\n        let hours = date.getHours();\n        let minutes = date.getMinutes();\n        let seconds = date.getSeconds();\n\n        resString += `${utilitiesModel.addZeroSmallerThan(year, 10)}-`;\n        resString += `${utilitiesModel.addZeroSmallerThan(month, 10)}-`;\n        resString += `${utilitiesModel.addZeroSmallerThan(day, 10)} `;\n        resString += `${utilitiesModel.addZeroSmallerThan(hours, 10)}:`;\n        resString += `${utilitiesModel.addZeroSmallerThan(minutes, 10)}:`;\n        resString += `${utilitiesModel.addZeroSmallerThan(seconds, 10)}`;\n\n        return resString;\n    },\n    addZeroSmallerThan: (value, smallerThan) => {\n        return (value < smallerThan) ? `0${value}` : String(value);\n    },\n    getYear: (date) => {\n        date = new Date(parseInt(date));\n\n        return date.getFullYear();\n    },\n    getMonth: (date) => {\n        date = new Date(parseInt(date));\n\n        return date.getMonth() + 1;\n    },\n    getDay: (date) => {\n        date = new Date(parseInt(date));\n\n        return date.getDate();\n    },\n    getExpDate: (year, month) => {\n        let days = '14';\n        let expMonth = month + 1;\n        let expYear = String(year);\n\n        if (expMonth > 12) {\n            expMonth = '01';\n            expYear = String(year + 1);\n        } else if (expMonth < 10) {\n            expMonth = `0${expMonth}`\n        }\n\n\n\n        return `${expYear}-${expMonth}-${days}`;\n    },\n    getDaysInMonth: (invoiceCode) => {\n        let year = parseInt(invoiceCode.split('-')[0]);\n        let month = parseInt(invoiceCode.split('-')[1]);\n\n        return new Date(year, month, 0).getDate();\n    },\n    getDurationInSeconds: (duration) => {\n        // Time conversion\n        let h2m = 60;\n        let m2s = 60;\n\n        let durationParts = duration.split(':');\n\n        let hours = parseInt(durationParts[0]) * h2m * m2s;\n        let minutes = parseInt(durationParts[1]) * m2s;\n        let seconds = parseInt(durationParts[2]);\n\n        return hours + minutes + seconds;\n    },\n    getDurationFormated: (duration) => {\n        let s2m = 60;\n        let m2h = 60;\n\n        let hours = duration / s2m / m2h;\n        let minutes = (hours - Math.floor(hours)) * m2h;\n        let seconds = (minutes - Math.floor(minutes)) * s2m;\n\n\n\n        hours = Math.floor(hours);\n        minutes = Math.floor(minutes);\n        seconds = Math.floor(seconds);\n\n        hours = (hours < 10) ? `0${hours}` : `${hours}`;\n        minutes = (minutes < 10) ? `0${minutes}` : `${minutes}`;\n        seconds = (seconds < 10) ? `0${seconds}` : `${seconds}`;\n\n        return `${hours}:${minutes}:${seconds}`\n    },\n    generateOCR: (customerId, invoiceId, price, corporationId) => {\n        let invoiceIdConverted = invoiceId.split('-').join('');\n\n        return `${customerId}${invoiceIdConverted}${corporationId}${price}`;\n    },\n    getSumary: (invoice, invoiceId, customerId) => {\n        let corporationId = '1234567890';\n        let daysInMonth = utilitiesModel.getDaysInMonth(invoiceId);\n        let totalPrice = 0;\n        let totalDurationInSeconds = 0;\n        let expDate = '';\n        let fromDate = `${invoiceId}-01`;\n        let toDate = `${invoiceId}-${daysInMonth}`;\n\n        invoice.map((trip) => {\n            totalDurationInSeconds += utilitiesModel.getDurationInSeconds(trip.duration);\n            totalPrice += trip.price;\n\n            if(!expDate) {\n                expDate = trip.expDate;\n            }\n        })\n\n        let duration = utilitiesModel.getDurationFormated(totalDurationInSeconds);\n        let ocr = utilitiesModel.generateOCR(customerId, invoiceId, totalPrice, corporationId);\n\n        return {\n            price: totalPrice,\n            duration: duration,\n            expDate: expDate,\n            fromDate: fromDate,\n            toDate: toDate,\n            ocr: ocr,\n            paymentAccount: corporationId\n        }\n\n    },\n    calculateCenter: (start, end) => {\n        let lat = (start[0] + end[0]) / 2\n        let long = (start[1] + end[1]) / 2\n\n        return [lat, long];\n    }\n}\n\nexport default utilitiesModel;\n"]},"_coverageSchema":"1a1c01bbd47fc00a2c39e90264f33305004495a9","hash":"e49944c3e8dd8732a43d952bde6bbfc2472f1a63","contentHash":"c61e7c240b1566bc4d5d5e2be9a96720d44b5a760b103b2e8b58130a7ed0f70f"},"C:\\Users\\jeppe\\OneDrive\\Dokument\\skola\\pattern\\client-webbclient\\www\\js\\models\\db.js":{"path":"C:\\Users\\jeppe\\OneDrive\\Dokument\\skola\\pattern\\client-webbclient\\www\\js\\models\\db.js","statementMap":{"0":{"start":{"line":3,"column":0},"end":{"line":5,"column":3}},"1":{"start":{"line":6,"column":0},"end":{"line":6,"column":28}},"2":{"start":{"line":8,"column":15},"end":{"line":8,"column":57}},"3":{"start":{"line":10,"column":12},"end":{"line":10,"column":53}},"4":{"start":{"line":12,"column":39},"end":{"line":12,"column":95}},"5":{"start":{"line":14,"column":77},"end":{"line":14,"column":175}},"6":{"start":{"line":14,"column":94},"end":{"line":14,"column":107}},"7":{"start":{"line":14,"column":121},"end":{"line":14,"column":131}},"8":{"start":{"line":14,"column":151},"end":{"line":14,"column":165}},"9":{"start":{"line":14,"column":166},"end":{"line":14,"column":173}},"10":{"start":{"line":14,"column":176},"end":{"line":14,"column":263}},"11":{"start":{"line":14,"column":193},"end":{"line":14,"column":208}},"12":{"start":{"line":14,"column":218},"end":{"line":14,"column":261}},"13":{"start":{"line":16,"column":33},"end":{"line":16,"column":387}},"14":{"start":{"line":16,"column":65},"end":{"line":16,"column":69}},"15":{"start":{"line":16,"column":78},"end":{"line":16,"column":87}},"16":{"start":{"line":16,"column":89},"end":{"line":16,"column":384}},"17":{"start":{"line":16,"column":147},"end":{"line":16,"column":167}},"18":{"start":{"line":16,"column":193},"end":{"line":16,"column":264}},"19":{"start":{"line":16,"column":290},"end":{"line":16,"column":360}},"20":{"start":{"line":16,"column":363},"end":{"line":16,"column":380}},"21":{"start":{"line":18,"column":12},"end":{"line":18,"column":28}},"22":{"start":{"line":22,"column":0},"end":{"line":26,"column":1}},"23":{"start":{"line":23,"column":2},"end":{"line":23,"column":39}},"24":{"start":{"line":25,"column":2},"end":{"line":25,"column":17}},"25":{"start":{"line":28,"column":12},"end":{"line":28,"column":26}},"26":{"start":{"line":29,"column":12},"end":{"line":29,"column":43}},"27":{"start":{"line":30,"column":14},"end":{"line":416,"column":1}},"28":{"start":{"line":32,"column":24},"end":{"line":60,"column":7}},"29":{"start":{"line":34,"column":6},"end":{"line":59,"column":18}},"30":{"start":{"line":35,"column":8},"end":{"line":58,"column":9}},"31":{"start":{"line":36,"column":10},"end":{"line":57,"column":11}},"32":{"start":{"line":38,"column":14},"end":{"line":38,"column":32}},"33":{"start":{"line":39,"column":14},"end":{"line":48,"column":17}},"34":{"start":{"line":51,"column":14},"end":{"line":51,"column":34}},"35":{"start":{"line":52,"column":14},"end":{"line":52,"column":62}},"36":{"start":{"line":56,"column":14},"end":{"line":56,"column":37}},"37":{"start":{"line":63,"column":6},"end":{"line":63,"column":50}},"38":{"start":{"line":66,"column":4},"end":{"line":66,"column":24}},"39":{"start":{"line":69,"column":19},"end":{"line":89,"column":7}},"40":{"start":{"line":71,"column":6},"end":{"line":88,"column":19}},"41":{"start":{"line":72,"column":8},"end":{"line":87,"column":9}},"42":{"start":{"line":73,"column":10},"end":{"line":86,"column":11}},"43":{"start":{"line":75,"column":14},"end":{"line":75,"column":494}},"44":{"start":{"line":76,"column":14},"end":{"line":76,"column":33}},"45":{"start":{"line":77,"column":14},"end":{"line":77,"column":49}},"46":{"start":{"line":80,"column":14},"end":{"line":80,"column":36}},"47":{"start":{"line":81,"column":14},"end":{"line":81,"column":59}},"48":{"start":{"line":85,"column":14},"end":{"line":85,"column":38}},"49":{"start":{"line":92,"column":6},"end":{"line":92,"column":45}},"50":{"start":{"line":95,"column":4},"end":{"line":95,"column":19}},"51":{"start":{"line":98,"column":21},"end":{"line":118,"column":7}},"52":{"start":{"line":100,"column":6},"end":{"line":117,"column":19}},"53":{"start":{"line":101,"column":8},"end":{"line":116,"column":9}},"54":{"start":{"line":102,"column":10},"end":{"line":115,"column":11}},"55":{"start":{"line":104,"column":14},"end":{"line":104,"column":474}},"56":{"start":{"line":105,"column":14},"end":{"line":105,"column":33}},"57":{"start":{"line":106,"column":14},"end":{"line":106,"column":49}},"58":{"start":{"line":109,"column":14},"end":{"line":109,"column":38}},"59":{"start":{"line":110,"column":14},"end":{"line":110,"column":63}},"60":{"start":{"line":114,"column":14},"end":{"line":114,"column":38}},"61":{"start":{"line":121,"column":6},"end":{"line":121,"column":47}},"62":{"start":{"line":124,"column":4},"end":{"line":124,"column":21}},"63":{"start":{"line":127,"column":19},"end":{"line":147,"column":7}},"64":{"start":{"line":129,"column":6},"end":{"line":146,"column":19}},"65":{"start":{"line":130,"column":8},"end":{"line":145,"column":9}},"66":{"start":{"line":131,"column":10},"end":{"line":144,"column":11}},"67":{"start":{"line":133,"column":14},"end":{"line":133,"column":718}},"68":{"start":{"line":134,"column":14},"end":{"line":134,"column":33}},"69":{"start":{"line":135,"column":14},"end":{"line":135,"column":49}},"70":{"start":{"line":138,"column":14},"end":{"line":138,"column":36}},"71":{"start":{"line":139,"column":14},"end":{"line":139,"column":63}},"72":{"start":{"line":143,"column":14},"end":{"line":143,"column":38}},"73":{"start":{"line":150,"column":6},"end":{"line":150,"column":45}},"74":{"start":{"line":153,"column":4},"end":{"line":153,"column":19}},"75":{"start":{"line":156,"column":19},"end":{"line":176,"column":7}},"76":{"start":{"line":158,"column":6},"end":{"line":175,"column":19}},"77":{"start":{"line":159,"column":8},"end":{"line":174,"column":9}},"78":{"start":{"line":160,"column":10},"end":{"line":173,"column":11}},"79":{"start":{"line":162,"column":14},"end":{"line":162,"column":506}},"80":{"start":{"line":163,"column":14},"end":{"line":163,"column":33}},"81":{"start":{"line":164,"column":14},"end":{"line":164,"column":49}},"82":{"start":{"line":167,"column":14},"end":{"line":167,"column":36}},"83":{"start":{"line":168,"column":14},"end":{"line":168,"column":66}},"84":{"start":{"line":172,"column":14},"end":{"line":172,"column":38}},"85":{"start":{"line":179,"column":6},"end":{"line":179,"column":45}},"86":{"start":{"line":182,"column":4},"end":{"line":182,"column":19}},"87":{"start":{"line":185,"column":22},"end":{"line":205,"column":7}},"88":{"start":{"line":187,"column":6},"end":{"line":204,"column":19}},"89":{"start":{"line":188,"column":8},"end":{"line":203,"column":9}},"90":{"start":{"line":189,"column":10},"end":{"line":202,"column":11}},"91":{"start":{"line":191,"column":14},"end":{"line":191,"column":859}},"92":{"start":{"line":192,"column":14},"end":{"line":192,"column":33}},"93":{"start":{"line":193,"column":14},"end":{"line":193,"column":49}},"94":{"start":{"line":196,"column":14},"end":{"line":196,"column":36}},"95":{"start":{"line":197,"column":14},"end":{"line":197,"column":69}},"96":{"start":{"line":201,"column":14},"end":{"line":201,"column":38}},"97":{"start":{"line":208,"column":6},"end":{"line":208,"column":48}},"98":{"start":{"line":211,"column":4},"end":{"line":211,"column":22}},"99":{"start":{"line":214,"column":20},"end":{"line":234,"column":7}},"100":{"start":{"line":216,"column":6},"end":{"line":233,"column":19}},"101":{"start":{"line":217,"column":8},"end":{"line":232,"column":9}},"102":{"start":{"line":218,"column":10},"end":{"line":231,"column":11}},"103":{"start":{"line":220,"column":14},"end":{"line":220,"column":219}},"104":{"start":{"line":221,"column":14},"end":{"line":221,"column":33}},"105":{"start":{"line":222,"column":14},"end":{"line":222,"column":49}},"106":{"start":{"line":225,"column":14},"end":{"line":225,"column":37}},"107":{"start":{"line":226,"column":14},"end":{"line":226,"column":61}},"108":{"start":{"line":230,"column":14},"end":{"line":230,"column":38}},"109":{"start":{"line":237,"column":6},"end":{"line":237,"column":46}},"110":{"start":{"line":240,"column":4},"end":{"line":240,"column":20}},"111":{"start":{"line":243,"column":19},"end":{"line":263,"column":7}},"112":{"start":{"line":245,"column":6},"end":{"line":262,"column":19}},"113":{"start":{"line":246,"column":8},"end":{"line":261,"column":9}},"114":{"start":{"line":247,"column":10},"end":{"line":260,"column":11}},"115":{"start":{"line":249,"column":14},"end":{"line":249,"column":270}},"116":{"start":{"line":250,"column":14},"end":{"line":250,"column":33}},"117":{"start":{"line":251,"column":14},"end":{"line":251,"column":49}},"118":{"start":{"line":254,"column":14},"end":{"line":254,"column":36}},"119":{"start":{"line":255,"column":14},"end":{"line":255,"column":59}},"120":{"start":{"line":259,"column":14},"end":{"line":259,"column":38}},"121":{"start":{"line":266,"column":6},"end":{"line":266,"column":45}},"122":{"start":{"line":269,"column":4},"end":{"line":269,"column":19}},"123":{"start":{"line":272,"column":22},"end":{"line":292,"column":7}},"124":{"start":{"line":274,"column":6},"end":{"line":291,"column":19}},"125":{"start":{"line":275,"column":8},"end":{"line":290,"column":9}},"126":{"start":{"line":276,"column":10},"end":{"line":289,"column":11}},"127":{"start":{"line":278,"column":14},"end":{"line":278,"column":405}},"128":{"start":{"line":279,"column":14},"end":{"line":279,"column":33}},"129":{"start":{"line":280,"column":14},"end":{"line":280,"column":49}},"130":{"start":{"line":283,"column":14},"end":{"line":283,"column":36}},"131":{"start":{"line":284,"column":14},"end":{"line":284,"column":65}},"132":{"start":{"line":288,"column":14},"end":{"line":288,"column":38}},"133":{"start":{"line":295,"column":6},"end":{"line":295,"column":48}},"134":{"start":{"line":298,"column":4},"end":{"line":298,"column":22}},"135":{"start":{"line":301,"column":23},"end":{"line":321,"column":7}},"136":{"start":{"line":303,"column":6},"end":{"line":320,"column":20}},"137":{"start":{"line":304,"column":8},"end":{"line":319,"column":9}},"138":{"start":{"line":305,"column":10},"end":{"line":318,"column":11}},"139":{"start":{"line":307,"column":14},"end":{"line":307,"column":1173}},"140":{"start":{"line":308,"column":14},"end":{"line":308,"column":34}},"141":{"start":{"line":309,"column":14},"end":{"line":309,"column":49}},"142":{"start":{"line":312,"column":14},"end":{"line":312,"column":42}},"143":{"start":{"line":313,"column":14},"end":{"line":313,"column":71}},"144":{"start":{"line":317,"column":14},"end":{"line":317,"column":39}},"145":{"start":{"line":324,"column":6},"end":{"line":324,"column":49}},"146":{"start":{"line":327,"column":4},"end":{"line":327,"column":23}},"147":{"start":{"line":330,"column":37},"end":{"line":350,"column":7}},"148":{"start":{"line":332,"column":6},"end":{"line":349,"column":20}},"149":{"start":{"line":333,"column":8},"end":{"line":348,"column":9}},"150":{"start":{"line":334,"column":10},"end":{"line":347,"column":11}},"151":{"start":{"line":336,"column":14},"end":{"line":336,"column":1161}},"152":{"start":{"line":337,"column":14},"end":{"line":337,"column":34}},"153":{"start":{"line":338,"column":14},"end":{"line":338,"column":49}},"154":{"start":{"line":341,"column":14},"end":{"line":341,"column":36}},"155":{"start":{"line":342,"column":14},"end":{"line":342,"column":68}},"156":{"start":{"line":346,"column":14},"end":{"line":346,"column":39}},"157":{"start":{"line":353,"column":6},"end":{"line":353,"column":63}},"158":{"start":{"line":356,"column":4},"end":{"line":356,"column":37}},"159":{"start":{"line":359,"column":29},"end":{"line":379,"column":7}},"160":{"start":{"line":361,"column":6},"end":{"line":378,"column":20}},"161":{"start":{"line":362,"column":8},"end":{"line":377,"column":9}},"162":{"start":{"line":363,"column":10},"end":{"line":376,"column":11}},"163":{"start":{"line":365,"column":14},"end":{"line":365,"column":1112}},"164":{"start":{"line":366,"column":14},"end":{"line":366,"column":34}},"165":{"start":{"line":367,"column":14},"end":{"line":367,"column":49}},"166":{"start":{"line":370,"column":14},"end":{"line":370,"column":36}},"167":{"start":{"line":371,"column":14},"end":{"line":371,"column":68}},"168":{"start":{"line":375,"column":14},"end":{"line":375,"column":39}},"169":{"start":{"line":382,"column":6},"end":{"line":382,"column":55}},"170":{"start":{"line":385,"column":4},"end":{"line":385,"column":29}},"171":{"start":{"line":388,"column":26},"end":{"line":408,"column":7}},"172":{"start":{"line":390,"column":6},"end":{"line":407,"column":20}},"173":{"start":{"line":391,"column":8},"end":{"line":406,"column":9}},"174":{"start":{"line":392,"column":10},"end":{"line":405,"column":11}},"175":{"start":{"line":394,"column":14},"end":{"line":394,"column":1053}},"176":{"start":{"line":395,"column":14},"end":{"line":395,"column":34}},"177":{"start":{"line":396,"column":14},"end":{"line":396,"column":49}},"178":{"start":{"line":399,"column":14},"end":{"line":399,"column":36}},"179":{"start":{"line":400,"column":14},"end":{"line":400,"column":68}},"180":{"start":{"line":404,"column":14},"end":{"line":404,"column":39}},"181":{"start":{"line":411,"column":6},"end":{"line":411,"column":52}},"182":{"start":{"line":414,"column":4},"end":{"line":414,"column":26}},"183":{"start":{"line":417,"column":15},"end":{"line":417,"column":22}},"184":{"start":{"line":418,"column":0},"end":{"line":418,"column":30}}},"fnMap":{"0":{"name":"_interopRequireDefault","decl":{"start":{"line":12,"column":9},"end":{"line":12,"column":31}},"loc":{"start":{"line":12,"column":37},"end":{"line":12,"column":97}},"line":12},"1":{"name":"asyncGeneratorStep","decl":{"start":{"line":14,"column":9},"end":{"line":14,"column":27}},"loc":{"start":{"line":14,"column":75},"end":{"line":14,"column":265}},"line":14},"2":{"name":"_asyncToGenerator","decl":{"start":{"line":16,"column":9},"end":{"line":16,"column":26}},"loc":{"start":{"line":16,"column":31},"end":{"line":16,"column":389}},"line":16},"3":{"name":"(anonymous_3)","decl":{"start":{"line":16,"column":40},"end":{"line":16,"column":41}},"loc":{"start":{"line":16,"column":52},"end":{"line":16,"column":386}},"line":16},"4":{"name":"(anonymous_4)","decl":{"start":{"line":16,"column":108},"end":{"line":16,"column":109}},"loc":{"start":{"line":16,"column":135},"end":{"line":16,"column":382}},"line":16},"5":{"name":"_next","decl":{"start":{"line":16,"column":178},"end":{"line":16,"column":183}},"loc":{"start":{"line":16,"column":191},"end":{"line":16,"column":266}},"line":16},"6":{"name":"_throw","decl":{"start":{"line":16,"column":276},"end":{"line":16,"column":282}},"loc":{"start":{"line":16,"column":288},"end":{"line":16,"column":362}},"line":16},"7":{"name":"(anonymous_7)","decl":{"start":{"line":31,"column":16},"end":{"line":31,"column":17}},"loc":{"start":{"line":31,"column":28},"end":{"line":67,"column":3}},"line":31},"8":{"name":"_callee","decl":{"start":{"line":32,"column":89},"end":{"line":32,"column":96}},"loc":{"start":{"line":32,"column":104},"end":{"line":60,"column":5}},"line":32},"9":{"name":"_callee$","decl":{"start":{"line":34,"column":46},"end":{"line":34,"column":54}},"loc":{"start":{"line":34,"column":65},"end":{"line":59,"column":7}},"line":34},"10":{"name":"callDatabase","decl":{"start":{"line":62,"column":13},"end":{"line":62,"column":25}},"loc":{"start":{"line":62,"column":30},"end":{"line":64,"column":5}},"line":62},"11":{"name":"(anonymous_11)","decl":{"start":{"line":68,"column":11},"end":{"line":68,"column":12}},"loc":{"start":{"line":68,"column":23},"end":{"line":96,"column":3}},"line":68},"12":{"name":"_callee2","decl":{"start":{"line":69,"column":84},"end":{"line":69,"column":92}},"loc":{"start":{"line":69,"column":97},"end":{"line":89,"column":5}},"line":69},"13":{"name":"_callee2$","decl":{"start":{"line":71,"column":46},"end":{"line":71,"column":55}},"loc":{"start":{"line":71,"column":67},"end":{"line":88,"column":7}},"line":71},"14":{"name":"getCity","decl":{"start":{"line":91,"column":13},"end":{"line":91,"column":20}},"loc":{"start":{"line":91,"column":26},"end":{"line":93,"column":5}},"line":91},"15":{"name":"(anonymous_15)","decl":{"start":{"line":97,"column":13},"end":{"line":97,"column":14}},"loc":{"start":{"line":97,"column":25},"end":{"line":125,"column":3}},"line":97},"16":{"name":"_callee3","decl":{"start":{"line":98,"column":86},"end":{"line":98,"column":94}},"loc":{"start":{"line":98,"column":97},"end":{"line":118,"column":5}},"line":98},"17":{"name":"_callee3$","decl":{"start":{"line":100,"column":46},"end":{"line":100,"column":55}},"loc":{"start":{"line":100,"column":67},"end":{"line":117,"column":7}},"line":100},"18":{"name":"getCities","decl":{"start":{"line":120,"column":13},"end":{"line":120,"column":22}},"loc":{"start":{"line":120,"column":25},"end":{"line":122,"column":5}},"line":120},"19":{"name":"(anonymous_19)","decl":{"start":{"line":126,"column":11},"end":{"line":126,"column":12}},"loc":{"start":{"line":126,"column":23},"end":{"line":154,"column":3}},"line":126},"20":{"name":"_callee4","decl":{"start":{"line":127,"column":84},"end":{"line":127,"column":92}},"loc":{"start":{"line":127,"column":100},"end":{"line":147,"column":5}},"line":127},"21":{"name":"_callee4$","decl":{"start":{"line":129,"column":46},"end":{"line":129,"column":55}},"loc":{"start":{"line":129,"column":67},"end":{"line":146,"column":7}},"line":129},"22":{"name":"getUser","decl":{"start":{"line":149,"column":13},"end":{"line":149,"column":20}},"loc":{"start":{"line":149,"column":26},"end":{"line":151,"column":5}},"line":149},"23":{"name":"(anonymous_23)","decl":{"start":{"line":155,"column":11},"end":{"line":155,"column":12}},"loc":{"start":{"line":155,"column":23},"end":{"line":183,"column":3}},"line":155},"24":{"name":"_callee5","decl":{"start":{"line":156,"column":84},"end":{"line":156,"column":92}},"loc":{"start":{"line":156,"column":99},"end":{"line":176,"column":5}},"line":156},"25":{"name":"_callee5$","decl":{"start":{"line":158,"column":46},"end":{"line":158,"column":55}},"loc":{"start":{"line":158,"column":67},"end":{"line":175,"column":7}},"line":158},"26":{"name":"addUser","decl":{"start":{"line":178,"column":13},"end":{"line":178,"column":20}},"loc":{"start":{"line":178,"column":26},"end":{"line":180,"column":5}},"line":178},"27":{"name":"(anonymous_27)","decl":{"start":{"line":184,"column":14},"end":{"line":184,"column":15}},"loc":{"start":{"line":184,"column":26},"end":{"line":212,"column":3}},"line":184},"28":{"name":"_callee6","decl":{"start":{"line":185,"column":87},"end":{"line":185,"column":95}},"loc":{"start":{"line":185,"column":102},"end":{"line":205,"column":5}},"line":185},"29":{"name":"_callee6$","decl":{"start":{"line":187,"column":46},"end":{"line":187,"column":55}},"loc":{"start":{"line":187,"column":67},"end":{"line":204,"column":7}},"line":187},"30":{"name":"updateUser","decl":{"start":{"line":207,"column":13},"end":{"line":207,"column":23}},"loc":{"start":{"line":207,"column":29},"end":{"line":209,"column":5}},"line":207},"31":{"name":"(anonymous_31)","decl":{"start":{"line":213,"column":12},"end":{"line":213,"column":13}},"loc":{"start":{"line":213,"column":24},"end":{"line":241,"column":3}},"line":213},"32":{"name":"_callee7","decl":{"start":{"line":214,"column":85},"end":{"line":214,"column":93}},"loc":{"start":{"line":214,"column":96},"end":{"line":234,"column":5}},"line":214},"33":{"name":"_callee7$","decl":{"start":{"line":216,"column":46},"end":{"line":216,"column":55}},"loc":{"start":{"line":216,"column":67},"end":{"line":233,"column":7}},"line":216},"34":{"name":"getBikes","decl":{"start":{"line":236,"column":13},"end":{"line":236,"column":21}},"loc":{"start":{"line":236,"column":24},"end":{"line":238,"column":5}},"line":236},"35":{"name":"(anonymous_35)","decl":{"start":{"line":242,"column":11},"end":{"line":242,"column":12}},"loc":{"start":{"line":242,"column":23},"end":{"line":270,"column":3}},"line":242},"36":{"name":"_callee8","decl":{"start":{"line":243,"column":84},"end":{"line":243,"column":92}},"loc":{"start":{"line":243,"column":97},"end":{"line":263,"column":5}},"line":243},"37":{"name":"_callee8$","decl":{"start":{"line":245,"column":46},"end":{"line":245,"column":55}},"loc":{"start":{"line":245,"column":67},"end":{"line":262,"column":7}},"line":245},"38":{"name":"getBike","decl":{"start":{"line":265,"column":13},"end":{"line":265,"column":20}},"loc":{"start":{"line":265,"column":26},"end":{"line":267,"column":5}},"line":265},"39":{"name":"(anonymous_39)","decl":{"start":{"line":271,"column":14},"end":{"line":271,"column":15}},"loc":{"start":{"line":271,"column":26},"end":{"line":299,"column":3}},"line":271},"40":{"name":"_callee9","decl":{"start":{"line":272,"column":87},"end":{"line":272,"column":95}},"loc":{"start":{"line":272,"column":102},"end":{"line":292,"column":5}},"line":272},"41":{"name":"_callee9$","decl":{"start":{"line":274,"column":46},"end":{"line":274,"column":55}},"loc":{"start":{"line":274,"column":67},"end":{"line":291,"column":7}},"line":274},"42":{"name":"updateBike","decl":{"start":{"line":294,"column":13},"end":{"line":294,"column":23}},"loc":{"start":{"line":294,"column":29},"end":{"line":296,"column":5}},"line":294},"43":{"name":"(anonymous_43)","decl":{"start":{"line":300,"column":15},"end":{"line":300,"column":16}},"loc":{"start":{"line":300,"column":27},"end":{"line":328,"column":3}},"line":300},"44":{"name":"_callee10","decl":{"start":{"line":301,"column":88},"end":{"line":301,"column":97}},"loc":{"start":{"line":301,"column":104},"end":{"line":321,"column":5}},"line":301},"45":{"name":"_callee10$","decl":{"start":{"line":303,"column":46},"end":{"line":303,"column":56}},"loc":{"start":{"line":303,"column":69},"end":{"line":320,"column":7}},"line":303},"46":{"name":"addLogEntry","decl":{"start":{"line":323,"column":13},"end":{"line":323,"column":24}},"loc":{"start":{"line":323,"column":30},"end":{"line":325,"column":5}},"line":323},"47":{"name":"(anonymous_47)","decl":{"start":{"line":329,"column":29},"end":{"line":329,"column":30}},"loc":{"start":{"line":329,"column":41},"end":{"line":357,"column":3}},"line":329},"48":{"name":"_callee11","decl":{"start":{"line":330,"column":102},"end":{"line":330,"column":111}},"loc":{"start":{"line":330,"column":118},"end":{"line":350,"column":5}},"line":330},"49":{"name":"_callee11$","decl":{"start":{"line":332,"column":46},"end":{"line":332,"column":56}},"loc":{"start":{"line":332,"column":69},"end":{"line":349,"column":7}},"line":332},"50":{"name":"updateLogPositionAndPayed","decl":{"start":{"line":352,"column":13},"end":{"line":352,"column":38}},"loc":{"start":{"line":352,"column":44},"end":{"line":354,"column":5}},"line":352},"51":{"name":"(anonymous_51)","decl":{"start":{"line":358,"column":21},"end":{"line":358,"column":22}},"loc":{"start":{"line":358,"column":33},"end":{"line":386,"column":3}},"line":358},"52":{"name":"_callee12","decl":{"start":{"line":359,"column":94},"end":{"line":359,"column":103}},"loc":{"start":{"line":359,"column":110},"end":{"line":379,"column":5}},"line":359},"53":{"name":"_callee12$","decl":{"start":{"line":361,"column":46},"end":{"line":361,"column":56}},"loc":{"start":{"line":361,"column":69},"end":{"line":378,"column":7}},"line":361},"54":{"name":"updateLogPosition","decl":{"start":{"line":381,"column":13},"end":{"line":381,"column":30}},"loc":{"start":{"line":381,"column":37},"end":{"line":383,"column":5}},"line":381},"55":{"name":"(anonymous_55)","decl":{"start":{"line":387,"column":18},"end":{"line":387,"column":19}},"loc":{"start":{"line":387,"column":30},"end":{"line":415,"column":3}},"line":387},"56":{"name":"_callee13","decl":{"start":{"line":388,"column":91},"end":{"line":388,"column":100}},"loc":{"start":{"line":388,"column":107},"end":{"line":408,"column":5}},"line":388},"57":{"name":"_callee13$","decl":{"start":{"line":390,"column":46},"end":{"line":390,"column":56}},"loc":{"start":{"line":390,"column":69},"end":{"line":407,"column":7}},"line":390},"58":{"name":"updateLogPayed","decl":{"start":{"line":410,"column":13},"end":{"line":410,"column":27}},"loc":{"start":{"line":410,"column":34},"end":{"line":412,"column":5}},"line":410}},"branchMap":{"0":{"loc":{"start":{"line":12,"column":46},"end":{"line":12,"column":94}},"type":"cond-expr","locations":[{"start":{"line":12,"column":70},"end":{"line":12,"column":73}},{"start":{"line":12,"column":76},"end":{"line":12,"column":94}}],"line":12},"1":{"loc":{"start":{"line":12,"column":46},"end":{"line":12,"column":67}},"type":"binary-expr","locations":[{"start":{"line":12,"column":46},"end":{"line":12,"column":49}},{"start":{"line":12,"column":53},"end":{"line":12,"column":67}}],"line":12},"2":{"loc":{"start":{"line":14,"column":176},"end":{"line":14,"column":263}},"type":"if","locations":[{"start":{"line":14,"column":176},"end":{"line":14,"column":263}},{"start":{"line":14,"column":176},"end":{"line":14,"column":263}}],"line":14},"3":{"loc":{"start":{"line":36,"column":10},"end":{"line":57,"column":11}},"type":"switch","locations":[{"start":{"line":37,"column":12},"end":{"line":48,"column":17}},{"start":{"line":50,"column":12},"end":{"line":52,"column":62}},{"start":{"line":54,"column":12},"end":{"line":54,"column":19}},{"start":{"line":55,"column":12},"end":{"line":56,"column":37}}],"line":36},"4":{"loc":{"start":{"line":73,"column":10},"end":{"line":86,"column":11}},"type":"switch","locations":[{"start":{"line":74,"column":12},"end":{"line":77,"column":49}},{"start":{"line":79,"column":12},"end":{"line":81,"column":59}},{"start":{"line":83,"column":12},"end":{"line":83,"column":19}},{"start":{"line":84,"column":12},"end":{"line":85,"column":38}}],"line":73},"5":{"loc":{"start":{"line":102,"column":10},"end":{"line":115,"column":11}},"type":"switch","locations":[{"start":{"line":103,"column":12},"end":{"line":106,"column":49}},{"start":{"line":108,"column":12},"end":{"line":110,"column":63}},{"start":{"line":112,"column":12},"end":{"line":112,"column":19}},{"start":{"line":113,"column":12},"end":{"line":114,"column":38}}],"line":102},"6":{"loc":{"start":{"line":131,"column":10},"end":{"line":144,"column":11}},"type":"switch","locations":[{"start":{"line":132,"column":12},"end":{"line":135,"column":49}},{"start":{"line":137,"column":12},"end":{"line":139,"column":63}},{"start":{"line":141,"column":12},"end":{"line":141,"column":19}},{"start":{"line":142,"column":12},"end":{"line":143,"column":38}}],"line":131},"7":{"loc":{"start":{"line":160,"column":10},"end":{"line":173,"column":11}},"type":"switch","locations":[{"start":{"line":161,"column":12},"end":{"line":164,"column":49}},{"start":{"line":166,"column":12},"end":{"line":168,"column":66}},{"start":{"line":170,"column":12},"end":{"line":170,"column":19}},{"start":{"line":171,"column":12},"end":{"line":172,"column":38}}],"line":160},"8":{"loc":{"start":{"line":189,"column":10},"end":{"line":202,"column":11}},"type":"switch","locations":[{"start":{"line":190,"column":12},"end":{"line":193,"column":49}},{"start":{"line":195,"column":12},"end":{"line":197,"column":69}},{"start":{"line":199,"column":12},"end":{"line":199,"column":19}},{"start":{"line":200,"column":12},"end":{"line":201,"column":38}}],"line":189},"9":{"loc":{"start":{"line":191,"column":98},"end":{"line":191,"column":146}},"type":"binary-expr","locations":[{"start":{"line":191,"column":98},"end":{"line":191,"column":108}},{"start":{"line":191,"column":112},"end":{"line":191,"column":146}}],"line":191},"10":{"loc":{"start":{"line":191,"column":193},"end":{"line":191,"column":249}},"type":"binary-expr","locations":[{"start":{"line":191,"column":193},"end":{"line":191,"column":207}},{"start":{"line":191,"column":211},"end":{"line":191,"column":249}}],"line":191},"11":{"loc":{"start":{"line":191,"column":295},"end":{"line":191,"column":349}},"type":"binary-expr","locations":[{"start":{"line":191,"column":295},"end":{"line":191,"column":308}},{"start":{"line":191,"column":312},"end":{"line":191,"column":349}}],"line":191},"12":{"loc":{"start":{"line":191,"column":392},"end":{"line":191,"column":444}},"type":"binary-expr","locations":[{"start":{"line":191,"column":392},"end":{"line":191,"column":404}},{"start":{"line":191,"column":408},"end":{"line":191,"column":444}}],"line":191},"13":{"loc":{"start":{"line":191,"column":493},"end":{"line":191,"column":557}},"type":"binary-expr","locations":[{"start":{"line":191,"column":493},"end":{"line":191,"column":511}},{"start":{"line":191,"column":515},"end":{"line":191,"column":557}}],"line":191},"14":{"loc":{"start":{"line":218,"column":10},"end":{"line":231,"column":11}},"type":"switch","locations":[{"start":{"line":219,"column":12},"end":{"line":222,"column":49}},{"start":{"line":224,"column":12},"end":{"line":226,"column":61}},{"start":{"line":228,"column":12},"end":{"line":228,"column":19}},{"start":{"line":229,"column":12},"end":{"line":230,"column":38}}],"line":218},"15":{"loc":{"start":{"line":247,"column":10},"end":{"line":260,"column":11}},"type":"switch","locations":[{"start":{"line":248,"column":12},"end":{"line":251,"column":49}},{"start":{"line":253,"column":12},"end":{"line":255,"column":59}},{"start":{"line":257,"column":12},"end":{"line":257,"column":19}},{"start":{"line":258,"column":12},"end":{"line":259,"column":38}}],"line":247},"16":{"loc":{"start":{"line":276,"column":10},"end":{"line":289,"column":11}},"type":"switch","locations":[{"start":{"line":277,"column":12},"end":{"line":280,"column":49}},{"start":{"line":282,"column":12},"end":{"line":284,"column":65}},{"start":{"line":286,"column":12},"end":{"line":286,"column":19}},{"start":{"line":287,"column":12},"end":{"line":288,"column":38}}],"line":276},"17":{"loc":{"start":{"line":305,"column":10},"end":{"line":318,"column":11}},"type":"switch","locations":[{"start":{"line":306,"column":12},"end":{"line":309,"column":49}},{"start":{"line":311,"column":12},"end":{"line":313,"column":71}},{"start":{"line":315,"column":12},"end":{"line":315,"column":19}},{"start":{"line":316,"column":12},"end":{"line":317,"column":39}}],"line":305},"18":{"loc":{"start":{"line":334,"column":10},"end":{"line":347,"column":11}},"type":"switch","locations":[{"start":{"line":335,"column":12},"end":{"line":338,"column":49}},{"start":{"line":340,"column":12},"end":{"line":342,"column":68}},{"start":{"line":344,"column":12},"end":{"line":344,"column":19}},{"start":{"line":345,"column":12},"end":{"line":346,"column":39}}],"line":334},"19":{"loc":{"start":{"line":363,"column":10},"end":{"line":376,"column":11}},"type":"switch","locations":[{"start":{"line":364,"column":12},"end":{"line":367,"column":49}},{"start":{"line":369,"column":12},"end":{"line":371,"column":68}},{"start":{"line":373,"column":12},"end":{"line":373,"column":19}},{"start":{"line":374,"column":12},"end":{"line":375,"column":39}}],"line":363},"20":{"loc":{"start":{"line":392,"column":10},"end":{"line":405,"column":11}},"type":"switch","locations":[{"start":{"line":393,"column":12},"end":{"line":396,"column":49}},{"start":{"line":398,"column":12},"end":{"line":400,"column":68}},{"start":{"line":402,"column":12},"end":{"line":402,"column":19}},{"start":{"line":403,"column":12},"end":{"line":404,"column":39}}],"line":392}},"s":{"0":1,"1":1,"2":1,"3":1,"4":2,"5":24,"6":24,"7":24,"8":0,"9":0,"10":24,"11":12,"12":12,"13":13,"14":12,"15":12,"16":12,"17":12,"18":24,"19":0,"20":12,"21":1,"22":1,"23":1,"24":0,"25":1,"26":1,"27":1,"28":1,"29":0,"30":0,"31":0,"32":0,"33":0,"34":0,"35":0,"36":0,"37":0,"38":1,"39":1,"40":1,"41":3,"42":3,"43":1,"44":1,"45":1,"46":1,"47":1,"48":1,"49":1,"50":1,"51":1,"52":1,"53":3,"54":3,"55":1,"56":1,"57":1,"58":1,"59":1,"60":1,"61":1,"62":1,"63":1,"64":1,"65":3,"66":3,"67":1,"68":1,"69":1,"70":1,"71":1,"72":1,"73":1,"74":1,"75":1,"76":1,"77":3,"78":3,"79":1,"80":1,"81":1,"82":1,"83":1,"84":1,"85":1,"86":1,"87":1,"88":1,"89":3,"90":3,"91":1,"92":1,"93":1,"94":1,"95":1,"96":1,"97":1,"98":1,"99":1,"100":1,"101":3,"102":3,"103":1,"104":1,"105":1,"106":1,"107":1,"108":1,"109":1,"110":1,"111":1,"112":1,"113":3,"114":3,"115":1,"116":1,"117":1,"118":1,"119":1,"120":1,"121":1,"122":1,"123":1,"124":1,"125":3,"126":3,"127":1,"128":1,"129":1,"130":1,"131":1,"132":1,"133":1,"134":1,"135":1,"136":1,"137":3,"138":3,"139":1,"140":1,"141":1,"142":1,"143":1,"144":1,"145":1,"146":1,"147":1,"148":1,"149":3,"150":3,"151":1,"152":1,"153":1,"154":1,"155":1,"156":1,"157":1,"158":1,"159":1,"160":1,"161":3,"162":3,"163":1,"164":1,"165":1,"166":1,"167":1,"168":1,"169":1,"170":1,"171":1,"172":1,"173":3,"174":3,"175":1,"176":1,"177":1,"178":1,"179":1,"180":1,"181":1,"182":1,"183":1,"184":1},"f":{"0":2,"1":24,"2":13,"3":12,"4":12,"5":24,"6":0,"7":1,"8":0,"9":0,"10":0,"11":1,"12":1,"13":3,"14":1,"15":1,"16":1,"17":3,"18":1,"19":1,"20":1,"21":3,"22":1,"23":1,"24":1,"25":3,"26":1,"27":1,"28":1,"29":3,"30":1,"31":1,"32":1,"33":3,"34":1,"35":1,"36":1,"37":3,"38":1,"39":1,"40":1,"41":3,"42":1,"43":1,"44":1,"45":3,"46":1,"47":1,"48":1,"49":3,"50":1,"51":1,"52":1,"53":3,"54":1,"55":1,"56":1,"57":3,"58":1},"b":{"0":[1,1],"1":[2,2],"2":[12,12],"3":[0,0,0,0],"4":[1,1,0,1],"5":[1,1,0,1],"6":[1,1,0,1],"7":[1,1,0,1],"8":[1,1,0,1],"9":[1,0],"10":[1,0],"11":[1,0],"12":[1,1],"13":[1,1],"14":[1,1,0,1],"15":[1,1,0,1],"16":[1,1,0,1],"17":[1,1,0,1],"18":[1,1,0,1],"19":[1,1,0,1],"20":[1,1,0,1]},"inputSourceMap":{"version":3,"sources":["db.js"],"names":["axios","require","config","e","console","log","token","dbToken","dbURL","dbModel","callDatabase","query","method","url","data","headers","jwt","res","getCity","id","city","getCities","cities","getUser","email","user","customer","addUser","firstname","lastname","addCustomer","updateUser","userModel","currentUser","balance","paymentmethod","updateCustomer","getBikes","bikes","getBike","bike","updateBike","status","addLogEntry","scooterId","userId","xcoord","ycoord","logEntery","addHistory","updateLogPositionAndPayed","payed","updateHistory","updateLogPosition","updateLogPayed"],"mappings":";;;;;;;AACA;;AAaA;;;;;;;;AAdA,IAAMA,KAAK,GAAGC,OAAO,CAAC,OAAD,CAArB;;AAGA,IAAIC,MAAJ;;AAEA,IAAI;AACAA,EAAAA,MAAM,GAAGD,OAAO,CAAC,kBAAD,CAAhB;AACH,CAFD,CAEE,OAAOE,CAAP,EAAU;AACRC,EAAAA,OAAO,CAACC,GAAR,CAAYF,CAAZ;AACH;;AAED,IAAIG,KAAK,GAAGJ,MAAM,CAACK,OAAnB;AACA,IAAIC,KAAK,GAAG,+BAAZ;AAIA,IAAIC,OAAO,GAAG;AACVC,EAAAA,YAAY;AAAA,gFAAE,iBAAOC,KAAP;AAAA;AAAA;AAAA;AAAA;AAAA;AAAA;AAAA,qBACMX,KAAK,CAAC;AAClBY,gBAAAA,MAAM,EAAE,MADU;AAElBC,gBAAAA,GAAG,EAAEL,KAFa;AAGlBM,gBAAAA,IAAI,EAAE;AACFH,kBAAAA,KAAK,EAAEA;AADL,iBAHY;AAMlBI,gBAAAA,OAAO,EAAE;AACLC,kBAAAA,GAAG,EAAEV;AADA;AANS,eAAD,CADX;;AAAA;AACNW,cAAAA,GADM;AAAA,+CAYHA,GAAG,CAACH,IAAJ,CAASA,IAZN;;AAAA;AAAA;AAAA;AAAA;AAAA;AAAA;AAAA,KAAF;;AAAA;AAAA;AAAA;;AAAA;AAAA,KADF;AAeVI,EAAAA,OAAO;AAAA,2EAAE,kBAAOC,EAAP;AAAA;AAAA;AAAA;AAAA;AAAA;AACDR,cAAAA,KADC,sCAEWQ,EAFX;AAAA;AAAA,qBAqBYV,OAAO,CAACC,YAAR,CAAqBC,KAArB,CArBZ;;AAAA;AAqBDS,cAAAA,IArBC;AAAA,gDAuBEA,IAAI,CAACA,IAvBP;;AAAA;AAAA;AAAA;AAAA;AAAA;AAAA;AAAA,KAAF;;AAAA;AAAA;AAAA;;AAAA;AAAA,KAfG;AAwCVC,EAAAA,SAAS;AAAA,6EAAE;AAAA;AAAA;AAAA;AAAA;AAAA;AACHV,cAAAA,KADG;AAAA;AAAA,qBAqBYF,OAAO,CAACC,YAAR,CAAqBC,KAArB,CArBZ;;AAAA;AAqBHW,cAAAA,MArBG;AAAA,gDAuBAA,MAAM,CAACA,MAvBP;;AAAA;AAAA;AAAA;AAAA;AAAA;AAAA;AAAA,KAAF;;AAAA;AAAA;AAAA;;AAAA;AAAA,KAxCC;AAiEVC,EAAAA,OAAO;AAAA,2EAAE,kBAAOC,KAAP;AAAA;AAAA;AAAA;AAAA;AAAA;AACDb,cAAAA,KADC,8CAEkBa,KAFlB;AAAA;AAAA,qBA2BYf,OAAO,CAACC,YAAR,CAAqBC,KAArB,CA3BZ;;AAAA;AA2BDc,cAAAA,IA3BC;AAAA,gDA6BEA,IAAI,CAACC,QA7BP;;AAAA;AAAA;AAAA;AAAA;AAAA;AAAA;AAAA,KAAF;;AAAA;AAAA;AAAA;;AAAA;AAAA,KAjEG;AAgGVC,EAAAA,OAAO;AAAA,2EAAE,kBAAOb,IAAP;AAAA;AAAA;AAAA;AAAA;AAAA;AACDH,cAAAA,KADC,4EAGaG,IAAI,CAACU,KAHlB,+CAIiBV,IAAI,CAACc,SAJtB,8CAKgBd,IAAI,CAACe,QALrB;AAAA;AAAA,qBAkBYpB,OAAO,CAACC,YAAR,CAAqBC,KAArB,CAlBZ;;AAAA;AAkBDc,cAAAA,IAlBC;AAAA,gDAoBEA,IAAI,CAACK,WApBP;;AAAA;AAAA;AAAA;AAAA;AAAA;AAAA;AAAA,KAAF;;AAAA;AAAA;AAAA;;AAAA;AAAA,KAhGG;AAsHVC,EAAAA,UAAU;AAAA,8EAAE,kBAAOjB,IAAP;AAAA;AAAA;AAAA;AAAA;AAAA;AACJH,cAAAA,KADI,+EAGUG,IAAI,CAACU,KAAL,IAAcQ,iBAAUC,WAAV,CAAsBT,KAH9C,+CAIcV,IAAI,CAACc,SAAL,IAAkBI,iBAAUC,WAAV,CAAsBL,SAJtD,8CAKad,IAAI,CAACe,QAAL,IAAiBG,iBAAUC,WAAV,CAAsBJ,QALpD,2CAMWf,IAAI,CAACoB,OAAL,IAAgBF,iBAAUC,WAAV,CAAsBC,OANjD,iDAOkBpB,IAAI,CAACqB,aAAL,IAAsBH,iBAAUC,WAAV,CAAsBE,aAP9D,4FASiBH,iBAAUC,WAAV,CAAsBT,KATvC;AAAA;AAAA,qBAmBSf,OAAO,CAACC,YAAR,CAAqBC,KAArB,CAnBT;;AAAA;AAmBJc,cAAAA,IAnBI;AAAA,gDAqBDA,IAAI,CAACW,cArBJ;;AAAA;AAAA;AAAA;AAAA;AAAA;AAAA;AAAA,KAAF;;AAAA;AAAA;AAAA;;AAAA;AAAA,KAtHA;AA6IVC,EAAAA,QAAQ;AAAA,4EAAE;AAAA;AAAA;AAAA;AAAA;AAAA;AACF1B,cAAAA,KADE;AAAA;AAAA,qBAYYF,OAAO,CAACC,YAAR,CAAqBC,KAArB,CAZZ;;AAAA;AAYF2B,cAAAA,KAZE;AAAA,gDAcCA,KAAK,CAACA,KAdP;;AAAA;AAAA;AAAA;AAAA;AAAA;AAAA;AAAA,KAAF;;AAAA;AAAA;AAAA;;AAAA;AAAA,KA7IE;AA6JVC,EAAAA,OAAO;AAAA,2EAAE,kBAAOpB,EAAP;AAAA;AAAA;AAAA;AAAA;AAAA;AACDR,cAAAA,KADC,sCAEWQ,EAFX;AAAA;AAAA,qBAaYV,OAAO,CAACC,YAAR,CAAqBC,KAArB,CAbZ;;AAAA;AAaD6B,cAAAA,IAbC;AAAA,gDAeEA,IAAI,CAACA,IAfP;;AAAA;AAAA;AAAA;AAAA;AAAA;AAAA;AAAA,KAAF;;AAAA;AAAA;AAAA;;AAAA;AAAA,KA7JG;AA8KVC,EAAAA,UAAU;AAAA,8EAAE,kBAAO3B,IAAP;AAAA;AAAA;AAAA;AAAA;AAAA;AACJH,cAAAA,KADI,8EAGaG,IAAI,CAAC4B,MAHlB,wFAKiB5B,IAAI,CAACK,EALtB;AAAA;AAAA,qBAgBSV,OAAO,CAACC,YAAR,CAAqBC,KAArB,CAhBT;;AAAA;AAgBJ6B,cAAAA,IAhBI;AAAA,gDAkBDA,IAAI,CAACC,UAlBJ;;AAAA;AAAA;AAAA;AAAA;AAAA;AAAA;AAAA,KAAF;;AAAA;AAAA;AAAA;;AAAA;AAAA,KA9KA;AAkMVE,EAAAA,WAAW;AAAA,+EAAE,mBAAO7B,IAAP;AAAA;AAAA;AAAA;AAAA;AAAA;AACLH,cAAAA,KADK,2EAGUG,IAAI,CAAC8B,SAHf,4CAIc9B,IAAI,CAAC+B,MAJnB,6CAKe/B,IAAI,CAACgC,MALpB,6CAMehC,IAAI,CAACiC,MANpB,wCAOUjC,IAAI,CAACM,IAPf;AAAA;AAAA,qBAyCaX,OAAO,CAACC,YAAR,CAAqBC,KAArB,CAzCb;;AAAA;AAyCLqC,cAAAA,SAzCK;AAAA,iDA2CFA,SAAS,CAACC,UA3CR;;AAAA;AAAA;AAAA;AAAA;AAAA;AAAA;AAAA,KAAF;;AAAA;AAAA;AAAA;;AAAA;AAAA,KAlMD;AA+OVC,EAAAA,yBAAyB;AAAA,6FAAE,mBAAOpC,IAAP;AAAA;AAAA;AAAA;AAAA;AAAA;AACnBH,cAAAA,KADmB,iFAGFG,IAAI,CAACgC,MAHH,2CAIFhC,IAAI,CAACiC,MAJH,uCAKNjC,IAAI,CAACqC,KALC,wFAOErC,IAAI,CAACK,EAPP;AAAA;AAAA,qBAyCPV,OAAO,CAACC,YAAR,CAAqBC,KAArB,CAzCO;;AAAA;AAyCnBN,cAAAA,GAzCmB;AAAA,iDA2ChBA,GAAG,CAAC+C,aA3CY;;AAAA;AAAA;AAAA;AAAA;AAAA;AAAA;AAAA,KAAF;;AAAA;AAAA;AAAA;;AAAA;AAAA,KA/Of;AA4RVC,EAAAA,iBAAiB;AAAA,qFAAE,mBAAOvC,IAAP;AAAA;AAAA;AAAA;AAAA;AAAA;AACXH,cAAAA,KADW,iFAGMG,IAAI,CAACgC,MAHX,2CAIMhC,IAAI,CAACiC,MAJX,wFAMUjC,IAAI,CAACK,EANf;AAAA;AAAA,qBAwCCV,OAAO,CAACC,YAAR,CAAqBC,KAArB,CAxCD;;AAAA;AAwCXN,cAAAA,GAxCW;AAAA,iDA0CRA,GAAG,CAAC+C,aA1CI;;AAAA;AAAA;AAAA;AAAA;AAAA;AAAA;AAAA,KAAF;;AAAA;AAAA;AAAA;;AAAA;AAAA,KA5RP;AAwUVE,EAAAA,cAAc;AAAA,kFAAE,mBAAOxC,IAAP;AAAA;AAAA;AAAA;AAAA;AAAA;AACRH,cAAAA,KADQ,6EAGKG,IAAI,CAACqC,KAHV,wFAKarC,IAAI,CAACK,EALlB;AAAA;AAAA,qBAuCIV,OAAO,CAACC,YAAR,CAAqBC,KAArB,CAvCJ;;AAAA;AAuCRN,cAAAA,GAvCQ;AAAA,iDAyCLA,GAAG,CAAC+C,aAzCC;;AAAA;AAAA;AAAA;AAAA;AAAA;AAAA;AAAA,KAAF;;AAAA;AAAA;AAAA;;AAAA;AAAA;AAxUJ,CAAd;eAqXe3C,O","sourceRoot":"C:\\Users\\jeppe\\OneDrive\\Dokument\\skola\\pattern\\client-webbclient\\www\\js\\models\\","sourcesContent":["const axios = require('axios');\nimport m from 'mithril';\n\nlet config;\n\ntry {\n    config = require('./../config.json');\n} catch (e) {\n    console.log(e);\n}\n\nlet token = config.dbToken;\nlet dbURL = 'http://localhost:1337/graphql';\n\nimport userModel from './user';\n\nlet dbModel = {\n    callDatabase: async (query) => {\n        let res = await axios({\n            method: 'post',\n            url: dbURL,\n            data: {\n                query: query\n            },\n            headers: {\n                jwt: token\n            }\n        });\n\n        return res.data.data;\n    },\n    getCity: async (id) => {\n        let query = `{\n            city (id: ${id}) {\n                id,\n                name,\n                startingfee,\n                penaltyfee,\n                fee,\n                discount,\n                bikes {\n                    id,\n                    available,\n                    velocity,\n                    battery,\n                    xcoord,\n                    ycoord,\n                    cityid\n                }\n            }\n        }`;\n\n        let city = await dbModel.callDatabase(query);\n\n        return city.city;\n    },\n    getCities: async () => {\n        let query = `{\n            cities {\n                id,\n                name,\n                startingfee,\n                penaltyfee,\n                fee,\n                discount,\n                bikes {\n                    id,\n                    available,\n                    velocity,\n                    battery,\n                    xcoord,\n                    ycoord,\n                    cityid\n                }\n            }\n        }`;\n\n        let cities = await dbModel.callDatabase(query);\n\n        return cities.cities;\n    },\n    getUser: async (email) => {\n        let query = `{\n            customer(email: \"${email}\") {\n                id,\n                firstname,\n                lastname,\n                email,\n                balance\n                paymentmethod\n                historylogs {\n                    id,\n                    bikeid,\n                    customerid,\n                    starttime,\n                    endtime,\n                    startxcoord,\n                    startycoord,\n                    endxcoord,\n                    endycoord,\n                    startparking,\n                    endparking,\n                    payed,\n                    cityid\n                }\n            }\n        }`;\n\n        let user = await dbModel.callDatabase(query);\n\n        return user.customer;\n    },\n    addUser: async (data) => {\n        let query = `mutation {\n            addCustomer(\n                email: \"${data.email}\",\n                firstname: \"${data.firstname}\",\n                lastname: \"${data.lastname}\",\n                balance: 0,\n                paymentmethod: \"Direct\"\n            ) {\n                id,\n                firstname,\n                lastname,\n                email,\n                balance,\n                paymentmethod\n            }\n        }`;\n\n        let user = await dbModel.callDatabase(query);\n\n        return user.addCustomer;\n    },\n    updateUser: async (data) => {\n        let query = `mutation {\n            updateCustomer(\n                email: \"${data.email || userModel.currentUser.email}\",\n                firstname: \"${data.firstname || userModel.currentUser.firstname}\",\n                lastname: \"${data.lastname || userModel.currentUser.lastname}\",\n                balance: ${data.balance || userModel.currentUser.balance},\n                paymentmethod: \"${data.paymentmethod || userModel.currentUser.paymentmethod}\"\n                columnToMatch: \"email\",\n                valueToMatch: \"${userModel.currentUser.email}\"\n            ) {\n                id,\n                firstname,\n                lastname,\n                email,\n                balance\n            }\n        }`;\n\n        let user = await dbModel.callDatabase(query);\n\n        return user.updateCustomer;\n    },\n    getBikes: async () => {\n        let query = `{\n            bikes {\n                id\n                available\n                velocity\n                battery\n                xcoord\n                ycoord\n            }\n        }`;\n\n        let bikes = await dbModel.callDatabase(query);\n\n        return bikes.bikes;\n    },\n    getBike: async (id) => {\n        let query =  `{\n            bike (id: ${id}) {\n                id,\n                available,\n                velocity,\n                battery,\n                xcoord,\n                ycoord,\n                cityid\n            }\n        }`;\n\n        let bike = await dbModel.callDatabase(query);\n\n        return bike.bike;\n    },\n    updateBike: async (data) => {\n        let query = `mutation {\n            updateBike (\n                available: ${data.status},\n                columnToMatch: \"id\",\n                valueToMatch: \"${data.id}\"\n            ) {\n                id,\n                available,\n                velocity,\n                battery,\n                xcoord,\n                ycoord\n            }\n        }`;\n\n        let bike = await dbModel.callDatabase(query);\n\n        return bike.updateBike;\n    },\n    addLogEntry: async (data) => {\n        let query =  `mutation {\n            addHistory (\n                bikeid: ${ data.scooterId },\n                customerid: ${ data.userId },\n                startxcoord: ${ data.xcoord },\n                startycoord: ${ data.ycoord },\n                cityid: ${ data.city }\n            ) {\n                id,\n                bikeid,\n                customerid,\n                starttime,\n                endtime,\n                startxcoord,\n                startycoord,\n                endxcoord,\n                endycoord,\n                startparking,\n                endparking,\n                payed,\n                cityid\n                bike {\n                    id,\n                    available,\n                    velocity,\n                    battery,\n                    xcoord,\n                    ycoord\n                },\n                customer {\n                    id,\n                    firstname,\n                    lastname,\n                    email,\n                    balance,\n                    paymentmethod\n                }\n            }\n        }`;\n\n        let logEntery = await dbModel.callDatabase(query);\n\n        return logEntery.addHistory;\n    },\n    updateLogPositionAndPayed: async (data) => {\n        let query = `mutation {\n            updateHistory (\n                endxcoord: ${data.xcoord},\n                endycoord: ${data.ycoord},\n                payed: ${data.payed},\n                columnToMatch: \"id\",\n                valueToMatch: \"${data.id}\"\n            ) {\n                id,\n                bikeid,\n                customerid,\n                starttime,\n                endtime,\n                startxcoord,\n                startycoord,\n                endxcoord,\n                endycoord,\n                payed,\n                cityid,\n                startparking,\n                endparking,\n                bike {\n                    id,\n                    available,\n                    velocity,\n                    battery,\n                    xcoord,\n                    ycoord\n                },\n                customer {\n                    id,\n                    firstname,\n                    lastname,\n                    email,\n                    balance,\n                    paymentmethod\n                }\n            }\n        }`;\n\n        let log = await dbModel.callDatabase(query);\n\n        return log.updateHistory;\n    },\n    updateLogPosition: async (data) => {\n        let query = `mutation {\n            updateHistory (\n                endxcoord: ${data.xcoord},\n                endycoord: ${data.ycoord},\n                columnToMatch: \"id\",\n                valueToMatch: \"${data.id}\"\n            ) {\n                id,\n                bikeid,\n                customerid,\n                starttime,\n                endtime,\n                startxcoord,\n                startycoord,\n                endxcoord,\n                endycoord,\n                payed,\n                cityid,\n                startparking,\n                endparking,\n                bike {\n                    id,\n                    available,\n                    velocity,\n                    battery,\n                    xcoord,\n                    ycoord\n                },\n                customer {\n                    id,\n                    firstname,\n                    lastname,\n                    email,\n                    balance,\n                    paymentmethod\n                }\n            }\n        }`;\n\n        let log = await dbModel.callDatabase(query);\n\n        return log.updateHistory;\n    },\n    updateLogPayed: async (data) => {\n        let query = `mutation {\n            updateHistory (\n                payed: ${data.payed},\n                columnToMatch: \"id\",\n                valueToMatch: \"${data.id}\"\n            ) {\n                id,\n                bikeid,\n                customerid,\n                starttime,\n                endtime,\n                startxcoord,\n                startycoord,\n                endxcoord,\n                endycoord,\n                payed,\n                cityid,\n                startparking,\n                endparking,\n                bike {\n                    id,\n                    available,\n                    velocity,\n                    battery,\n                    xcoord,\n                    ycoord\n                },\n                customer {\n                    id,\n                    firstname,\n                    lastname,\n                    email,\n                    balance,\n                    paymentmethod\n                }\n            }\n        }`;\n\n        let log = await dbModel.callDatabase(query);\n\n        return log.updateHistory;\n    }\n};\n\nexport default dbModel;\n"]},"_coverageSchema":"1a1c01bbd47fc00a2c39e90264f33305004495a9","hash":"0719793e6da677c747239a203e1edc9512fda4ba","contentHash":"5772ba62e50be164369163798c5c43baa3e081f7098590988ecfdab33edf32db"},"C:\\Users\\jeppe\\OneDrive\\Dokument\\skola\\pattern\\client-webbclient\\www\\js\\models\\user.js":{"path":"C:\\Users\\jeppe\\OneDrive\\Dokument\\skola\\pattern\\client-webbclient\\www\\js\\models\\user.js","statementMap":{"0":{"start":{"line":3,"column":0},"end":{"line":5,"column":3}},"1":{"start":{"line":6,"column":0},"end":{"line":6,"column":28}},"2":{"start":{"line":8,"column":15},"end":{"line":8,"column":57}},"3":{"start":{"line":10,"column":10},"end":{"line":10,"column":49}},"4":{"start":{"line":12,"column":12},"end":{"line":12,"column":53}},"5":{"start":{"line":14,"column":17},"end":{"line":14,"column":63}},"6":{"start":{"line":16,"column":39},"end":{"line":16,"column":95}},"7":{"start":{"line":18,"column":77},"end":{"line":18,"column":175}},"8":{"start":{"line":18,"column":94},"end":{"line":18,"column":107}},"9":{"start":{"line":18,"column":121},"end":{"line":18,"column":131}},"10":{"start":{"line":18,"column":151},"end":{"line":18,"column":165}},"11":{"start":{"line":18,"column":166},"end":{"line":18,"column":173}},"12":{"start":{"line":18,"column":176},"end":{"line":18,"column":263}},"13":{"start":{"line":18,"column":193},"end":{"line":18,"column":208}},"14":{"start":{"line":18,"column":218},"end":{"line":18,"column":261}},"15":{"start":{"line":20,"column":33},"end":{"line":20,"column":387}},"16":{"start":{"line":20,"column":65},"end":{"line":20,"column":69}},"17":{"start":{"line":20,"column":78},"end":{"line":20,"column":87}},"18":{"start":{"line":20,"column":89},"end":{"line":20,"column":384}},"19":{"start":{"line":20,"column":147},"end":{"line":20,"column":167}},"20":{"start":{"line":20,"column":193},"end":{"line":20,"column":264}},"21":{"start":{"line":20,"column":290},"end":{"line":20,"column":360}},"22":{"start":{"line":20,"column":363},"end":{"line":20,"column":380}},"23":{"start":{"line":22,"column":12},"end":{"line":22,"column":28}},"24":{"start":{"line":24,"column":12},"end":{"line":24,"column":43}},"25":{"start":{"line":25,"column":16},"end":{"line":214,"column":1}},"26":{"start":{"line":33,"column":4},"end":{"line":33,"column":88}},"27":{"start":{"line":36,"column":31},"end":{"line":65,"column":7}},"28":{"start":{"line":38,"column":6},"end":{"line":64,"column":18}},"29":{"start":{"line":39,"column":8},"end":{"line":63,"column":9}},"30":{"start":{"line":40,"column":10},"end":{"line":62,"column":11}},"31":{"start":{"line":42,"column":14},"end":{"line":42,"column":32}},"32":{"start":{"line":43,"column":14},"end":{"line":45,"column":17}},"33":{"start":{"line":48,"column":14},"end":{"line":48,"column":35}},"34":{"start":{"line":49,"column":14},"end":{"line":49,"column":32}},"35":{"start":{"line":50,"column":14},"end":{"line":50,"column":73}},"36":{"start":{"line":53,"column":14},"end":{"line":53,"column":52}},"37":{"start":{"line":54,"column":14},"end":{"line":54,"column":46}},"38":{"start":{"line":55,"column":14},"end":{"line":55,"column":57}},"39":{"start":{"line":57,"column":14},"end":{"line":57,"column":43}},"40":{"start":{"line":61,"column":14},"end":{"line":61,"
[...]
umn":14},"end":{"line":87,"column":23}},"44":{"start":{"line":86,"column":16},"end":{"line":86,"column":55}},"45":{"start":{"line":88,"column":14},"end":{"line":88,"column":33}},"46":{"start":{"line":89,"column":14},"end":{"line":89,"column":20}},"47":{"start":{"line":92,"column":14},"end":{"line":92,"column":93}},"48":{"start":{"line":94,"column":14},"end":{"line":96,"column":15}},"49":{"start":{"line":95,"column":16},"end":{"line":95,"column":72}},"50":{"start":{"line":98,"column":14},"end":{"line":106,"column":16}},"51":{"start":{"line":100,"column":18},"end":{"line":104,"column":19}},"52":{"start":{"line":101,"column":20},"end":{"line":101,"column":649}},"53":{"start":{"line":103,"column":20},"end":{"line":103,"column":363}},"54":{"start":{"line":107,"column":14},"end":{"line":109,"column":23}},"55":{"start":{"line":108,"column":16},"end":{"line":108,"column":46}},"56":{"start":{"line":113,"column":14},"end":{"line":113,"column":37}},"57":{"start":{"line":120,"column":6},"end":{"line":120,"column":46}},"58":{"start":{"line":123,"column":4},"end":{"line":123,"column":20}},"59":{"start":{"line":126,"column":15},"end":{"line":175,"column":7}},"60":{"start":{"line":128,"column":6},"end":{"line":174,"column":19}},"61":{"start":{"line":129,"column":8},"end":{"line":173,"column":9}},"62":{"start":{"line":130,"column":10},"end":{"line":172,"column":11}},"63":{"start":{"line":132,"column":14},"end":{"line":132,"column":29}},"64":{"start":{"line":133,"column":14},"end":{"line":133,"column":33}},"65":{"start":{"line":134,"column":14},"end":{"line":158,"column":19}},"66":{"start":{"line":135,"column":27},"end":{"line":153,"column":19}},"67":{"start":{"line":136,"column":18},"end":{"line":152,"column":31}},"68":{"start":{"line":137,"column":20},"end":{"line":151,"column":21}},"69":{"start":{"line":138,"column":22},"end":{"line":150,"column":23}},"70":{"start":{"line":140,"column":26},"end":{"line":140,"column":51}},"71":{"start":{"line":141,"column":26},"end":{"line":141,"column":45}},"72":{"start":{"line":142,"column":26},"end":{"line":145,"column":29}},"73":{"start":{"line":149,"column":26},"end":{"line":149,"column":50}},"74":{"start":{"line":155,"column":16},"end":{"line":157,"column":18}},"75":{"start":{"line":156,"column":18},"end":{"line":156,"column":53}},"76":{"start":{"line":161,"column":14},"end":{"line":161,"column":80}},"77":{"start":{"line":163,"column":14},"end":{"line":163,"column":65}},"78":{"start":{"line":165,"column":14},"end":{"line":167,"column":23}},"79":{"start":{"line":166,"column":16},"end":{"line":166,"column":58}},"80":{"start":{"line":171,"column":14},"end":{"line":171,"column":38}},"81":{"start":{"line":178,"column":6},"end":{"line":178,"column":41}},"82":{"start":{"line":181,"column":4},"end":{"line":181,"column":15}},"83":{"start":{"line":184,"column":15},"end":{"line":184,"column":24}},"84":{"start":{"line":185,"column":0},"end":{"line":185,"column":30}}},"fnMap":{"0":{"name":"_interopRequireDefault","decl":{"start":{"line":14,"column":9},"end":{"line":14,"column":31}},"loc":{"start":{"line":14,"column":37},"end":{"line":14,"column":97}},"line":14},"1":{"name":"asyncGeneratorStep","decl":{"start":{"line":16,"column":9},"end":{"line":16,"column":27}},"loc":{"start":{"line":16,"column":75},"end":{"line":16,"column":265}},"line":16},"2":{"name":"_asyncToGenerator","decl":{"start":{"line":18,"column":9},"end":{"line":18,"column":26}},"loc":{"start":{"line":18,"column":31},"end":{"line":18,"column":389}},"line":18},"3":{"name":"(anonymous_3)","decl":{"start":{"line":18,"column":40},"end":{"line":18,"column":41}},"loc":{"start":{"line":18,"column":52},"end":{"line":18,"column":386}},"line":18},"4":{"name":"(anonymous_4)","decl":{"start":{"line":18,"column":108},"end":{"line":18,"column":109}},"loc":{"start":{"line":18,"column":135},"end":{"line":18,"column":382}},"line":18},"5":{"name":"_next","decl":{"start":{"line":18,"column":178},"end":{"line":18,"column":183}},"loc":{"start":{"line":18,"column":191},"end":{"line":18,"column":266}},"line":18},"6":{"name":"_throw","decl":{"start":{"line":18,"column":276},"end":{"line":18,"column":282}},"loc":{"start":{"line":18,"column":288},"end":{"line":18,"column":362}},"line":18},"7":{"name":"(anonymous_7)","decl":{"start":{"line":49,"column":12},"end":{"line":49,"column":13}},"loc":{"start":{"line":49,"column":24},"end":{"line":124,"column":3}},"line":49},"8":{"name":"_callee","decl":{"start":{"line":50,"column":85},"end":{"line":50,"column":92}},"loc":{"start":{"line":50,"column":95},"end":{"line":117,"column":5}},"line":50},"9":{"name":"_callee$","decl":{"start":{"line":52,"column":46},"end":{"line":52,"column":54}},"loc":{"start":{"line":52,"column":65},"end":{"line":116,"column":7}},"line":52},"10":{"name":"(anonymous_10)","decl":{"start":{"line":85,"column":25},"end":{"line":85,"column":26}},"loc":{"start":{"line":85,"column":37},"end":{"line":87,"column":15}},"line":85},"11":{"name":"view","decl":{"start":{"line":99,"column":31},"end":{"line":99,"column":35}},"loc":{"start":{"line":99,"column":38},"end":{"line":105,"column":17}},"line":99},"12":{"name":"(anonymous_12)","decl":{"start":{"line":107,"column":25},"end":{"line":107,"column":26}},"loc":{"start":{"line":107,"column":37},"end":{"line":109,"column":15}},"line":107},"13":{"name":"transfer","decl":{"start":{"line":119,"column":13},"end":{"line":119,"column":21}},"loc":{"start":{"line":119,"column":24},"end":{"line":121,"column":5}},"line":119},"14":{"name":"(anonymous_14)","decl":{"start":{"line":125,"column":7},"end":{"line":125,"column":8}},"loc":{"start":{"line":125,"column":19},"end":{"line":182,"column":3}},"line":125},"15":{"name":"_callee3","decl":{"start":{"line":126,"column":80},"end":{"line":126,"column":88}},"loc":{"start":{"line":126,"column":98},"end":{"line":175,"column":5}},"line":126},"16":{"name":"_callee3$","decl":{"start":{"line":128,"column":46},"end":{"line":128,"column":55}},"loc":{"start":{"line":128,"column":67},"end":{"line":174,"column":7}},"line":128},"17":{"name":"(anonymous_17)","decl":{"start":{"line":134,"column":47},"end":{"line":134,"column":48}},"loc":{"start":{"line":134,"column":59},"end":{"line":158,"column":15}},"line":134},"18":{"name":"_callee2","decl":{"start":{"line":135,"column":92},"end":{"line":135,"column":100}},"loc":{"start":{"line":135,"column":107},"end":{"line":153,"column":17}},"line":135},"19":{"name":"_callee2$","decl":{"start":{"line":136,"column":58},"end":{"line":136,"column":67}},"loc":{"start":{"line":136,"column":79},"end":{"line":152,"column":19}},"line":136},"20":{"name":"(anonymous_20)","decl":{"start":{"line":155,"column":23},"end":{"line":155,"column":24}},"loc":{"start":{"line":155,"column":38},"end":{"line":157,"column":17}},"line":155},"21":{"name":"(anonymous_21)","decl":{"start":{"line":165,"column":25},"end":{"line":165,"column":26}},"loc":{"start":{"line":165,"column":37},"end":{"line":167,"column":15}},"line":165},"22":{"name":"pay","decl":{"start":{"line":177,"column":13},"end":{"line":177,"column":16}},"loc":{"start":{"line":177,"column":21},"end":{"line":179,"column":5}},"line":177}},"branchMap":{"0":{"loc":{"start":{"line":14,"column":46},"end":{"line":14,"column":94}},"type":"cond-expr","locations":[{"start":{"line":14,"column":70},"end":{"line":14,"column":73}},{"start":{"line":14,"column":76},"end":{"line":14,"column":94}}],"line":14},"1":{"loc":{"start":{"line":14,"column":46},"end":{"line":14,"column":67}},"type":"binary-expr","locations":[{"start":{"line":14,"column":46},"end":{"line":14,"column":49}},{"start":{"line":14,"column":53},"end":{"line":14,"column":67}}],"line":14},"2":{"loc":{"start":{"line":16,"column":176},"end":{"line":16,"column":263}},"type":"if","locations":[{"start":{"line":16,"column":176},"end":{"line":16,"column":263}},{"start":{"line":16,"column":176},"end":{"line":16,"column":263}}],"line":16},"3":{"loc":{"start":{"line":54,"column":10},"end":{"line":114,"column":11}},"type":"switch","locations":[{"start":{"line":55,"column":12},"end":{"line":58,"column":80}},{"start":{"line":60,"column":12},"end":{"line":73,"column":17}},{"start":{"line":75,"column":12},"end":{"line":77,"column":80}},{"start":{"line":79,"column":12},"end":{"line":89,"column":20}},{"start":{"line":91,"column":12},"end":{"line":109,"column":23}},{"start":{"line":111,"column":12},"end":{"line":111,"column":20}},{"start":{"line":112,"column":12},"end":{"line":113,"column":37}}],"line":54},"4":{"loc":{"start":{"line":64,"column":14},"end":{"line":67,"column":15}},"type":"if","locations":[{"start":{"line":64,"column":14},"end":{"line":67,"column":15}},{"start":{"line":64,"column":14},"end":{"line":67,"column":15}}],"line":64},"5":{"loc":{"start":{"line":64,"column":20},"end":{"line":64,"column":128}},"type":"binary-expr","locations":[{"start":{"line":64,"column":20},"end":{"line":64,"column":86}},{"start":{"line":64,"column":90},"end":{"line":64,"column":128}}],"line":64},"6":{"loc":{"start":{"line":94,"column":14},"end":{"line":96,"column":15}},"type":"if","locations":[{"start":{"line":94,"column":14},"end":{"line":96,"column":15}},{"start":{"line":94,"column":14},"end":{"line":96,"column":15}}],"line":94},"7":{"loc":{"start":{"line":100,"column":18},"end":{"line":104,"column":19}},"type":"if","locations":[{"start":{"line":100,"column":18},"end":{"line":104,"column":19}},{"start":{"line":100,"column":18},"end":{"line":104,"column":19}}],"line":100},"8":{"loc":{"start":{"line":101,"column":350},"end":{"line":101,"column":515}},"type":"cond-expr","locations":[{"start":{"line":101,"column":434},"end":{"line":101,"column":435}},{"start":{"line":101,"column":438},"end":{"line":101,"column":515}}],"line":101},"9":{"loc":{"start":{"line":130,"column":10},"end":{"line":172,"column":11}},"type":"switch","locations":[{"start":{"line":131,"column":12},"end":{"line":158,"column":19}},{"start":{"line":160,"column":12},"end":{"line":167,"column":23}},{"start":{"line":169,"column":12},"end":{"line":169,"column":19}},{"start":{"line":170,"column":12},"end":{"line":171,"column":38}}],"line":130},"10":{"loc":{"start":{"line":138,"column":22},"end":{"line":150,"column":23}},"type":"switch","locations":[{"start":{"line":139,"column":24},"end":{"line":145,"column":29}},{"start":{"line":147,"column":24},"end":{"line":147,"column":31}},{"start":{"line":148,"column":24},"end":{"line":149,"column":50}}],"line":138}},"s":{"0":1,"1":1,"2":1,"3":1,"4":1,"5":3,"6":16,"7":16,"8":16,"9":0,"10":0,"11":16,"12":7,"13":9,"14":3,"15":7,"16":7,"17":7,"18":7,"19":16,"20":0,"21":7,"22":1,"23":1,"24":3,"25":8,"26":11,"27":3,"28":3,"29":3,"30":3,"31":3,"32":3,"33":2,"34":2,"35":1,"36":1,"37":1,"38":1,"39":1,"40":1,"41":1,"42":1,"43":1,"44":0,"45":1,"46":1,"47":2,"48":2,"49":1,"50":2,"51":2,"52":1,"53":1,"54":2,"55":0,"56":3,"57":3,"58":1,"59":1,"60":1,"61":2,"62":2,"63":1,"64":1,"65":1,"66":1,"67":3,"68":6,"69":6,"70":3,"71":3,"72":3,"73":3,"74":1,"75":3,"76":1,"77":1,"78":1,"79":0,"80":1,"81":1,"82":1,"83":1,"84":1},"f":{"0":3,"1":16,"2":3,"3":7,"4":7,"5":16,"6":0,"7":1,"8":3,"9":8,"10":0,"11":2,"12":0,"13":3,"14":1,"15":1,"16":2,"17":1,"18":3,"19":6,"20":3,"21":0,"22":1},"b":{"0":[2,1],"1":[3,3],"2":[7,9],"3":[3,3,1,1,2,3,3],"4":[2,1],"5":[3,2],"6":[1,1],"7":[1,1],"8":[1,0],"9":[1,1,1,1],"10":[3,3,3]},"inputSourceMap":{"version":3,"sources":["bank.js"],"names":["bankModel","paymentMethods","value","text","accounts","name","clearing","account","amount","transferPrice","transferAmount","currentAmount","currentAccount","errorMessage","transfer","transferSum","parseInt","dbModel","getUser","userModel","currentUser","email","balance","updateUser","m","route","set","setTimeout","view","pay","invoice","totalPrice","map","trip","price","updateLogPayed","id","payed"],"mappings":";;;;;;;AAAA;;AAEA;;AACA;;;;;;;;AAEA,IAAIA,SAAS,GAAG;AACZC,EAAAA,cAAc,EAAE,CACZ;AAAEC,IAAAA,KAAK,EAAE,QAAT;AAAmBC,IAAAA,IAAI,EAAE;AAAzB,GADY,EAEZ;AAAED,IAAAA,KAAK,EAAE,SAAT;AAAoBC,IAAAA,IAAI,EAAE;AAA1B,GAFY,CADJ;AAKZC,EAAAA,QAAQ,EAAE,CACN;AACIC,IAAAA,IAAI,EAAE,WADV;AAEIC,IAAAA,QAAQ,EAAE,MAFd;AAGIC,IAAAA,OAAO,EAAE,aAHb;AAIIC,IAAAA,MAAM,EAAE;AAJZ,GADM,EAON;AACIH,IAAAA,IAAI,EAAE,cADV;AAEIC,IAAAA,QAAQ,EAAE,MAFd;AAGIC,IAAAA,OAAO,EAAE,aAHb;AAIIC,IAAAA,MAAM,EAAE;AAJZ,GAPM,EAaN;AACIH,IAAAA,IAAI,EAAE,KADV;AAEIC,IAAAA,QAAQ,EAAE,MAFd;AAGIC,IAAAA,OAAO,EAAE,aAHb;AAIIC,IAAAA,MAAM,EAAE;AAJZ,GAbM,CALE;AAyBZC,EAAAA,aAAa,EAAE,GAzBH;AA0BZC,EAAAA,cAAc,EAAE,EA1BJ;AA2BZC,EAAAA,aAAa,EAAE,IA3BH;AA4BZC,EAAAA,cAAc,EAAE,CA5BJ;AA6BZC,EAAAA,YAAY,EAAE,IA7BF;AA8BZC,EAAAA,QAAQ;AAAA,4EAAE;AAAA;AAAA;AAAA;AAAA;AAAA;AACFC,cAAAA,WADE,GACYC,QAAQ,CAAChB,SAAS,CAACU,cAAX,CAAR,GAAqCV,SAAS,CAACS,aAD3D;AAAA;AAAA,qBAGuBQ,eAAQC,OAAR,CAAgBC,iBAAUC,WAAV,CAAsBC,KAAtC,CAHvB;;AAAA;AAGNF,+BAAUC,WAHJ;AAKFE,cAAAA,OALE,GAKQH,iBAAUC,WAAV,CAAsBE,OAL9B;;AAAA,oBAQFP,WAAW,IAAIf,SAAS,CAACI,QAAV,CAAmBJ,SAAS,CAACY,cAA7B,EAA6CJ,MAA5D,IACAQ,QAAQ,CAAChB,SAAS,CAACU,cAAX,CAAR,GAAqC,CATnC;AAAA;AAAA;AAAA;;AAWFV,cAAAA,SAAS,CAACI,QAAV,CAAmBJ,SAAS,CAACY,cAA7B,EAA6CJ,MAA7C,IAAuDO,WAAvD;AAXE;AAAA,qBAYIE,eAAQM,UAAR,CAAmB;AAACD,gBAAAA,OAAO,EAAEA,OAAO,IAAIN,QAAQ,CAAChB,SAAS,CAACU,cAAX;AAA7B,eAAnB,CAZJ;;AAAA;AAAA;AAAA,qBAa2BO,eAAQC,OAAR,CAAgBC,iBAAUC,WAAV,CAAsBC,KAAtC,CAb3B;;AAAA;AAaFF,+BAAUC,WAbR;AAeFpB,cAAAA,SAAS,CAACU,cAAV,GAA2B,EAA3B;;AAEAc,kCAAEC,KAAF,CAAQC,GAAR,CAAY,mBAAZ;;AAEAC,cAAAA,UAAU,CAAC,YAAM;AACbH,oCAAEC,KAAF,CAAQC,GAAR,CAAY,OAAZ;AACH,eAFS,EAEP,IAFO,CAAV;AAnBE;AAAA;;AAAA;AAuBF1B,cAAAA,SAAS,CAACI,QAAV,CAAmBJ,SAAS,CAACY,cAA7B,EAA6CJ,MAA7C,IAAuDR,SAAS,CAACS,aAAjE;;AAEA,kBAAIT,SAAS,CAACI,QAAV,CAAmBJ,SAAS,CAACY,cAA7B,EAA6CJ,MAA7C,GAAsD,CAA1D,EAA6D;AACzDR,gBAAAA,SAAS,CAACI,QAAV,CAAmBJ,SAAS,CAACY,cAA7B,EAA6CJ,MAA7C,GAAsD,CAAtD;AACH;;AAEDR,cAAAA,SAAS,CAACa,YAAV,GAAyB;AACrBe,gBAAAA,IAAI,EAAE,gBAAM;AACR,sBAAIb,WAAW,GAAGf,SAAS,CAACI,QAAV,CAAmBJ,SAAS,CAACY,cAA7B,EAA6CJ,MAA/D,EAAuE;AACnE,2BAAO,CACH,yBAAE,iCAAF,EAAqC,CACjC,yBAAE,QAAF,EAAY,QAAZ,CADiC,EAEjC,yBAAE,GAAF,EAAO,sBAAP,CAFiC,EAGjC,yBAAE,GAAF,oIAIYR,SAAS,CAACI,QAAV,CAAmBJ,SAAS,CAACY,cAA7B,EAA6CJ,MAA7C,GACAR,SAAS,CAACS,aADV,GAC0B,CAF9B,GAII,CAJJ,GAKIT,SAAS,CAACI,QAAV,CAAmBJ,SAAS,CAACY,cAA7B,EAA6CJ,MAA7C,GACAR,SAAS,CAACS,aATtB,6CAHiC,EAejC,yBAAE,GAAF,EAAO,oDAAP,CAfiC,CAArC,CADG,CAAP;AAmBH,mBApBD,MAoBO;AACH,2BAAO,CACH,yBAAE,iCAAF,EAAqC,CACjC,yBAAE,QAAF,EAAY,QAAZ,CADiC,EAEjC,yBAAE,GAAF,EAAO,uBAAP,CAFiC,EAGjC,yBAAE,GAAF,uDAHiC,EAIjC,yBAAE,GAAF,EAAO,oDAAP,CAJiC,CAArC,CADG,CAAP;AAQH;AACJ;AAhCoB,eAAzB;AAoCAkB,cAAAA,UAAU,CAAC,YAAM;AACb3B,gBAAAA,SAAS,CAACa,YAAV,GAAyB,IAAzB;AACH,eAFS,EAEP,IAFO,CAAV;;AAjEE;AAAA;AAAA;AAAA;AAAA;AAAA;AAAA,KAAF;;AAAA;AAAA;AAAA;;AAAA;AAAA,KA9BI;AAqGZgB,EAAAA,GAAG;AAAA,uEAAE,kBAAOC,OAAP;AAAA;AAAA;AAAA;AAAA;AAAA;AACGC,cAAAA,UADH,GACgB,CADhB;AAAA;AAAA,qBAEKD,OAAO,CAACE,GAAR;AAAA,mFAAY,kBAAOC,IAAP;AAAA;AAAA;AAAA;AAAA;AACdF,0BAAAA,UAAU,IAAIE,IAAI,CAACC,KAAnB;AADc;AAAA,iCAGRjB,eAAQkB,cAAR,CAAuB;AACzBC,4BAAAA,EAAE,EAAEH,IAAI,CAACG,EADgB;AAEzBC,4BAAAA,KAAK,EAAE;AAFkB,2BAAvB,CAHQ;;AAAA;AAAA;AAAA;AAAA;AAAA;AAAA;AAAA,iBAAZ;;AAAA;AAAA;AAAA;AAAA,kBAFL;;AAAA;AAWDrC,cAAAA,SAAS,CAACI,QAAV,CAAmBJ,SAAS,CAACY,cAA7B,EAA6CJ,MAA7C,IAAuDuB,UAAvD;;AAEAP,kCAAEC,KAAF,CAAQC,GAAR,CAAY,mBAAZ;;AAEAC,cAAAA,UAAU,CAAC,YAAM;AACbH,oCAAEC,KAAF,CAAQC,GAAR,CAAY,UAAZ;AACH,eAFS,EAEP,IAFO,CAAV;;AAfC;AAAA;AAAA;AAAA;AAAA;AAAA;AAAA,KAAF;;AAAA;AAAA;AAAA;;AAAA;AAAA;AArGS,CAAhB;eA0He1B,S","sourceRoot":"C:\\Users\\jeppe\\OneDrive\\Dokument\\skola\\pattern\\client-webbclient\\www\\js\\models\\","sourcesContent":["import m from 'mithril';\n\nimport userModel from './user';\nimport dbModel from './db';\n\nlet bankModel = {\n    paymentMethods: [\n        { value: 'Direct', text: 'Direkt' },\n        { value: 'Monthly', text: 'Månad' },\n    ],\n    accounts: [\n        {\n            name: 'Lönekonto',\n            clearing: '6896',\n            account: '186 159 123',\n            amount: 5687\n        },\n        {\n            name: 'Buffertkonto',\n            clearing: '6895',\n            account: '186 669 333',\n            amount: 28963\n        },\n        {\n            name: 'ISK',\n            clearing: '6897',\n            account: '133 713 370',\n            amount: 666\n        }\n    ],\n    transferPrice: 600,\n    transferAmount: '',\n    currentAmount: null,\n    currentAccount: 0,\n    errorMessage: null,\n    transfer: async () => {\n        let transferSum = parseInt(bankModel.transferAmount) + bankModel.transferPrice;\n\n        userModel.currentUser =await dbModel.getUser(userModel.currentUser.email);\n\n        let balance = userModel.currentUser.balance;\n\n        if (\n            transferSum <= bankModel.accounts[bankModel.currentAccount].amount &&\n            parseInt(bankModel.transferAmount) > 0\n        ) {\n            bankModel.accounts[bankModel.currentAccount].amount -= transferSum;\n            await dbModel.updateUser({balance: balance += parseInt(bankModel.transferAmount)});\n            userModel.currentUser =await dbModel.getUser(userModel.currentUser.email);\n\n            bankModel.transferAmount = '';\n\n            m.route.set('/bank/proccessing');\n\n            setTimeout(() => {\n                m.route.set('/user');\n            }, 2000)\n        } else {\n            bankModel.accounts[bankModel.currentAccount].amount -= bankModel.transferPrice;\n\n            if (bankModel.accounts[bankModel.currentAccount].amount < 0) {\n                bankModel.accounts[bankModel.currentAccount].amount = 0;\n            }\n\n            bankModel.errorMessage = {\n                view: () => {\n                    if (transferSum > bankModel.accounts[bankModel.currentAccount].amount) {\n                        return [\n                            m('fieldset.bank-error-message-div', [\n                                m('legend', 'Error!'),\n                                m('p', 'För stor överföring!'),\n                                m('p', `\n                                    Högsta tillåtna överföring är\n                                    ${\n                                        (\n                                            bankModel.accounts[bankModel.currentAccount].amount -\n                                            bankModel.transferPrice < 0\n                                        ) ?\n                                            0 :\n                                            bankModel.accounts[bankModel.currentAccount].amount -\n                                            bankModel.transferPrice\n                                    } SEK.\n                                `),\n                                m('p', 'Vi drar ändå vår avgift för att du slösar vår tid.')\n                            ])\n                        ]\n                    } else {\n                        return [\n                            m('fieldset.bank-error-message-div', [\n                                m('legend', 'Error!'),\n                                m('p', 'För liten överföring!'),\n                                m('p', ` Överföring måste vara större än 0!`),\n                                m('p', 'Vi drar ändå vår avgift för att du slösar vår tid.')\n                            ])\n                        ]\n                    }\n                }\n            };\n\n\n            setTimeout(() => {\n                bankModel.errorMessage = null;\n            }, 5000)\n        }\n\n    },\n    pay: async (invoice) => {\n        let totalPrice = 0;\n        await invoice.map(async (trip) => {\n            totalPrice += trip.price;\n\n            await dbModel.updateLogPayed({\n                id: trip.id,\n                payed: 1\n            });\n        })\n\n        bankModel.accounts[bankModel.currentAccount].amount -= totalPrice;\n\n        m.route.set('/bank/proccessing');\n\n        setTimeout(() => {\n            m.route.set('/history');\n        }, 2000)\n    }\n}\n\nexport default bankModel;\n"]},"_coverageSchema":"1a1c01bbd47fc00a2c39e90264f33305004495a9","hash":"90c74ed09233b1f401d1b6b49744574a54822f96","contentHash":"e2db38e9c3b486523523bdb01bb5d229712e5bc610fdf9277723ac30fa3c4147"}}