{"C:\\Users\\jeppe\\OneDrive\\Dokument\\skola\\pattern\\client-webbclient\\www\\js\\models\\db.js":{"path":"C:\\Users\\jeppe\\OneDrive\\Dokument\\skola\\pattern\\client-webbclient\\www\\js\\models\\db.js","statementMap":{"0":{"start":{"line":3,"column":0},"end":{"line":5,"column":3}},"1":{"start":{"line":6,"column":0},"end":{"line":6,"column":28}},"2":{"start":{"line":8,"column":12},"end":{"line":8,"column":53}},"3":{"start":{"line":10,"column":39},"end":{"line":10,"column":95}},"4":{"start":{"line":12,"column":77},"end":{"line":12,"column":175}},"5":{"start":{"line":12,"column":94},"end":{"line":12,"column":107}},"6":{"start":{"line":12,"column":121},"end":{"line":12,"column":131}},"7":{"start":{"line":12,"column":151},"end":{"line":12,"column":165}},"8":{"start":{"line":12,"column":166},"end":{"line":12,"column":173}},"9":{"start":{"line":12,"column":176},"end":{"line":12,"column":263}},"10":{"start":{"line":12,"column":193},"end":{"line":12,"column":208}},"11":{"start":{"line":12,"column":218},"end":{"line":12,"column":261}},"12":{"start":{"line":14,"column":33},"end":{"line":14,"column":387}},"13":{"start":{"line":14,"column":65},"end":{"line":14,"column":69}},"14":{"start":{"line":14,"column":78},"end":{"line":14,"column":87}},"15":{"start":{"line":14,"column":89},"end":{"line":14,"column":384}},"16":{"start":{"line":14,"column":147},"end":{"line":14,"column":167}},"17":{"start":{"line":14,"column":193},"end":{"line":14,"column":264}},"18":{"start":{"line":14,"column":290},"end":{"line":14,"column":360}},"19":{"start":{"line":14,"column":363},"end":{"line":14,"column":380}},"20":{"start":{"line":16,"column":12},"end":{"line":16,"column":28}},"21":{"start":{"line":20,"column":0},"end":{"line":24,"column":1}},"22":{"start":{"line":21,"column":2},"end":{"line":21,"column":39}},"23":{"start":{"line":23,"column":2},"end":{"line":23,"column":17}},"24":{"start":{"line":26,"column":12},"end":{"line":26,"column":49}},"25":{"start":{"line":27,"column":12},"end":{"line":27,"column":43}},"26":{"start":{"line":28,"column":14},"end":{"line":414,"column":1}},"27":{"start":{"line":30,"column":24},"end":{"line":58,"column":7}},"28":{"start":{"line":32,"column":6},"end":{"line":57,"column":18}},"29":{"start":{"line":33,"column":8},"end":{"line":56,"column":9}},"30":{"start":{"line":34,"column":10},"end":{"line":55,"column":11}},"31":{"start":{"line":36,"column":14},"end":{"line":36,"column":32}},"32":{"start":{"line":37,"column":14},"end":{"line":46,"column":17}},"33":{"start":{"line":49,"column":14},"end":{"line":49,"column":34}},"34":{"start":{"line":50,"column":14},"end":{"line":50,"column":62}},"35":{"start":{"line":54,"column":14},"end":{"line":54,"column":37}},"36":{"start":{"line":61,"column":6},"end":{"line":61,"column":50}},"37":{"start":{"line":64,"column":4},"end":{"line":64,"column":24}},"38":{"start":{"line":67,"column":19},"end":{"line":87,"column":7}},"39":{"start":{"line":69,"column":6},"end":{"line":86,"column":19}},"40":{"start":{"line":70,"column":8},"end":{"line":85,"column":9}},"41":{"start":{"line":71,"column":10},"end":{"line":84,"column":11}},"42":{"start":{"line":73,"column":14},"end":{"line":73,"column":494}},"43":{"start":{"line":74,"column":14},"end":{"line":74,"column":33}},"44":{"start":{"line":75,"column":14},"end":{"line":75,"column":49}},"45":{"start":{"line":78,"column":14},"end":{"line":78,"column":36}},"46":{"start":{"line":79,"column":14},"end":{"line":79,"column":59}},"47":{"start":{"line":83,"column":14},"end":{"line":83,"column":38}},"48":{"start":{"line":90,"column":6},"end":{"line":90,"column":45}},"49":{"start":{"line":93,"column":4},"end":{"line":93,"column":19}},"50":{"start":{"line":96,"column":21},"end":{"line":116,"column":7}},"51":{"start":{"line":98,"column":6},"end":{"line":115,"column":19}},"52":{"start":{"line":99,"column":8},"end":{"line":114,"column":9}},"53":{"start":{"line":100,"column":10},"end":{"line":113,"column":11}},"54":{"start":{"line":102,"column":14},"end":{"line":102,"column":474}},"55":{"start":{"line":103,"column":14},"end":{"line":103,"column":33}},"56":{"start":{"line":104,"column":14},"end":{"line":104,"column":49}},"57":{"start":{"line":107,"column":14},"end":{"line":107,"column":38}},"58":{"start":{"line":108,"column":14},"end":{"line":108,"column":63}},"59":{"start":{"line":112,"column":14},"end":{"line":112,"column":38}},"60":{"start":{"line":119,"column":6},"end":{"line":119,"column":47}},"61":{"start":{"line":122,"column":4},"end":{"line":122,"column":21}},"62":{"start":{"line":125,"column":19},"end":{"line":145,"column":7}},"63":{"start":{"line":127,"column":6},"end":{"line":144,"column":19}},"64":{"start":{"line":128,"column":8},"end":{"line":143,"column":9}},"65":{"start":{"line":129,"column":10},"end":{"line":142,"column":11}},"66":{"start":{"line":131,"column":14},"end":{"line":131,"column":718}},"67":{"start":{"line":132,"column":14},"end":{"line":132,"column":33}},"68":{"start":{"line":133,"column":14},"end":{"line":133,"column":49}},"69":{"start":{"line":136,"column":14},"end":{"line":136,"column":36}},"70":{"start":{"line":137,"column":14},"end":{"line":137,"column":63}},"71":{"start":{"line":141,"column":14},"end":{"line":141,"column":38}},"72":{"start":{"line":148,"column":6},"end":{"line":148,"column":45}},"73":{"start":{"line":151,"column":4},"end":{"line":151,"column":19}},"74":{"start":{"line":154,"column":19},"end":{"line":174,"column":7}},"75":{"start":{"line":156,"column":6},"end":{"line":173,"column":19}},"76":{"start":{"line":157,"column":8},"end":{"line":172,"column":9}},"77":{"start":{"line":158,"column":10},"end":{"line":171,"column":11}},"78":{"start":{"line":160,"column":14},"end":{"line":160,"column":506}},"79":{"start":{"line":161,"column":14},"end":{"line":161,"column":33}},"80":{"start":{"line":162,"column":14},"end":{"line":162,"column":49}},"81":{"start":{"line":165,"column":14},"end":{"line":165,"column":36}},"82":{"start":{"line":166,"column":14},"end":{"line":166,"column":66}},"83":{"start":{"line":170,"column":14},"end":{"line":170,"column":38}},"84":{"start":{"line":177,"column":6},"end":{"line":177,"column":45}},"85":{"start":{"line":180,"column":4},"end":{"line":180,"column":19}},"86":{"start":{"line":183,"column":22},"end":{"line":203,"column":7}},"87":{"start":{"line":185,"column":6},"end":{"line":202,"column":19}},"88":{"start":{"line":186,"column":8},"end":{"line":201,"column":9}},"89":{"start":{"line":187,"column":10},"end":{"line":200,"column":11}},"90":{"start":{"line":189,"column":14},"end":{"line":189,"column":859}},"91":{"start":{"line":190,"column":14},"end":{"line":190,"column":33}},"92":{"start":{"line":191,"column":14},"end":{"line":191,"column":49}},"93":{"start":{"line":194,"column":14},"end":{"line":194,"column":36}},"94":{"start":{"line":195,"column":14},"end":{"line":195,"column":69}},"95":{"start":{"line":199,"column":14},"end":{"line":199,"column":38}},"96":{"start":{"line":206,"column":6},"end":{"line":206,"column":48}},"97":{"start":{"line":209,"column":4},"end":{"line":209,"column":22}},"98":{"start":{"line":212,"column":20},"end":{"line":232,"column":7}},"99":{"start":{"line":214,"column":6},"end":{"line":231,"column":19}},"100":{"start":{"line":215,"column":8},"end":{"line":230,"column":9}},"101":{"start":{"line":216,"column":10},"end":{"line":229,"column":11}},"102":{"start":{"line":218,"column":14},"end":{"line":218,"column":219}},"103":{"start":{"line":219,"column":14},"end":{"line":219,"column":33}},"104":{"start":{"line":220,"column":14},"end":{"line":220,"column":49}},"105":{"start":{"line":223,"column":14},"end":{"line":223,"column":37}},"106":{"start":{"line":224,"column":14},"end":{"line":224,"column":61}},"107":{"start":{"line":228,"column":14},"end":{"line":228,"column":38}},"108":{"start":{"line":235,"column":6},"end":{"line":235,"column":46}},"109":{"start":{"line":238,"column":4},"end":{"line":238,"column":20}},"110":{"start":{"line":241,"column":19},"end":{"line":261,"column":7}},"111":{"start":{"line":243,"column":6},"end":{"line":260,"column":19}},"112":{"start":{"line":244,"column":8},"end":{"line":259,"column":9}},"113":{"start":{"line":245,"column":10},"end":{"line":258,"column":11}},"114":{"start":{"line":247,"column":14},"end":{"line":247,"column":270}},"115":{"start":{"line":248,"column":14},"end":{"line":248,"column":33}},"116":{"start":{"line":249,"column":14},"end":{"line":249,"column":49}},"117":{"start":{"line":252,"column":14},"end":{"line":252,"column":36}},"118":{"start":{"line":253,"column":14},"end":{"line":253,"column":59}},"119":{"start":{"line":257,"column":14},"end":{"line":257,"column":38}},"120":{"start":{"line":264,"column":6},"end":{"line":264,"column":45}},"121":{"start":{"line":267,"column":4},"end":{"line":267,"column":19}},"122":{"start":{"line":270,"column":22},"end":{"line":290,"column":7}},"123":{"start":{"line":272,"column":6},"end":{"line":289,"column":19}},"124":{"start":{"line":273,"column":8},"end":{"line":288,"column":9}},"125":{"start":{"line":274,"column":10},"end":{"line":287,"column":11}},"126":{"start":{"line":276,"column":14},"end":{"line":276,"column":405}},"127":{"start":{"line":277,"column":14},"end":{"line":277,"column":33}},"128":{"start":{"line":278,"column":14},"end":{"line":278,"column":49}},"129":{"start":{"line":281,"column":14},"end":{"line":281,"column":36}},"130":{"start":{"line":282,"column":14},"end":{"line":282,"column":65}},"131":{"start":{"line":286,"column":14},"end":{"line":286,"column":38}},"132":{"start":{"line":293,"column":6},"end":{"line":293,"column":48}},"133":{"start":{"line":296,"column":4},"end":{"line":296,"column":22}},"134":{"start":{"line":299,"column":23},"end":{"line":319,"column":7}},"135":{"start":{"line":301,"column":6},"end":{"line":318,"column":20}},"136":{"start":{"line":302,"column":8},"end":{"line":317,"column":9}},"137":{"start":{"line":303,"column":10},"end":{"line":316,"column":11}},"138":{"start":{"line":305,"column":14},"end":{"line":305,"column":1173}},"139":{"start":{"line":306,"column":14},"end":{"line":306,"column":34}},"140":{"start":{"line":307,"column":14},"end":{"line":307,"column":49}},"141":{"start":{"line":310,"column":14},"end":{"line":310,"column":42}},"142":{"start":{"line":311,"column":14},"end":{"line":311,"column":71}},"143":{"start":{"line":315,"column":14},"end":{"line":315,"column":39}},"144":{"start":{"line":322,"column":6},"end":{"line":322,"column":49}},"145":{"start":{"line":325,"column":4},"end":{"line":325,"column":23}},"146":{"start":{"line":328,"column":37},"end":{"line":348,"column":7}},"147":{"start":{"line":330,"column":6},"end":{"line":347,"column":20}},"148":{"start":{"line":331,"column":8},"end":{"line":346,"column":9}},"149":{"start":{"line":332,"column":10},"end":{"line":345,"column":11}},"150":{"start":{"line":334,"column":14},"end":{"line":334,"column":1161}},"151":{"start":{"line":335,"column":14},"end":{"line":335,"column":34}},"152":{"start":{"line":336,"column":14},"end":{"line":336,"column":49}},"153":{"start":{"line":339,"column":14},"end":{"line":339,"column":36}},"154":{"start":{"line":340,"column":14},"end":{"line":340,"column":68}},"155":{"start":{"line":344,"column":14},"end":{"line":344,"column":39}},"156":{"start":{"line":351,"column":6},"end":{"line":351,"column":63}},"157":{"start":{"line":354,"column":4},"end":{"line":354,"column":37}},"158":{"start":{"line":357,"column":29},"end":{"line":377,"column":7}},"159":{"start":{"line":359,"column":6},"end":{"line":376,"column":20}},"160":{"start":{"line":360,"column":8},"end":{"line":375,"column":9}},"161":{"start":{"line":361,"column":10},"end":{"line":374,"column":11}},"162":{"start":{"line":363,"column":14},"end":{"line":363,"column":1112}},"163":{"start":{"line":364,"column":14},"end":{"line":364,"column":34}},"164":{"start":{"line":365,"column":14},"end":{"line":365,"column":49}},"165":{"start":{"line":368,"column":14},"end":{"line":368,"column":36}},"166":{"start":{"line":369,"column":14},"end":{"line":369,"column":68}},"167":{"start":{"line":373,"column":14},"end":{"line":373,"column":39}},"168":{"start":{"line":380,"column":6},"end":{"line":380,"column":55}},"169":{"start":{"line":383,"column":4},"end":{"line":383,"column":29}},"170":{"start":{"line":386,"column":26},"end":{"line":406,"column":7}},"171":{"start":{"line":388,"column":6},"end":{"line":405,"column":20}},"172":{"start":{"line":389,"column":8},"end":{"line":404,"column":9}},"173":{"start":{"line":390,"column":10},"end":{"line":403,"column":11}},"174":{"start":{"line":392,"column":14},"end":{"line":392,"column":1053}},"175":{"start":{"line":393,"column":14},"end":{"line":393,"column":34}},"176":{"start":{"line":394,"column":14},"end":{"line":394,"column":49}},"177":{"start":{"line":397,"column":14},"end":{"line":397,"column":36}},"178":{"start":{"line":398,"column":14},"end":{"line":398,"column":68}},"179":{"start":{"line":402,"column":14},"end":{"line":402,"column":39}},"180":{"start":{"line":409,"column":6},"end":{"line":409,"column":52}},"181":{"start":{"line":412,"column":4},"end":{"line":412,"column":26}},"182":{"start":{"line":415,"column":15},"end":{"line":415,"column":22}},"183":{"start":{"line":416,"column":0},"end":{"line":416,"column":30}}},"fnMap":{"0":{"name":"_interopRequireDefault","decl":{"start":{"line":10,"column":9},"end":{"line":10,"column":31}},"loc":{"start":{"line":10,"column":37},"end":{"line":10,"column":97}},"line":10},"1":{"name":"asyncGeneratorStep","decl":{"start":{"line":12,"column":9},"end":{"line":12,"column":27}},"loc":{"start":{"line":12,"column":75},"end":{"line":12,"column":265}},"line":12},"2":{"name":"_asyncToGenerator","decl":{"start":{"line":14,"column":9},"end":{"line":14,"column":26}},"loc":{"start":{"line":14,"column":31},"end":{"line":14,"column":389}},"line":14},"3":{"name":"(anonymous_3)","decl":{"start":{"line":14,"column":40},"end":{"line":14,"column":41}},"loc":{"start":{"line":14,"column":52},"end":{"line":14,"column":386}},"line":14},"4":{"name":"(anonymous_4)","decl":{"start":{"line":14,"column":108},"end":{"line":14,"column":109}},"loc":{"start":{"line":14,"column":135},"end":{"line":14,"column":382}},"line":14},"5":{"name":"_next","decl":{"start":{"line":14,"column":178},"end":{"line":14,"column":183}},"loc":{"start":{"line":14,"column":191},"end":{"line":14,"column":266}},"line":14},"6":{"name":"_throw","decl":{"start":{"line":14,"column":276},"end":{"line":14,"column":282}},"loc":{"start":{"line":14,"column":288},"end":{"line":14,"column":362}},"line":14},"7":{"name":"(anonymous_7)","decl":{"start":{"line":29,"column":16},"end":{"line":29,"column":17}},"loc":{"start":{"line":29,"column":28},"end":{"line":65,"column":3}},"line":29},"8":{"name":"_callee","decl":{"start":{"line":30,"column":89},"end":{"line":30,"column":96}},"loc":{"start":{"line":30,"column":104},"end":{"line":58,"column":5}},"line":30},"9":{"name":"_callee$","decl":{"start":{"line":32,"column":46},"end":{"line":32,"column":54}},"loc":{"start":{"line":32,"column":65},"end":{"line":57,"column":7}},"line":32},"10":{"name":"callDatabase","decl":{"start":{"line":60,"column":13},"end":{"line":60,"column":25}},"loc":{"start":{"line":60,"column":30},"end":{"line":62,"column":5}},"line":60},"11":{"name":"(anonymous_11)","decl":{"start":{"line":66,"column":11},"end":{"line":66,"column":12}},"loc":{"start":{"line":66,"column":23},"end":{"line":94,"column":3}},"line":66},"12":{"name":"_callee2","decl":{"start":{"line":67,"column":84},"end":{"line":67,"column":92}},"loc":{"start":{"line":67,"column":97},"end":{"line":87,"column":5}},"line":67},"13":{"name":"_callee2$","decl":{"start":{"line":69,"column":46},"end":{"line":69,"column":55}},"loc":{"start":{"line":69,"column":67},"end":{"line":86,"column":7}},"line":69},"14":{"name":"getCity","decl":{"start":{"line":89,"column":13},"end":{"line":89,"column":20}},"loc":{"start":{"line":89,"column":26},"end":{"line":91,"column":5}},"line":89},"15":{"name":"(anonymous_15)","decl":{"start":{"line":95,"column":13},"end":{"line":95,"column":14}},"loc":{"start":{"line":95,"column":25},"end":{"line":123,"column":3}},"line":95},"16":{"name":"_callee3","decl":{"start":{"line":96,"column":86},"end":{"line":96,"column":94}},"loc":{"start":{"line":96,"column":97},"end":{"line":116,"column":5}},"line":96},"17":{"name":"_callee3$","decl":{"start":{"line":98,"column":46},"end":{"line":98,"column":55}},"loc":{"start":{"line":98,"column":67},"end":{"line":115,"column":7}},"line":98},"18":{"name":"getCities","decl":{"start":{"line":118,"column":13},"end":{"line":118,"column":22}},"loc":{"start":{"line":118,"column":25},"end":{"line":120,"column":5}},"line":118},"19":{"name":"(anonymous_19)","decl":{"start":{"line":124,"column":11},"end":{"line":124,"column":12}},"loc":{"start":{"line":124,"column":23},"end":{"line":152,"column":3}},"line":124},"20":{"name":"_callee4","decl":{"start":{"line":125,"column":84},"end":{"line":125,"column":92}},"loc":{"start":{"line":125,"column":100},"end":{"line":145,"column":5}},"line":125},"21":{"name":"_callee4$","decl":{"start":{"line":127,"column":46},"end":{"line":127,"column":55}},"loc":{"start":{"line":127,"column":67},"end":{"line":144,"column":7}},"line":127},"22":{"name":"getUser","decl":{"start":{"line":147,"column":13},"end":{"line":147,"column":20}},"loc":{"start":{"line":147,"column":26},"end":{"line":149,"column":5}},"line":147},"23":{"name":"(anonymous_23)","decl":{"start":{"line":153,"column":11},"end":{"line":153,"column":12}},"loc":{"start":{"line":153,"column":23},"end":{"line":181,"column":3}},"line":153},"24":{"name":"_callee5","decl":{"start":{"line":154,"column":84},"end":{"line":154,"column":92}},"loc":{"start":{"line":154,"column":99},"end":{"line":174,"column":5}},"line":154},"25":{"name":"_callee5$","decl":{"start":{"line":156,"column":46},"end":{"line":156,"column":55}},"loc":{"start":{"line":156,"column":67},"end":{"line":173,"column":7}},"line":156},"26":{"name":"addUser","decl":{"start":{"line":176,"column":13},"end":{"line":176,"column":20}},"loc":{"start":{"line":176,"column":26},"end":{"line":178,"column":5}},"line":176},"27":{"name":"(anonymous_27)","decl":{"start":{"line":182,"column":14},"end":{"line":182,"column":15}},"loc":{"start":{"line":182,"column":26},"end":{"line":210,"column":3}},"line":182},"28":{"name":"_callee6","decl":{"start":{"line":183,"column":87},"end":{"line":183,"column":95}},"loc":{"start":{"line":183,"column":102},"end":{"line":203,"column":5}},"line":183},"29":{"name":"_callee6$","decl":{"start":{"line":185,"column":46},"end":{"line":185,"column":55}},"loc":{"start":{"line":185,"column":67},"end":{"line":202,"column":7}},"line":185},"30":{"name":"updateUser","decl":{"start":{"line":205,"column":13},"end":{"line":205,"column":23}},"loc":{"start":{"line":205,"column":29},"end":{"line":207,"column":5}},"line":205},"31":{"name":"(anonymous_31)","decl":{"start":{"line":211,"column":12},"end":{"line":211,"column":13}},"loc":{"start":{"line":211,"column":24},"end":{"line":239,"column":3}},"line":211},"32":{"name":"_callee7","decl":{"start":{"line":212,"column":85},"end":{"line":212,"column":93}},"loc":{"start":{"line":212,"column":96},"end":{"line":232,"column":5}},"line":212},"33":{"name":"_callee7$","decl":{"start":{"line":214,"column":46},"end":{"line":214,"column":55}},"loc":{"start":{"line":214,"column":67},"end":{"line":231,"column":7}},"line":214},"34":{"name":"getBikes","decl":{"start":{"line":234,"column":13},"end":{"line":234,"column":21}},"loc":{"start":{"line":234,"column":24},"end":{"line":236,"column":5}},"line":234},"35":{"name":"(anonymous_35)","decl":{"start":{"line":240,"column":11},"end":{"line":240,"column":12}},"loc":{"start":{"line":240,"column":23},"end":{"line":268,"column":3}},"line":240},"36":{"name":"_callee8","decl":{"start":{"line":241,"column":84},"end":{"line":241,"column":92}},"loc":{"start":{"line":241,"column":97},"end":{"line":261,"column":5}},"line":241},"37":{"name":"_callee8$","decl":{"start":{"line":243,"column":46},"end":{"line":243,"column":55}},"loc":{"start":{"line":243,"column":67},"end":{"line":260,"column":7}},"line":243},"38":{"name":"getBike","decl":{"start":{"line":263,"column":13},"end":{"line":263,"column":20}},"loc":{"start":{"line":263,"column":26},"end":{"line":265,"column":5}},"line":263},"39":{"name":"(anonymous_39)","decl":{"start":{"line":269,"column":14},"end":{"line":269,"column":15}},"loc":{"start":{"line":269,"column":26},"end":{"line":297,"column":3}},"line":269},"40":{"name":"_callee9","decl":{"start":{"line":270,"column":87},"end":{"line":270,"column":95}},"loc":{"start":{"line":270,"column":102},"end":{"line":290,"column":5}},"line":270},"41":{"name":"_callee9$","decl":{"start":{"line":272,"column":46},"end":{"line":272,"column":55}},"loc":{"start":{"line":272,"column":67},"end":{"line":289,"column":7}},"line":272},"42":{"name":"updateBike","decl":{"start":{"line":292,"column":13},"end":{"line":292,"column":23}},"loc":{"start":{"line":292,"column":29},"end":{"line":294,"column":5}},"line":292},"43":{"name":"(anonymous_43)","decl":{"start":{"line":298,"column":15},"end":{"line":298,"column":16}},"loc":{"start":{"line":298,"column":27},"end":{"line":326,"column":3}},"line":298},"44":{"name":"_callee10","decl":{"start":{"line":299,"column":88},"end":{"line":299,"column":97}},"loc":{"start":{"line":299,"column":104},"end":{"line":319,"column":5}},"line":299},"45":{"name":"_callee10$","decl":{"start":{"line":301,"column":46},"end":{"line":301,"column":56}},"loc":{"start":{"line":301,"column":69},"end":{"line":318,"column":7}},"line":301},"46":{"name":"addLogEntry","decl":{"start":{"line":321,"column":13},"end":{"line":321,"column":24}},"loc":{"start":{"line":321,"column":30},"end":{"line":323,"column":5}},"line":321},"47":{"name":"(anonymous_47)","decl":{"start":{"line":327,"column":29},"end":{"line":327,"column":30}},"loc":{"start":{"line":327,"column":41},"end":{"line":355,"column":3}},"line":327},"48":{"name":"_callee11","decl":{"start":{"line":328,"column":102},"end":{"line":328,"column":111}},"loc":{"start":{"line":328,"column":118},"end":{"line":348,"column":5}},"line":328},"49":{"name":"_callee11$","decl":{"start":{"line":330,"column":46},"end":{"line":330,"column":56}},"loc":{"start":{"line":330,"column":69},"end":{"line":347,"column":7}},"line":330},"50":{"name":"updateLogPositionAndPayed","decl":{"start":{"line":350,"column":13},"end":{"line":350,"column":38}},"loc":{"start":{"line":350,"column":44},"end":{"line":352,"column":5}},"line":350},"51":{"name":"(anonymous_51)","decl":{"start":{"line":356,"column":21},"end":{"line":356,"column":22}},"loc":{"start":{"line":356,"column":33},"end":{"line":384,"column":3}},"line":356},"52":{"name":"_callee12","decl":{"start":{"line":357,"column":94},"end":{"line":357,"column":103}},"loc":{"start":{"line":357,"column":110},"end":{"line":377,"column":5}},"line":357},"53":{"name":"_callee12$","decl":{"start":{"line":359,"column":46},"end":{"line":359,"column":56}},"loc":{"start":{"line":359,"column":69},"end":{"line":376,"column":7}},"line":359},"54":{"name":"updateLogPosition","decl":{"start":{"line":379,"column":13},"end":{"line":379,"column":30}},"loc":{"start":{"line":379,"column":37},"end":{"line":381,"column":5}},"line":379},"55":{"name":"(anonymous_55)","decl":{"start":{"line":385,"column":18},"end":{"line":385,"column":19}},"loc":{"start":{"line":385,"column":30},"end":{"line":413,"column":3}},"line":385},"56":{"name":"_callee13","decl":{"start":{"line":386,"column":91},"end":{"line":386,"column":100}},"loc":{"start":{"line":386,"column":107},"end":{"line":406,"column":5}},"line":386},"57":{"name":"_callee13$","decl":{"start":{"line":388,"column":46},"end":{"line":388,"column":56}},"loc":{"start":{"line":388,"column":69},"end":{"line":405,"column":7}},"line":388},"58":{"name":"updateLogPayed","decl":{"start":{"line":408,"column":13},"end":{"line":408,"column":27}},"loc":{"start":{"line":408,"column":34},"end":{"line":410,"column":5}},"line":408}},"branchMap":{"0":{"loc":{"start":{"line":10,"column":46},"end":{"line":10,"column":94}},"type":"cond-expr","locations":[{"start":{"line":10,"column":70},"end":{"line":10,"column":73}},{"start":{"line":10,"column":76},"end":{"line":10,"column":94}}],"line":10},"1":{"loc":{"start":{"line":10,"column":46},"end":{"line":10,"column":67}},"type":"binary-expr","locations":[{"start":{"line":10,"column":46},"end":{"line":10,"column":49}},{"start":{"line":10,"column":53},"end":{"line":10,"column":67}}],"line":10},"2":{"loc":{"start":{"line":12,"column":176},"end":{"line":12,"column":263}},"type":"if","locations":[{"start":{"line":12,"column":176},"end":{"line":12,"column":263}},{"start":{"line":12,"column":176},"end":{"line":12,"column":263}}],"line":12},"3":{"loc":{"start":{"line":26,"column":12},"end":{"line":26,"column":49}},"type":"binary-expr","locations":[{"start":{"line":26,"column":12},"end":{"line":26,"column":31}},{"start":{"line":26,"column":35},"end":{"line":26,"column":49}}],"line":26},"4":{"loc":{"start":{"line":34,"column":10},"end":{"line":55,"column":11}},"type":"switch","locations":[{"start":{"line":35,"column":12},"end":{"line":46,"column":17}},{"start":{"line":48,"column":12},"end":{"line":50,"column":62}},{"start":{"line":52,"column":12},"end":{"line":52,"column":19}},{"start":{"line":53,"column":12},"end":{"line":54,"column":37}}],"line":34},"5":{"loc":{"start":{"line":71,"column":10},"end":{"line":84,"column":11}},"type":"switch","locations":[{"start":{"line":72,"column":12},"end":{"line":75,"column":49}},{"start":{"line":77,"column":12},"end":{"line":79,"column":59}},{"start":{"line":81,"column":12},"end":{"line":81,"column":19}},{"start":{"line":82,"column":12},"end":{"line":83,"column":38}}],"line":71},"6":{"loc":{"start":{"line":100,"column":10},"end":{"line":113,"column":11}},"type":"switch","locations":[{"start":{"line":101,"column":12},"end":{"line":104,"column":49}},{"start":{"line":106,"column":12},"end":{"line":108,"column":63}},{"start":{"line":110,"column":12},"end":{"line":110,"column":19}},{"start":{"line":111,"column":12},"end":{"line":112,"column":38}}],"line":100},"7":{"loc":{"start":{"line":129,"column":10},"end":{"line":142,"column":11}},"type":"switch","locations":[{"start":{"line":130,"column":12},"end":{"line":133,"column":49}},{"start":{"line":135,"column":12},"end":{"line":137,"column":63}},{"start":{"line":139,"column":12},"end":{"line":139,"column":19}},{"start":{"line":140,"column":12},"end":{"line":141,"column":38}}],"line":129},"8":{"loc":{"start":{"line":158,"column":10},"end":{"line":171,"column":11}},"type":"switch","locations":[{"start":{"line":159,"column":12},"end":{"line":162,"column":49}},{"start":{"line":164,"column":12},"end":{"line":166,"column":66}},{"start":{"line":168,"column":12},"end":{"line":168,"column":19}},{"start":{"line":169,"column":12},"end":{"line":170,"column":38}}],"line":158},"9":{"loc":{"start":{"line":187,"column":10},"end":{"line":200,"column":11}},"type":"switch","locations":[{"start":{"line":188,"column":12},"end":{"line":191,"column":49}},{"start":{"line":193,"column":12},"end":{"line":195,"column":69}},{"start":{"line":197,"column":12},"end":{"line":197,"column":19}},{"start":{"line":198,"column":12},"end":{"line":199,"column":38}}],"line":187},"10":{"loc":{"start":{"line":189,"column":98},"end":{"line":189,"column":146}},"type":"binary-expr","locations":[{"start":{"line":189,"column":98},"end":{"line":189,"column":108}},{"start":{"line":189,"column":112},"end":{"line":189,"column":146}}],"line":189},"11":{"loc":{"start":{"line":189,"column":193},"end":{"line":189,"column":249}},"type":"binary-expr","locations":[{"start":{"line":189,"column":193},"end":{"line":189,"column":207}},{"start":{"line":189,"column":211},"end":{"line":189,"column":249}}],"line":189},"12":{"loc":{"start":{"line":189,"column":295},"end":{"line":189,"column":349}},"type":"binary-expr","locations":[{"start":{"line":189,"column":295},"end":{"line":189,"column":308}},{"start":{"line":189,"column":312},"end":{"line":189,"column":349}}],"line":189},"13":{"loc":{"start":{"line":189,"column":392},"end":{"line":189,"column":444}},"type":"binary-expr","locations":[{"start":{"line":189,"column":392},"end":{"line":189,"column":404}},{"start":{"line":189,"column":408},"end":{"line":189,"column":444}}],"line":189},"14":{"loc":{"start":{"line":189,"column":493},"end":{"line":189,"column":557}},"type":"binary-expr","locations":[{"start":{"line":189,"column":493},"end":{"line":189,"column":511}},{"start":{"line":189,"column":515},"end":{"line":189,"column":557}}],"line":189},"15":{"loc":{"start":{"line":216,"column":10},"end":{"line":229,"column":11}},"type":"switch","locations":[{"start":{"line":217,"column":12},"end":{"line":220,"column":49}},{"start":{"line":222,"column":12},"end":{"line":224,"column":61}},{"start":{"line":226,"column":12},"end":{"line":226,"column":19}},{"start":{"line":227,"column":12},"end":{"line":228,"column":38}}],"line":216},"16":{"loc":{"start":{"line":245,"column":10},"end":{"line":258,"column":11}},"type":"switch","locations":[{"start":{"line":246,"column":12},"end":{"line":249,"column":49}},{"start":{"line":251,"column":12},"end":{"line":253,"column":59}},{"start":{"line":255,"column":12},"end":{"line":255,"column":19}},{"start":{"line":256,"column":12},"end":{"line":257,"column":38}}],"line":245},"17":{"loc":{"start":{"line":274,"column":10},"end":{"line":287,"column":11}},"type":"switch","locations":[{"start":{"line":275,"column":12},"end":{"line":278,"column":49}},{"start":{"line":280,"column":12},"end":{"line":282,"column":65}},{"start":{"line":284,"column":12},"end":{"line":284,"column":19}},{"start":{"line":285,"column":12},"end":{"line":286,"column":38}}],"line":274},"18":{"loc":{"start":{"line":303,"column":10},"end":{"line":316,"column":11}},"type":"switch","locations":[{"start":{"line":304,"column":12},"end":{"line":307,"column":49}},{"start":{"line":309,"column":12},"end":{"line":311,"column":71}},{"start":{"line":313,"column":12},"end":{"line":313,"column":19}},{"start":{"line":314,"column":12},"end":{"line":315,"column":39}}],"line":303},"19":{"loc":{"start":{"line":332,"column":10},"end":{"line":345,"column":11}},"type":"switch","locations":[{"start":{"line":333,"column":12},"end":{"line":336,"column":49}},{"start":{"line":338,"column":12},"end":{"line":340,"column":68}},{"start":{"line":342,"column":12},"end":{"line":342,"column":19}},{"start":{"line":343,"column":12},"end":{"line":344,"column":39}}],"line":332},"20":{"loc":{"start":{"line":361,"column":10},"end":{"line":374,"column":11}},"type":"switch","locations":[{"start":{"line":362,"column":12},"end":{"line":365,"column":49}},{"start":{"line":367,"column":12},"end":{"line":369,"column":68}},{"start":{"line":371,"column":12},"end":{"line":371,"column":19}},{"start":{"line":372,"column":12},"end":{"line":373,"column":39}}],"line":361},"21":{"loc":{"start":{"line":390,"column":10},"end":{"line":403,"column":11}},"type":"switch","locations":[{"start":{"line":391,"column":12},"end":{"line":394,"column":49}},{"start":{"line":396,"column":12},"end":{"line":398,"column":68}},{"start":{"line":400,"column":12},"end":{"line":400,"column":19}},{"start":{"line":401,"column":12},"end":{"line":402,"column":39}}],"line":390}},"s":{"0":1,"1":1,"2":1,"3":1,"4":24,"5":24,"6":24,"7":0,"8":0,"9":24,"10":12,"11":12,"12":13,"13":12,"14":12,"15":12,"16":12,"17":24,"18":0,"19":12,"20":1,"21":1,"22":1,"23":0,"24":1,"25":1,"26":1,"27":1,"28":0,"29":0,"30":0,"31":0,"32":0,"33":0,"34":0,"35":0,"36":0,"37":1,"38":1,"39":1,"40":3,"41":3,"42":1,"43":1,"44":1,"45":1,"46":1,"47":1,"48":1,"49":1,"50":1,"51":1,"52":3,"53":3,"54":1,"55":1,"56":1,"57":1,"58":1,"59":1,"60":1,"61":1,"62":1,"63":1,"64":3,"65":3,"66":1,"67":1,"68":1,"69":1,"70":1,"71":1,"72":1,"73":1,"74":1,"75":1,"76":3,"77":3,"78":1,"79":1,"80":1,"81":1,"82":1,"83":1,"84":1,"85":1,"86":1,"87":1,"88":3,"89":3,"90":1,"91":1,"92":1,"93":1,"94":1,"95":1,"96":1,"97":1,"98":1,"99":1,"100":3,"101":3,"102":1,"103":1,"104":1,"105":1,"106":1,"107":1,"108":1,"109":1,"110":1,"111":1,"112":3,"113":3,"114":1,"115":1,"116":1,"117":1,"118":1,"119":1,"120":1,"121":1,"122":1,"123":1,"124":3,"125":3,"126":1,"127":1,"128":1,"129":1,"130":1,"131":1,"132":1,"133":1,"134":1,"135":1,"136":3,"137":3,"138":1,"139":1,"140":1,"141":1,"142":1,"143":1,"144":1,"145":1,"146":1,"147":1,"148":3,"149":3,"150":1,"151":1,"152":1,"153":1,"154":1,"155":1,"156":1,"157":1,"158":1,"159":1,"160":3,"161":3,"162":1,"163":1,"164":1,"165":1,"166":1,"167":1,"168":1,"169":1,"170":1,"171":1,"172":3,"173":3,"174":1,"175":1,"176":1,"177":1,"178":1,"179":1,"180":1,"181":1,"182":1,"183":1},"f":{"0":1,"1":24,"2":13,"3":12,"4":12,"5":24,"6":0,"7":1,"8":0,"9":0,"10":0,"11":1,"12":1,"13":3,"14":1,"15":1,"16":1,"17":3,"18":1,"19":1,"20":1,"21":3,"22":1,"23":1,"24":1,"25":3,"26":1,"27":1,"28":1,"29":3,"30":1,"31":1,"32":1,"33":3,"34":1,"35":1,"36":1,"37":3,"38":1,"39":1,"40":1,"41":3,"42":1,"43":1,"44":1,"45":3,"46":1,"47":1,"48":1,"49":3,"50":1,"51":1,"52":1,"53":3,"54":1,"55":1,"56":1,"57":3,"58":1},"b":{"0":[1,0],"1":[1,1],"2":[12,12],"3":[1,1],"4":[0,0,0,0],"5":[1,1,0,1],"6":[1,1,0,1],"7":[1,1,0,1],"8":[1,1,0,1],"9":[1,1,0,1],"10":[1,0],"11":[1,0],"12":[1,0],"13":[1,1],"14":[1,1],"15":[1,1,0,1],"16":[1,1,0,1],"17":[1,1,0,1],"18":[1,1,0,1],"19":[1,1,0,1],"20":[1,1,0,1],"21":[1,1,0,1]},"inputSourceMap":{"version":3,"sources":["db.js"],"names":["axios","require","config","e","console","log","token","process","env","DBTOKEN","dbToken","dbURL","dbModel","callDatabase","query","method","url","data","headers","jwt","res","getCity","id","city","getCities","cities","getUser","email","user","customer","addUser","firstname","lastname","addCustomer","updateUser","userModel","currentUser","balance","paymentmethod","updateCustomer","getBikes","bikes","getBike","bike","updateBike","status","addLogEntry","scooterId","userId","xcoord","ycoord","logEntery","addHistory","updateLogPositionAndPayed","payed","updateHistory","updateLogPosition","updateLogPayed"],"mappings":";;;;;;;AACA;;;;;;;;AACA,IAAMA,KAAK,GAAGC,OAAO,CAAC,OAAD,CAArB;;AAEA,IAAIC,MAAJ;;AAEA,IAAI;AACFA,EAAAA,MAAM,GAAGD,OAAO,CAAC,kBAAD,CAAhB;AACD,CAFD,CAEE,OAAOE,CAAP,EAAU;AACVC,EAAAA,OAAO,CAACC,GAAR,CAAYF,CAAZ;AACD;;AAED,IAAMG,KAAK,GAAGC,OAAO,CAACC,GAAR,CAAYC,OAAZ,IAAuBP,MAAM,CAACQ,OAA5C;AACA,IAAMC,KAAK,GAAG,+BAAd;AAEA,IAAMC,OAAO,GAAG;AACdC,EAAAA,YAAY;AAAA,gFAAE,iBAAOC,KAAP;AAAA;AAAA;AAAA;AAAA;AAAA;AAAA;AAAA,qBACMd,KAAK,CAAC;AACtBe,gBAAAA,MAAM,EAAE,MADc;AAEtBC,gBAAAA,GAAG,EAAEL,KAFiB;AAGtBM,gBAAAA,IAAI,EAAE;AACJH,kBAAAA,KAAK,EAAEA;AADH,iBAHgB;AAMtBI,gBAAAA,OAAO,EAAE;AACPC,kBAAAA,GAAG,EAAEb;AADE;AANa,eAAD,CADX;;AAAA;AACNc,cAAAA,GADM;AAAA,+CAYLA,GAAG,CAACH,IAAJ,CAASA,IAZJ;;AAAA;AAAA;AAAA;AAAA;AAAA;AAAA;AAAA,KAAF;;AAAA;AAAA;AAAA;;AAAA;AAAA,KADE;AAedI,EAAAA,OAAO;AAAA,2EAAE,kBAAOC,EAAP;AAAA;AAAA;AAAA;AAAA;AAAA;AACDR,cAAAA,KADC,sCAEaQ,EAFb;AAAA;AAAA,qBAqBYV,OAAO,CAACC,YAAR,CAAqBC,KAArB,CArBZ;;AAAA;AAqBDS,cAAAA,IArBC;AAAA,gDAuBAA,IAAI,CAACA,IAvBL;;AAAA;AAAA;AAAA;AAAA;AAAA;AAAA;AAAA,KAAF;;AAAA;AAAA;AAAA;;AAAA;AAAA,KAfO;AAwCdC,EAAAA,SAAS;AAAA,6EAAE;AAAA;AAAA;AAAA;AAAA;AAAA;AACHV,cAAAA,KADG;AAAA;AAAA,qBAqBYF,OAAO,CAACC,YAAR,CAAqBC,KAArB,CArBZ;;AAAA;AAqBHW,cAAAA,MArBG;AAAA,gDAuBFA,MAAM,CAACA,MAvBL;;AAAA;AAAA;AAAA;AAAA;AAAA;AAAA;AAAA,KAAF;;AAAA;AAAA;AAAA;;AAAA;AAAA,KAxCK;AAiEdC,EAAAA,OAAO;AAAA,2EAAE,kBAAOC,KAAP;AAAA;AAAA;AAAA;AAAA;AAAA;AACDb,cAAAA,KADC,8CAEoBa,KAFpB;AAAA;AAAA,qBA2BYf,OAAO,CAACC,YAAR,CAAqBC,KAArB,CA3BZ;;AAAA;AA2BDc,cAAAA,IA3BC;AAAA,gDA6BAA,IAAI,CAACC,QA7BL;;AAAA;AAAA;AAAA;AAAA;AAAA;AAAA;AAAA,KAAF;;AAAA;AAAA;AAAA;;AAAA;AAAA,KAjEO;AAgGdC,EAAAA,OAAO;AAAA,2EAAE,kBAAOb,IAAP;AAAA;AAAA;AAAA;AAAA;AAAA;AACDH,cAAAA,KADC,4EAGeG,IAAI,CAACU,KAHpB,+CAImBV,IAAI,CAACc,SAJxB,8CAKkBd,IAAI,CAACe,QALvB;AAAA;AAAA,qBAkBYpB,OAAO,CAACC,YAAR,CAAqBC,KAArB,CAlBZ;;AAAA;AAkBDc,cAAAA,IAlBC;AAAA,gDAoBAA,IAAI,CAACK,WApBL;;AAAA;AAAA;AAAA;AAAA;AAAA;AAAA;AAAA,KAAF;;AAAA;AAAA;AAAA;;AAAA;AAAA,KAhGO;AAsHdC,EAAAA,UAAU;AAAA,8EAAE,kBAAOjB,IAAP;AAAA;AAAA;AAAA;AAAA;AAAA;AACJH,cAAAA,KADI,+EAGYG,IAAI,CAACU,KAAL,IAAcQ,iBAAUC,WAAV,CAAsBT,KAHhD,+CAIgBV,IAAI,CAACc,SAAL,IAAkBI,iBAAUC,WAAV,CAAsBL,SAJxD,8CAKed,IAAI,CAACe,QAAL,IAAiBG,iBAAUC,WAAV,CAAsBJ,QALtD,2CAMaf,IAAI,CAACoB,OAAL,IAAgBF,iBAAUC,WAAV,CAAsBC,OANnD,iDAOoBpB,IAAI,CAACqB,aAAL,IAAsBH,iBAAUC,WAAV,CAAsBE,aAPhE,4FASmBH,iBAAUC,WAAV,CAAsBT,KATzC;AAAA;AAAA,qBAmBSf,OAAO,CAACC,YAAR,CAAqBC,KAArB,CAnBT;;AAAA;AAmBJc,cAAAA,IAnBI;AAAA,gDAqBHA,IAAI,CAACW,cArBF;;AAAA;AAAA;AAAA;AAAA;AAAA;AAAA;AAAA,KAAF;;AAAA;AAAA;AAAA;;AAAA;AAAA,KAtHI;AA6IdC,EAAAA,QAAQ;AAAA,4EAAE;AAAA;AAAA;AAAA;AAAA;AAAA;AACF1B,cAAAA,KADE;AAAA;AAAA,qBAYYF,OAAO,CAACC,YAAR,CAAqBC,KAArB,CAZZ;;AAAA;AAYF2B,cAAAA,KAZE;AAAA,gDAcDA,KAAK,CAACA,KAdL;;AAAA;AAAA;AAAA;AAAA;AAAA;AAAA;AAAA,KAAF;;AAAA;AAAA;AAAA;;AAAA;AAAA,KA7IM;AA6JdC,EAAAA,OAAO;AAAA,2EAAE,kBAAOpB,EAAP;AAAA;AAAA;AAAA;AAAA;AAAA;AACDR,cAAAA,KADC,sCAEaQ,EAFb;AAAA;AAAA,qBAaYV,OAAO,CAACC,YAAR,CAAqBC,KAArB,CAbZ;;AAAA;AAaD6B,cAAAA,IAbC;AAAA,gDAeAA,IAAI,CAACA,IAfL;;AAAA;AAAA;AAAA;AAAA;AAAA;AAAA;AAAA,KAAF;;AAAA;AAAA;AAAA;;AAAA;AAAA,KA7JO;AA8KdC,EAAAA,UAAU;AAAA,8EAAE,kBAAO3B,IAAP;AAAA;AAAA;AAAA;AAAA;AAAA;AACJH,cAAAA,KADI,8EAGeG,IAAI,CAAC4B,MAHpB,wFAKmB5B,IAAI,CAACK,EALxB;AAAA;AAAA,qBAgBSV,OAAO,CAACC,YAAR,CAAqBC,KAArB,CAhBT;;AAAA;AAgBJ6B,cAAAA,IAhBI;AAAA,gDAkBHA,IAAI,CAACC,UAlBF;;AAAA;AAAA;AAAA;AAAA;AAAA;AAAA;AAAA,KAAF;;AAAA;AAAA;AAAA;;AAAA;AAAA,KA9KI;AAkMdE,EAAAA,WAAW;AAAA,+EAAE,mBAAO7B,IAAP;AAAA;AAAA;AAAA;AAAA;AAAA;AACLH,cAAAA,KADK,2EAGWG,IAAI,CAAC8B,SAHhB,4CAIe9B,IAAI,CAAC+B,MAJpB,6CAKgB/B,IAAI,CAACgC,MALrB,6CAMgBhC,IAAI,CAACiC,MANrB,wCAOWjC,IAAI,CAACM,IAPhB;AAAA;AAAA,qBAyCaX,OAAO,CAACC,YAAR,CAAqBC,KAArB,CAzCb;;AAAA;AAyCLqC,cAAAA,SAzCK;AAAA,iDA2CJA,SAAS,CAACC,UA3CN;;AAAA;AAAA;AAAA;AAAA;AAAA;AAAA;AAAA,KAAF;;AAAA;AAAA;AAAA;;AAAA;AAAA,KAlMG;AA+OdC,EAAAA,yBAAyB;AAAA,6FAAE,mBAAOpC,IAAP;AAAA;AAAA;AAAA;AAAA;AAAA;AACnBH,cAAAA,KADmB,iFAGAG,IAAI,CAACgC,MAHL,2CAIAhC,IAAI,CAACiC,MAJL,uCAKJjC,IAAI,CAACqC,KALD,wFAOIrC,IAAI,CAACK,EAPT;AAAA;AAAA,qBAyCPV,OAAO,CAACC,YAAR,CAAqBC,KAArB,CAzCO;;AAAA;AAyCnBT,cAAAA,GAzCmB;AAAA,iDA2ClBA,GAAG,CAACkD,aA3Cc;;AAAA;AAAA;AAAA;AAAA;AAAA;AAAA;AAAA,KAAF;;AAAA;AAAA;AAAA;;AAAA;AAAA,KA/OX;AA4RdC,EAAAA,iBAAiB;AAAA,qFAAE,mBAAOvC,IAAP;AAAA;AAAA;AAAA;AAAA;AAAA;AACXH,cAAAA,KADW,iFAGQG,IAAI,CAACgC,MAHb,2CAIQhC,IAAI,CAACiC,MAJb,wFAMYjC,IAAI,CAACK,EANjB;AAAA;AAAA,qBAwCCV,OAAO,CAACC,YAAR,CAAqBC,KAArB,CAxCD;;AAAA;AAwCXT,cAAAA,GAxCW;AAAA,iDA0CVA,GAAG,CAACkD,aA1CM;;AAAA;AAAA;AAAA;AAAA;AAAA;AAAA;AAAA,KAAF;;AAAA;AAAA;AAAA;;AAAA;AAAA,KA5RH;AAwUdE,EAAAA,cAAc;AAAA,kFAAE,mBAAOxC,IAAP;AAAA;AAAA;AAAA;AAAA;AAAA;AACRH,cAAAA,KADQ,6EAGOG,IAAI,CAACqC,KAHZ,wFAKerC,IAAI,CAACK,EALpB;AAAA;AAAA,qBAuCIV,OAAO,CAACC,YAAR,CAAqBC,KAArB,CAvCJ;;AAAA;AAuCRT,cAAAA,GAvCQ;AAAA,iDAyCPA,GAAG,CAACkD,aAzCG;;AAAA;AAAA;AAAA;AAAA;AAAA;AAAA;AAAA,KAAF;;AAAA;AAAA;AAAA;;AAAA;AAAA;AAxUA,CAAhB;eAqXe3C,O","sourceRoot":"C:\\Users\\jeppe\\OneDrive\\Dokument\\skola\\pattern\\client-webbclient\\www\\js\\models\\","sourcesContent":["/* global process */\nimport userModel from './user'\nconst axios = require('axios')\n\nlet config\n\ntry {\n  config = require('./../config.json')\n} catch (e) {\n  console.log(e)\n}\n\nconst token = process.env.DBTOKEN || config.dbToken\nconst dbURL = 'http://localhost:1337/graphql'\n\nconst dbModel = {\n  callDatabase: async (query) => {\n    const res = await axios({\n      method: 'post',\n      url: dbURL,\n      data: {\n        query: query\n      },\n      headers: {\n        jwt: token\n      }\n    })\n\n    return res.data.data\n  },\n  getCity: async (id) => {\n    const query = `{\n            city (id: ${id}) {\n                id,\n                name,\n                startingfee,\n                penaltyfee,\n                fee,\n                discount,\n                bikes {\n                    id,\n                    available,\n                    velocity,\n                    battery,\n                    xcoord,\n                    ycoord,\n                    cityid\n                }\n            }\n        }`\n\n    const city = await dbModel.callDatabase(query)\n\n    return city.city\n  },\n  getCities: async () => {\n    const query = `{\n            cities {\n                id,\n                name,\n                startingfee,\n                penaltyfee,\n                fee,\n                discount,\n                bikes {\n                    id,\n                    available,\n                    velocity,\n                    battery,\n                    xcoord,\n                    ycoord,\n                    cityid\n                }\n            }\n        }`\n\n    const cities = await dbModel.callDatabase(query)\n\n    return cities.cities\n  },\n  getUser: async (email) => {\n    const query = `{\n            customer(email: \"${email}\") {\n                id,\n                firstname,\n                lastname,\n                email,\n                balance\n                paymentmethod\n                historylogs {\n                    id,\n                    bikeid,\n                    customerid,\n                    starttime,\n                    endtime,\n                    startxcoord,\n                    startycoord,\n                    endxcoord,\n                    endycoord,\n                    startparking,\n                    endparking,\n                    payed,\n                    cityid\n                }\n            }\n        }`\n\n    const user = await dbModel.callDatabase(query)\n\n    return user.customer\n  },\n  addUser: async (data) => {\n    const query = `mutation {\n            addCustomer(\n                email: \"${data.email}\",\n                firstname: \"${data.firstname}\",\n                lastname: \"${data.lastname}\",\n                balance: 0,\n                paymentmethod: \"Direct\"\n            ) {\n                id,\n                firstname,\n                lastname,\n                email,\n                balance,\n                paymentmethod\n            }\n        }`\n\n    const user = await dbModel.callDatabase(query)\n\n    return user.addCustomer\n  },\n  updateUser: async (data) => {\n    const query = `mutation {\n            updateCustomer(\n                email: \"${data.email || userModel.currentUser.email}\",\n                firstname: \"${data.firstname || userModel.currentUser.firstname}\",\n                lastname: \"${data.lastname || userModel.currentUser.lastname}\",\n                balance: ${data.balance || userModel.currentUser.balance},\n                paymentmethod: \"${data.paymentmethod || userModel.currentUser.paymentmethod}\"\n                columnToMatch: \"email\",\n                valueToMatch: \"${userModel.currentUser.email}\"\n            ) {\n                id,\n                firstname,\n                lastname,\n                email,\n                balance\n            }\n        }`\n\n    const user = await dbModel.callDatabase(query)\n\n    return user.updateCustomer\n  },\n  getBikes: async () => {\n    const query = `{\n            bikes {\n                id\n                available\n                velocity\n                battery\n                xcoord\n                ycoord\n            }\n        }`\n\n    const bikes = await dbModel.callDatabase(query)\n\n    return bikes.bikes\n  },\n  getBike: async (id) => {\n    const query = `{\n            bike (id: ${id}) {\n                id,\n                available,\n                velocity,\n                battery,\n                xcoord,\n                ycoord,\n                cityid\n            }\n        }`\n\n    const bike = await dbModel.callDatabase(query)\n\n    return bike.bike\n  },\n  updateBike: async (data) => {\n    const query = `mutation {\n            updateBike (\n                available: ${data.status},\n                columnToMatch: \"id\",\n                valueToMatch: \"${data.id}\"\n            ) {\n                id,\n                available,\n                velocity,\n                battery,\n                xcoord,\n                ycoord\n            }\n        }`\n\n    const bike = await dbModel.callDatabase(query)\n\n    return bike.updateBike\n  },\n  addLogEntry: async (data) => {\n    const query = `mutation {\n            addHistory (\n                bikeid: ${data.scooterId},\n                customerid: ${data.userId},\n                startxcoord: ${data.xcoord},\n                startycoord: ${data.ycoord},\n                cityid: ${data.city}\n            ) {\n                id,\n                bikeid,\n                customerid,\n                starttime,\n                endtime,\n                startxcoord,\n                startycoord,\n                endxcoord,\n                endycoord,\n                startparking,\n                endparking,\n                payed,\n                cityid\n                bike {\n                    id,\n                    available,\n                    velocity,\n                    battery,\n                    xcoord,\n                    ycoord\n                },\n                customer {\n                    id,\n                    firstname,\n                    lastname,\n                    email,\n                    balance,\n                    paymentmethod\n                }\n            }\n        }`\n\n    const logEntery = await dbModel.callDatabase(query)\n\n    return logEntery.addHistory\n  },\n  updateLogPositionAndPayed: async (data) => {\n    const query = `mutation {\n            updateHistory (\n                endxcoord: ${data.xcoord},\n                endycoord: ${data.ycoord},\n                payed: ${data.payed},\n                columnToMatch: \"id\",\n                valueToMatch: \"${data.id}\"\n            ) {\n                id,\n                bikeid,\n                customerid,\n                starttime,\n                endtime,\n                startxcoord,\n                startycoord,\n                endxcoord,\n                endycoord,\n                payed,\n                cityid,\n                startparking,\n                endparking,\n                bike {\n                    id,\n                    available,\n                    velocity,\n                    battery,\n                    xcoord,\n                    ycoord\n                },\n                customer {\n                    id,\n                    firstname,\n                    lastname,\n                    email,\n                    balance,\n                    paymentmethod\n                }\n            }\n        }`\n\n    const log = await dbModel.callDatabase(query)\n\n    return log.updateHistory\n  },\n  updateLogPosition: async (data) => {\n    const query = `mutation {\n            updateHistory (\n                endxcoord: ${data.xcoord},\n                endycoord: ${data.ycoord},\n                columnToMatch: \"id\",\n                valueToMatch: \"${data.id}\"\n            ) {\n                id,\n                bikeid,\n                customerid,\n                starttime,\n                endtime,\n                startxcoord,\n                startycoord,\n                endxcoord,\n                endycoord,\n                payed,\n                cityid,\n                startparking,\n                endparking,\n                bike {\n                    id,\n                    available,\n                    velocity,\n                    battery,\n                    xcoord,\n                    ycoord\n                },\n                customer {\n                    id,\n                    firstname,\n                    lastname,\n                    email,\n                    balance,\n                    paymentmethod\n                }\n            }\n        }`\n\n    const log = await dbModel.callDatabase(query)\n\n    return log.updateHistory\n  },\n  updateLogPayed: async (data) => {\n    const query = `mutation {\n            updateHistory (\n                payed: ${data.payed},\n                columnToMatch: \"id\",\n                valueToMatch: \"${data.id}\"\n            ) {\n                id,\n                bikeid,\n                customerid,\n                starttime,\n                endtime,\n                startxcoord,\n                startycoord,\n                endxcoord,\n                endycoord,\n                payed,\n                cityid,\n                startparking,\n                endparking,\n                bike {\n                    id,\n                    available,\n                    velocity,\n                    battery,\n                    xcoord,\n                    ycoord\n                },\n                customer {\n                    id,\n                    firstname,\n                    lastname,\n                    email,\n                    balance,\n                    paymentmethod\n                }\n            }\n        }`\n\n    const log = await dbModel.callDatabase(query)\n\n    return log.updateHistory\n  }\n}\n\nexport default dbModel\n"]},"_coverageSchema":"1a1c01bbd47fc00a2c39e90264f33305004495a9","hash":"7a4ecc9dd1c849957bc40cd90ee4b5789e516644","contentHash":"e6eb53cc5865bf5fa672913521187a400eb213787913ec2602d820408ab11b85"},"C:\\Users\\jeppe\\OneDrive\\Dokument\\skola\\pattern\\client-webbclient\\www\\js\\models\\user.js":{"path":"C:\\Users\\jeppe\\OneDrive\\Dokument\\skola\\pattern\\client-webbclient\\www\\js\\models\\user.js","statementMap":{"0":{"start":{"line":3,"column":0},"end":{"line":5,"column":3}},"1":{"start":{"line":6,"column":0},"end":{"line":6,"column":28}},"2":{"start":{"line":8,"column":15},"end":{"line":8,"column":57}},"3":{"start":{"line":10,"column":10},"end":{"line":10,"column":49}},"4":{"start":{"line":12,"column":12},"end":{"line":12,"column":53}},"5":{"start":{"line":14,"column":17},"end":{"line":14,"column":63}},"6":{"start":{"line":16,"column":39},"end":{"line":16,"column":95}},"7":{"start":{"line":18,"column":77},"end":{"line":18,"column":175}},"8":{"start":{"line":18,"column":94},"end":{"line":18,"column":107}},"9":{"start":{"line":18,"column":121},"end":{"line":18,"column":131}},"10":{"start":{"line":18,"column":151},"end":{"line":18,"column":165}},"11":{"start":{"line":18,"column":166},"end":{"line":18,"column":173}},"12":{"start":{"line":18,"column":176},"end":{"line":18,"column":263}},"13":{"start":{"line":18,"column":193},"end":{"line":18,"column":208}},"14":{"start":{"line":18,"column":218},"end":{"line":18,"column":261}},"15":{"start":{"line":20,"column":33},"end":{"line":20,"column":387}},"16":{"start":{"line":20,"column":65},"end":{"line":20,"column":69}},"17":{"start":{"line":20,"column":78},"end":{"line":20,"column":87}},"18":{"start":{"line":20,"column":89},"end":{"line":20,"column":384}},"19":{"start":{"line":20,"column":147},"end":{"line":20,"column":167}},"20":{"start":{"line":20,"column":193},"end":{"line":20,"column":264}},"21":{"start":{"line":20,"column":290},"end":{"line":20,"column":360}},"22":{"start":{"line":20,"column":363},"end":{"line":20,"column":380}},"23":{"start":{"line":22,"column":12},"end":{"line":22,"column":28}},"24":{"start":{"line":24,"column":16},"end":{"line":211,"column":1}},"25":{"start":{"line":32,"column":4},"end":{"line":32,"column":88}},"26":{"start":{"line":35,"column":31},"end":{"line":62,"column":7}},"27":{"start":{"line":36,"column":6},"end":{"line":61,"column":18}},"28":{"start":{"line":37,"column":8},"end":{"line":60,"column":9}},"29":{"start":{"line":38,"column":10},"end":{"line":59,"column":11}},"30":{"start":{"line":40,"column":14},"end":{"line":40,"column":32}},"31":{"start":{"line":41,"column":14},"end":{"line":43,"column":17}},"32":{"start":{"line":46,"column":14},"end":{"line":46,"column":32}},"33":{"start":{"line":47,"column":14},"end":{"line":47,"column":73}},"34":{"start":{"line":50,"column":14},"end":{"line":50,"column":52}},"35":{"start":{"line":51,"column":14},"end":{"line":51,"column":46}},"36":{"start":{"line":52,"column":14},"end":{"line":52,"column":57}},"37":{"start":{"line":54,"column":14},"end":{"line":54,"column":43}},"38":{"start":{"line":58,"column":14},"end":{"line":58,"column":37}},"39":{"start":{"line":65,"column":6},"end":{"line":65,"column":57}},"40":{"start":{"line":68,"column":4},"end":{"line":68,"column":31}},"41":{"start":{"line":71,"column":24},"end":{"line":99,"column":7}},"42":{"start":{"line":73,"column":6},"end":{"line":98,"column":19}},"43":{"start":{"line":74,"column":8},"end":{"line":97,"column":9}},"44":{"start":{"line":75,"column":10},"end":{"line":96,"column":11}},"45":{"start":{"line":77,"column":14},"end":{"line":77,"column":33}},"46":{"start":{"line":78,"column":14},"end":{"line":87,"column":17}},"47":{"start":{"line":90,"column":14},"end":{"line":90,"column":36}},"48":{"start":{"line":91,"column":14},"end":{"line":91,"column":59}},"49":{"start":{"line":95,"column":14},"end":{"line":95,"column":38}},"50":{"start":{"line":102,"column":6},"end":{"line":102,"column":50}},"51":{"start":{"line":105,"column":4},"end":{"line":105,"column":24}},"52":{"start":{"line":108,"column":17},"end":{"line":153,"column":7}},"53":{"start":{"line":110,"column":6},"end":{"line":152,"column":19}},"54":{"start":{"line":111,"column":8},"end":{"line":151,"column":9}},"55":{"start":{"line":112,"column":10},"end":{"line":150,"column":11}},"56":{"start":{"line":114,"column":14},"end":{"line":114,"column":33}},"57":{"start":{"line":115,"column":14},"end":{"line":115,"column":48}},"58":{"start":{"line":118,"column":14},"end":{"line":118,"column":36}},"59":{"start":{"line":119,"column":14},"end":{"line":119,"column":33}},"60":{"start":{"line":120,"column":14},"end":{"line":120,"column":56}},"61":{"start":{"line":123,"column":14},"end":{"line":123,"column":36}},"62":{"start":{"line":125,"column":14},"end":{"line":128,"column":15}},"63":{"start":{"line":126,"column":16},"end":{"line":126,"column":36}},"64":{"start":{"line":127,"column":16},"end":{"line":127,"column":22}},"65":{"start":{"line":130,"column":14},"end":{"line":130,"column":33}},"66":{"start":{"line":131,"column":14},"end":{"line":135,"column":17}},"67":{"start":{"line":138,"column":14},"end":{"line":138,"column":34}},"68":{"start":{"line":139,"column":14},"end":{"line":139,"column":56}},"69":{"start":{"line":142,"column":14},"end":{"line":142,"column":36}},"70":{"start":{"line":145,"column":14},"end":{"line":145,"column":43}},"71":{"start":{"line":149,"column":14},"end":{"line":149,"column":38}},"72":{"start":{"line":156,"column":6},"end":{"line":156,"column":43}},"73":{"start":{"line":159,"column":4},"end":{"line":159,"column":17}},"74":{"start":{"line":162,"column":22},"end":{"line":162,"column":24}},"75":{"start":{"line":163,"column":4},"end":{"line":208,"column":7}},"76":{"start":{"line":164,"column":6},"end":{"line":207,"column":7}},"77":{"start":{"line":165,"column":19},"end":{"line":165,"column":57}},"78":{"start":{"line":167,"column":22},"end":{"line":167,"column":66}},"79":{"start":{"line":169,"column":23},"end":{"line":169,"column":68}},"80":{"start":{"line":171,"column":21},"end":{"line":171,"column":64}},"81":{"start":{"line":173,"column":20},"end":{"line":173,"column":60}},"82":{"start":{"line":175,"column":20},"end":{"line":184,"column":10}},"83":{"start":{"line":186,"column":23},"end":{"line":186,"column":94}},"84":{"start":{"line":188,"column":22},"end":{"line":188,"column":73}},"85":{"start":{"line":190,"column":23},"end":{"line":199,"column":9}},"86":{"start":{"line":201,"column":8},"end":{"line":206,"column":9}},"87":{"start":{"line":202,"column":10},"end":{"line":202,"column":44}},"88":{"start":{"line":204,"column":10},"end":{"line":204,"column":34}},"89":{"start":{"line":205,"column":10},"end":{"line":205,"column":44}},"90":{"start":{"line":209,"column":4},"end":{"line":209,"column":23}},"91":{"start":{"line":212,"column":15},"end":{"line":212,"column":24}},"92":{"start":{"line":213,"column":0},"end":{"line":213,"column":30}}},"fnMap":{"0":{"name":"_interopRequireDefault","decl":{"start":{"line":16,"column":9},"end":{"line":16,"column":31}},"loc":{"start":{"line":16,"column":37},"end":{"line":16,"column":97}},"line":16},"1":{"name":"asyncGeneratorStep","decl":{"start":{"line":18,"column":9},"end":{"line":18,"column":27}},"loc":{"start":{"line":18,"column":75},"end":{"line":18,"column":265}},"line":18},"2":{"name":"_asyncToGenerator","decl":{"start":{"line":20,"column":9},"end":{"line":20,"column":26}},"loc":{"start":{"line":20,"column":31},"end":{"line":20,"column":389}},"line":20},"3":{"name":"(anonymous_3)","decl":{"start":{"line":20,"column":40},"end":{"line":20,"column":41}},"loc":{"start":{"line":20,"column":52},"end":{"line":20,"column":386}},"line":20},"4":{"name":"(anonymous_4)","decl":{"start":{"line":20,"column":108},"end":{"line":20,"column":109}},"loc":{"start":{"line":20,"column":135},"end":{"line":20,"column":382}},"line":20},"5":{"name":"_next","decl":{"start":{"line":20,"column":178},"end":{"line":20,"column":183}},"loc":{"start":{"line":20,"column":191},"end":{"line":20,"column":266}},"line":20},"6":{"name":"_throw","decl":{"start":{"line":20,"column":276},"end":{"line":20,"column":282}},"loc":{"start":{"line":20,"column":288},"end":{"line":20,"column":362}},"line":20},"7":{"name":"changeHistoryMode","decl":{"start":{"line":31,"column":30},"end":{"line":31,"column":47}},"loc":{"start":{"line":31,"column":50},"end":{"line":33,"column":3}},"line":31},"8":{"name":"(anonymous_8)","decl":{"start":{"line":34,"column":23},"end":{"line":34,"column":24}},"loc":{"start":{"line":34,"column":35},"end":{"line":69,"column":3}},"line":34},"9":{"name":"_callee","decl":{"start":{"line":35,"column":96},"end":{"line":35,"column":103}},"loc":{"start":{"line":35,"column":106},"end":{"line":62,"column":5}},"line":35},"10":{"name":"_callee$","decl":{"start":{"line":36,"column":46},"end":{"line":36,"column":54}},"loc":{"start":{"line":36,"column":65},"end":{"line":61,"column":7}},"line":36},"11":{"name":"changePaymentMethod","decl":{"start":{"line":64,"column":13},"end":{"line":64,"column":32}},"loc":{"start":{"line":64,"column":35},"end":{"line":66,"column":5}},"line":64},"12":{"name":"(anonymous_12)","decl":{"start":{"line":70,"column":16},"end":{"line":70,"column":17}},"loc":{"start":{"line":70,"column":28},"end":{"line":106,"column":3}},"line":70},"13":{"name":"_callee2","decl":{"start":{"line":71,"column":89},"end":{"line":71,"column":97}},"loc":{"start":{"line":71,"column":102},"end":{"line":99,"column":5}},"line":71},"14":{"name":"_callee2$","decl":{"start":{"line":73,"column":46},"end":{"line":73,"column":55}},"loc":{"start":{"line":73,"column":67},"end":{"line":98,"column":7}},"line":73},"15":{"name":"getLoginData","decl":{"start":{"line":101,"column":13},"end":{"line":101,"column":25}},"loc":{"start":{"line":101,"column":30},"end":{"line":103,"column":5}},"line":101},"16":{"name":"(anonymous_16)","decl":{"start":{"line":107,"column":9},"end":{"line":107,"column":10}},"loc":{"start":{"line":107,"column":21},"end":{"line":160,"column":3}},"line":107},"17":{"name":"_callee3","decl":{"start":{"line":108,"column":82},"end":{"line":108,"column":90}},"loc":{"start":{"line":108,"column":95},"end":{"line":153,"column":5}},"line":108},"18":{"name":"_callee3$","decl":{"start":{"line":110,"column":46},"end":{"line":110,"column":55}},"loc":{"start":{"line":110,"column":67},"end":{"line":152,"column":7}},"line":110},"19":{"name":"login","decl":{"start":{"line":155,"column":13},"end":{"line":155,"column":18}},"loc":{"start":{"line":155,"column":24},"end":{"line":157,"column":5}},"line":155},"20":{"name":"filterLog","decl":{"start":{"line":161,"column":22},"end":{"line":161,"column":31}},"loc":{"start":{"line":161,"column":37},"end":{"line":210,"column":3}},"line":161},"21":{"name":"(anonymous_21)","decl":{"start":{"line":163,"column":16},"end":{"line":163,"column":17}},"loc":{"start":{"line":163,"column":33},"end":{"line":208,"column":5}},"line":163}},"branchMap":{"0":{"loc":{"start":{"line":16,"column":46},"end":{"line":16,"column":94}},"type":"cond-expr","locations":[{"start":{"line":16,"column":70},"end":{"line":16,"column":73}},{"start":{"line":16,"column":76},"end":{"line":16,"column":94}}],"line":16},"1":{"loc":{"start":{"line":16,"column":46},"end":{"line":16,"column":67}},"type":"binary-expr","locations":[{"start":{"line":16,"column":46},"end":{"line":16,"column":49}},{"start":{"line":16,"column":53},"end":{"line":16,"column":67}}],"line":16},"2":{"loc":{"start":{"line":18,"column":176},"end":{"line":18,"column":263}},"type":"if","locations":[{"start":{"line":18,"column":176},"end":{"line":18,"column":263}},{"start":{"line":18,"column":176},"end":{"line":18,"column":263}}],"line":18},"3":{"loc":{"start":{"line":32,"column":28},"end":{"line":32,"column":87}},"type":"cond-expr","locations":[{"start":{"line":32,"column":66},"end":{"line":32,"column":75}},{"start":{"line":32,"column":78},"end":{"line":32,"column":87}}],"line":32},"4":{"loc":{"start":{"line":38,"column":10},"end":{"line":59,"column":11}},"type":"switch","locations":[{"start":{"line":39,"column":12},"end":{"line":43,"column":17}},{"start":{"line":45,"column":12},"end":{"line":47,"column":73}},{"start":{"line":49,"column":12},"end":{"line":54,"column":43}},{"start":{"line":56,"column":12},"end":{"line":56,"column":19}},{"start":{"line":57,"column":12},"end":{"line":58,"column":37}}],"line":38},"5":{"loc":{"start":{"line":75,"column":10},"end":{"line":96,"column":11}},"type":"switch","locations":[{"start":{"line":76,"column":12},"end":{"line":87,"column":17}},{"start":{"line":89,"column":12},"end":{"line":91,"column":59}},{"start":{"line":93,"column":12},"end":{"line":93,"column":19}},{"start":{"line":94,"column":12},"end":{"line":95,"column":38}}],"line":75},"6":{"loc":{"start":{"line":112,"column":10},"end":{"line":150,"column":11}},"type":"switch","locations":[{"start":{"line":113,"column":12},"end":{"line":115,"column":48}},{"start":{"line":117,"column":12},"end":{"line":120,"column":56}},{"start":{"line":122,"column":12},"end":{"line":135,"column":17}},{"start":{"line":137,"column":12},"end":{"line":139,"column":56}},{"start":{"line":141,"column":12},"end":{"line":142,"column":36}},{"start":{"line":144,"column":12},"end":{"line":145,"column":43}},{"start":{"line":147,"column":12},"end":{"line":147,"column":20}},{"start":{"line":148,"column":12},"end":{"line":149,"column":38}}],"line":112},"7":{"loc":{"start":{"line":125,"column":14},"end":{"line":128,"column":15}},"type":"if","locations":[{"start":{"line":125,"column":14},"end":{"line":128,"column":15}},{"start":{"line":125,"column":14},"end":{"line":128,"column":15}}],"line":125},"8":{"loc":{"start":{"line":164,"column":6},"end":{"line":207,"column":7}},"type":"if","locations":[{"start":{"line":164,"column":6},"end":{"line":207,"column":7}},{"start":{"line":164,"column":6},"end":{"line":207,"column":7}}],"line":164},"9":{"loc":{"start":{"line":164,"column":10},"end":{"line":164,"column":44}},"type":"binary-expr","locations":[{"start":{"line":164,"column":10},"end":{"line":164,"column":27}},{"start":{"line":164,"column":31},"end":{"line":164,"column":44}}],"line":164},"10":{"loc":{"start":{"line":201,"column":8},"end":{"line":206,"column":9}},"type":"if","locations":[{"start":{"line":201,"column":8},"end":{"line":206,"column":9}},{"start":{"line":201,"column":8},"end":{"line":206,"column":9}}],"line":201}},"s":{"0":1,"1":1,"2":1,"3":1,"4":1,"5":1,"6":4,"7":11,"8":11,"9":11,"10":0,"11":0,"12":11,"13":3,"14":8,"15":3,"16":3,"17":3,"18":3,"19":3,"20":11,"21":0,"22":3,"23":1,"24":1,"25":2,"26":1,"27":2,"28":6,"29":6,"30":2,"31":2,"32":2,"33":2,"34":2,"35":2,"36":2,"37":2,"38":2,"39":2,"40":1,"41":1,"42":0,"43":0,"44":0,"45":0,"46":0,"47":0,"48":0,"49":0,"50":0,"51":1,"52":1,"53":1,"54":5,"55":5,"56":1,"57":1,"58":1,"59":1,"60":1,"61":1,"62":1,"63":0,"64":0,"65":1,"66":1,"67":1,"68":1,"69":1,"70":1,"71":1,"72":1,"73":1,"74":2,"75":2,"76":6,"77":5,"78":5,"79":5,"80":5,"81":5,"82":5,"83":5,"84":5,"85":5,"86":5,"87":1,"88":4,"89":4,"90":2,"91":1,"92":1},"f":{"0":4,"1":11,"2":3,"3":3,"4":3,"5":11,"6":0,"7":2,"8":1,"9":2,"10":6,"11":2,"12":1,"13":0,"14":0,"15":0,"16":1,"17":1,"18":5,"19":1,"20":2,"21":6},"b":{"0":[3,1],"1":[4,4],"2":[3,8],"3":[1,1],"4":[2,2,2,2,2],"5":[0,0,0,0],"6":[1,1,1,1,1,1,1,1],"7":[0,1],"8":[5,1],"9":[6,5],"10":[1,4]},"inputSourceMap":{"version":3,"sources":["user.js"],"names":["axios","require","userModel","historyMode","currentUser","filteredHistory","authorized","changePayment","selectedPaymentMethod","changeHistoryMode","changePaymentMethod","dbModel","updateUser","paymentmethod","getUser","email","m","redraw","getLoginData","id","method","url","headers","token","data","login","user","addUser","firstname","name","split","lastname","filterLog","log","filteredLog","forEach","entry","payed","endtime","city","cityModel","getCity","cityid","logYear","utilitiesModel","getYear","logMonth","getMonth","logDay","getDay","logId","price","calculatePrice","startingfee","fee","discount","penaltyfee","startTime","starttime","endTime","startPosition","startparking","endPosition","endparking","duration","calculateDuration","expDate","getExpDate","logEntry","year","month","day","push"],"mappings":";;;;;;;AAAA;;AAEA;;AACA;;AACA;;;;;;;;AACA,IAAMA,KAAK,GAAGC,OAAO,CAAC,OAAD,CAArB;;AAEA,IAAMC,SAAS,GAAG;AAChBC,EAAAA,WAAW,EAAE,SADG;AAEhBC,EAAAA,WAAW,EAAE,EAFG;AAGhBC,EAAAA,eAAe,EAAE,EAHD;AAIhBC,EAAAA,UAAU,EAAE,KAJI;AAKhBC,EAAAA,aAAa,EAAE,KALC;AAMhBC,EAAAA,qBAAqB,EAAE,QANP;AAOhBC,EAAAA,iBAAiB,EAAE,6BAAM;AACvBP,IAAAA,SAAS,CAACC,WAAV,GAAyBD,SAAS,CAACC,WAAV,KAA0B,SAA3B,GAAwC,SAAxC,GAAoD,SAA5E;AACD,GATe;AAUhBO,EAAAA,mBAAmB;AAAA,uFAAE;AAAA;AAAA;AAAA;AAAA;AAAA;AAAA,qBACbC,eAAQC,UAAR,CAAmB;AAAEC,gBAAAA,aAAa,EAAEX,SAAS,CAACM;AAA3B,eAAnB,CADa;;AAAA;AAAA;AAAA,qBAEWG,eAAQG,OAAR,CAAgBZ,SAAS,CAACE,WAAV,CAAsBW,KAAtC,CAFX;;AAAA;AAEnBb,cAAAA,SAAS,CAACE,WAFS;AAInBF,cAAAA,SAAS,CAACK,aAAV,GAA0B,KAA1B;AACAL,cAAAA,SAAS,CAACM,qBAAV,GAAkC,QAAlC;;AACAQ,kCAAEC,MAAF;;AANmB;AAAA;AAAA;AAAA;AAAA;AAAA;AAAA,KAAF;;AAAA;AAAA;AAAA;;AAAA;AAAA,KAVH;AAkBhBC,EAAAA,YAAY;AAAA,gFAAE,kBAAOC,EAAP;AAAA;AAAA;AAAA;AAAA;AAAA;AAAA;AAAA,qBACOnB,KAAK,CAAC;AACvBoB,gBAAAA,MAAM,EAAE,MADe;AAEvBC,gBAAAA,GAAG,EAAE,2BAFkB;AAGvBC,gBAAAA,OAAO,EAAE;AACPC,kBAAAA,KAAK,EAAE;AADA,iBAHc;AAMvBC,gBAAAA,IAAI,EAAE;AACJL,kBAAAA,EAAE,EAAEA;AADA;AANiB,eAAD,CADZ;;AAAA;AACNK,cAAAA,IADM;AAAA,gDAYLA,IAAI,CAACA,IAZA;;AAAA;AAAA;AAAA;AAAA;AAAA;AAAA;AAAA,KAAF;;AAAA;AAAA;AAAA;;AAAA;AAAA,KAlBI;AAgChBC,EAAAA,KAAK;AAAA,yEAAE,kBAAON,EAAP;AAAA;AAAA;AAAA;AAAA;AAAA;AAAA;AAAA,qBACcjB,SAAS,CAACgB,YAAV,CAAuBC,EAAvB,CADd;;AAAA;AACCK,cAAAA,IADD;AAAA;AAAA,qBAGYb,eAAQG,OAAR,CAAgBU,IAAI,CAACT,KAArB,CAHZ;;AAAA;AAGDW,cAAAA,IAHC;;AAAA,kBAKAA,IALA;AAAA;AAAA;AAAA;;AAAA;AAAA,qBAMGf,eAAQgB,OAAR,CAAgB;AACpBZ,gBAAAA,KAAK,EAAES,IAAI,CAACT,KADQ;AAEpBa,gBAAAA,SAAS,EAAEJ,IAAI,CAACK,IAAL,CAAUC,KAAV,CAAgB,GAAhB,EAAqB,CAArB,CAFS;AAGpBC,gBAAAA,QAAQ,EAAEP,IAAI,CAACK,IAAL,CAAUC,KAAV,CAAgB,GAAhB,EAAqB,CAArB;AAHU,eAAhB,CANH;;AAAA;AAAA;AAAA,qBAYUnB,eAAQG,OAAR,CAAgBU,IAAI,CAACT,KAArB,CAZV;;AAAA;AAYHW,cAAAA,IAZG;;AAAA;AAeLxB,cAAAA,SAAS,CAACE,WAAV,GAAwBsB,IAAxB;;AAfK;AAAA;AAAA;AAAA;AAAA;AAAA;AAAA,KAAF;;AAAA;AAAA;AAAA;;AAAA;AAAA,KAhCW;AAiDhBM,EAAAA,SAAS,EAAE,mBAACC,GAAD,EAAS;AAClB,QAAMC,WAAW,GAAG,EAApB;AAEAD,IAAAA,GAAG,CAACE,OAAJ,CAAY,UAACC,KAAD,EAAW;AACrB,UAAIA,KAAK,CAACC,KAAN,KAAgB,CAAhB,IAAqBD,KAAK,CAACE,OAA/B,EAAwC;AACtC,YAAMC,IAAI,GAAGC,iBAAUC,OAAV,CAAkBL,KAAK,CAACM,MAAxB,CAAb;;AACA,YAAMC,OAAO,GAAGC,sBAAeC,OAAf,CAAuBT,KAAK,CAACE,OAA7B,CAAhB;;AACA,YAAMQ,QAAQ,GAAGF,sBAAeG,QAAf,CAAwBX,KAAK,CAACE,OAA9B,CAAjB;;AACA,YAAMU,MAAM,GAAGJ,sBAAeK,MAAf,CAAsBb,KAAK,CAACE,OAA5B,CAAf;;AACA,YAAMY,KAAK,aAAMP,OAAN,cAAiBG,QAAjB,CAAX;;AACA,YAAMK,KAAK,GAAGP,sBAAeQ,cAAf,CAA8B;AAC1CC,UAAAA,WAAW,EAAEd,IAAI,CAACc,WADwB;AAE1CC,UAAAA,GAAG,EAAEf,IAAI,CAACe,GAFgC;AAG1CC,UAAAA,QAAQ,EAAEhB,IAAI,CAACgB,QAH2B;AAI1CC,UAAAA,UAAU,EAAEjB,IAAI,CAACiB,UAJyB;AAK1CC,UAAAA,SAAS,EAAErB,KAAK,CAACsB,SALyB;AAM1CC,UAAAA,OAAO,EAAEvB,KAAK,CAACE,OAN2B;AAO1CsB,UAAAA,aAAa,EAAExB,KAAK,CAACyB,YAPqB;AAQ1CC,UAAAA,WAAW,EAAE1B,KAAK,CAAC2B;AARuB,SAA9B,CAAd;;AAUA,YAAMC,QAAQ,GAAGpB,sBAAeqB,iBAAf,CAAiC7B,KAAK,CAACsB,SAAvC,EAAkDtB,KAAK,CAACE,OAAxD,CAAjB;;AACA,YAAM4B,OAAO,GAAGtB,sBAAeuB,UAAf,CACdxB,OADc,EACLG,QADK,CAAhB;;AAIA,YAAMsB,QAAQ,GAAG;AACfjD,UAAAA,EAAE,EAAEiB,KAAK,CAACjB,EADK;AAEfkD,UAAAA,IAAI,EAAE1B,OAFS;AAGf2B,UAAAA,KAAK,EAAExB,QAHQ;AAIfyB,UAAAA,GAAG,EAAEvB,MAJU;AAKfkB,UAAAA,OAAO,EAAEA,OALM;AAMff,UAAAA,KAAK,EAAEA,KANQ;AAOfa,UAAAA,QAAQ,EAAEA,QAPK;AAQfzB,UAAAA,IAAI,EAAEA,IAAI,CAACV;AARI,SAAjB;;AAWA,YAAIK,WAAW,CAACgB,KAAD,CAAf,EAAwB;AACtBhB,UAAAA,WAAW,CAACgB,KAAD,CAAX,CAAmBsB,IAAnB,CAAwBJ,QAAxB;AACD,SAFD,MAEO;AACLlC,UAAAA,WAAW,CAACgB,KAAD,CAAX,GAAqB,EAArB;AACAhB,UAAAA,WAAW,CAACgB,KAAD,CAAX,CAAmBsB,IAAnB,CAAwBJ,QAAxB;AACD;AACF;AACF,KAxCD;AA0CA,WAAOlC,WAAP;AACD;AA/Fe,CAAlB;eAkGehC,S","sourceRoot":"C:\\Users\\jeppe\\OneDrive\\Dokument\\skola\\pattern\\client-webbclient\\www\\js\\models\\","sourcesContent":["import m from 'mithril'\n\nimport dbModel from './db'\nimport cityModel from './city'\nimport utilitiesModel from './utilities'\nconst axios = require('axios')\n\nconst userModel = {\n  historyMode: 'history',\n  currentUser: {},\n  filteredHistory: {},\n  authorized: false,\n  changePayment: false,\n  selectedPaymentMethod: 'Direct',\n  changeHistoryMode: () => {\n    userModel.historyMode = (userModel.historyMode === 'history') ? 'invoice' : 'history'\n  },\n  changePaymentMethod: async () => {\n    await dbModel.updateUser({ paymentmethod: userModel.selectedPaymentMethod })\n    userModel.currentUser = await dbModel.getUser(userModel.currentUser.email)\n\n    userModel.changePayment = false\n    userModel.selectedPaymentMethod = 'Direct'\n    m.redraw()\n  },\n  getLoginData: async (id) => {\n    const data = await axios({\n      method: 'post',\n      url: 'http://localhost:666/data',\n      headers: {\n        token: 'test'\n      },\n      data: {\n        id: id\n      }\n    })\n\n    return data.data\n  },\n  login: async (id) => {\n    const data = await userModel.getLoginData(id)\n\n    let user = await dbModel.getUser(data.email)\n\n    if (!user) {\n      await dbModel.addUser({\n        email: data.email,\n        firstname: data.name.split(' ')[0],\n        lastname: data.name.split(' ')[1]\n      })\n\n      user = await dbModel.getUser(data.email)\n    }\n\n    userModel.currentUser = user\n  },\n  filterLog: (log) => {\n    const filteredLog = {}\n\n    log.forEach((entry) => {\n      if (entry.payed === 0 && entry.endtime) {\n        const city = cityModel.getCity(entry.cityid)\n        const logYear = utilitiesModel.getYear(entry.endtime)\n        const logMonth = utilitiesModel.getMonth(entry.endtime)\n        const logDay = utilitiesModel.getDay(entry.endtime)\n        const logId = `${logYear}-${logMonth}`\n        const price = utilitiesModel.calculatePrice({\n          startingfee: city.startingfee,\n          fee: city.fee,\n          discount: city.discount,\n          penaltyfee: city.penaltyfee,\n          startTime: entry.starttime,\n          endTime: entry.endtime,\n          startPosition: entry.startparking,\n          endPosition: entry.endparking\n        })\n        const duration = utilitiesModel.calculateDuration(entry.starttime, entry.endtime)\n        const expDate = utilitiesModel.getExpDate(\n          logYear, logMonth\n        )\n\n        const logEntry = {\n          id: entry.id,\n          year: logYear,\n          month: logMonth,\n          day: logDay,\n          expDate: expDate,\n          price: price,\n          duration: duration,\n          city: city.name\n        }\n\n        if (filteredLog[logId]) {\n          filteredLog[logId].push(logEntry)\n        } else {\n          filteredLog[logId] = []\n          filteredLog[logId].push(logEntry)\n        }\n      }\n    })\n\n    return filteredLog\n  }\n}\n\nexport default userModel\n"]},"_coverageSchema":"1a1c01bbd47fc00a2c39e90264f33305004495a9","hash":"7769a0c7e7e7315217669f7fcd3358b91186cedd","contentHash":"fe4df02ff9551e46bb500038e82527302e35fbfc7fb506143bf508e9f776b6c4"},"C:\\Users\\jeppe\\OneDrive\\Dokument\\skola\\pattern\\client-webbclient\\www\\js\\models\\city.js":{"path":"C:\\Users\\jeppe\\OneDrive\\Dokument\\skola\\pattern\\client-webbclient\\www\\js\\models\\city.js","statementMap":{"0":{"start":{"line":3,"column":0},"end":{"line":5,"column":3}},"1":{"start":{"line":6,"column":0},"end":{"line":6,"column":28}},"2":{"start":{"line":7,"column":16},"end":{"line":14,"column":1}},"3":{"start":{"line":10,"column":4},"end":{"line":12,"column":7}},"4":{"start":{"line":11,"column":6},"end":{"line":11,"column":28}},"5":{"start":{"line":15,"column":15},"end":{"line":15,"column":24}},"6":{"start":{"line":16,"column":0},"end":{"line":16,"column":30}}},"fnMap":{"0":{"name":"getCity","decl":{"start":{"line":9,"column":20},"end":{"line":9,"column":27}},"loc":{"start":{"line":9,"column":32},"end":{"line":13,"column":3}},"line":9},"1":{"name":"(anonymous_1)","decl":{"start":{"line":10,"column":36},"end":{"line":10,"column":37}},"loc":{"start":{"line":10,"column":52},"end":{"line":12,"column":5}},"line":10}},"branchMap":{},"s":{"0":1,"1":1,"2":1,"3":1,"4":5,"5":1,"6":1},"f":{"0":1,"1":5},"b":{},"inputSourceMap":{"version":3,"sources":["city.js"],"names":["cityModel","allCities","getCity","id","find","city"],"mappings":";;;;;;AAAA,IAAMA,SAAS,GAAG;AAChBC,EAAAA,SAAS,EAAE,EADK;AAEhBC,EAAAA,OAAO,EAAE,iBAACC,EAAD,EAAQ;AACf,WAAOH,SAAS,CAACC,SAAV,CAAoBG,IAApB,CAAyB,UAAAC,IAAI;AAAA,aAAIA,IAAI,CAACF,EAAL,KAAYA,EAAhB;AAAA,KAA7B,CAAP;AACD;AAJe,CAAlB;eAOeH,S","sourceRoot":"C:\\Users\\jeppe\\OneDrive\\Dokument\\skola\\pattern\\client-webbclient\\www\\js\\models\\","sourcesContent":["const cityModel = {\n  allCities: [],\n  getCity: (id) => {\n    return cityModel.allCities.find(city => city.id === id)\n  }\n}\n\nexport default cityModel\n"]},"_coverageSchema":"1a1c01bbd47fc00a2c39e90264f33305004495a9","hash":"12621b10b63033b4df518d541240b874d112c743","contentHash":"aee3120db1f51b70d987d25af6e6b3f2e9ba9fcd3122a34f6ed732febfe25aca"},"C:\\Users\\jeppe\\OneDrive\\Dokument\\skola\\pattern\\client-webbclient\\www\\js\\models\\utilities.js":{"path":"C:\\Users\\jeppe\\OneDrive\\Dokument\\skola\\pattern\\client-webbclient\\www\\js\\models\\utilities.js","statementMap":{"0":{"start":{"line":3,"column":0},"end":{"line":5,"column":3}},"1":{"start":{"line":6,"column":0},"end":{"line":6,"column":28}},"2":{"start":{"line":7,"column":21},"end":{"line":157,"column":1}},"3":{"start":{"line":9,"column":21},"end":{"line":9,"column":40}},"4":{"start":{"line":10,"column":15},"end":{"line":10,"column":19}},"5":{"start":{"line":11,"column":14},"end":{"line":11,"column":16}},"6":{"start":{"line":12,"column":14},"end":{"line":12,"column":16}},"7":{"start":{"line":13,"column":16},"end":{"line":13,"column":45}},"8":{"start":{"line":14,"column":18},"end":{"line":14,"column":51}},"9":{"start":{"line":15,"column":18},"end":{"line":15,"column":55}},"10":{"start":{"line":16,"column":4},"end":{"line":16,"column":30}},"11":{"start":{"line":17,"column":4},"end":{"line":17,"column":34}},"12":{"start":{"line":18,"column":4},"end":{"line":18,"column":34}},"13":{"start":{"line":19,"column":4},"end":{"line":19,"column":62}},"14":{"start":{"line":20,"column":4},"end":{"line":20,"column":70}},"15":{"start":{"line":21,"column":4},"end":{"line":21,"column":70}},"16":{"start":{"line":22,"column":4},"end":{"line":22,"column":70}},"17":{"start":{"line":25,"column":21},"end":{"line":25,"column":22}},"18":{"start":{"line":26,"column":15},"end":{"line":26,"column":19}},"19":{"start":{"line":27,"column":14},"end":{"line":27,"column":16}},"20":{"start":{"line":28,"column":4},"end":{"line":28,"column":35}},"21":{"start":{"line":29,"column":20},"end":{"line":29,"column":54}},"22":{"start":{"line":30,"column":18},"end":{"line":30,"column":50}},"23":{"start":{"line":31,"column":19},"end":{"line":31,"column":64}},"24":{"start":{"line":32,"column":4},"end":{"line":32,"column":38}},"25":{"start":{"line":34,"column":4},"end":{"line":36,"column":5}},"26":{"start":{"line":35,"column":6},"end":{"line":35,"column":34}},"27":{"start":{"line":38,"column":4},"end":{"line":40,"column":5}},"28":{"start":{"line":39,"column":6},"end":{"line":39,"column":36}},"29":{"start":{"line":42,"column":4},"end":{"line":42,"column":22}},"30":{"start":{"line":45,"column":20},"end":{"line":45,"column":22}},"31":{"start":{"line":46,"column":15},"end":{"line":46,"column":33}},"32":{"start":{"line":47,"column":16},"end":{"line":47,"column":35}},"33":{"start":{"line":48,"column":14},"end":{"line":48,"column":28}},"34":{"start":{"line":49,"column":16},"end":{"line":49,"column":31}},"35":{"start":{"line":50,"column":18},"end":{"line":50,"column":35}},"36":{"start":{"line":51,"column":18},"end":{"line":51,"column":35}},"37":{"start":{"line":52,"column":4},"end":{"line":52,"column":77}},"38":{"start":{"line":53,"column":4},"end":{"line":53,"column":78}},"39":{"start":{"line":54,"column":4},"end":{"line":54,"column":76}},"40":{"start":{"line":55,"column":4},"end":{"line":55,"column":78}},"41":{"start":{"line":56,"column":4},"end":{"line":56,"column":80}},"42":{"start":{"line":57,"column":4},"end":{"line":57,"column":75}},"43":{"start":{"line":58,"column":4},"end":{"line":58,"column":21}},"44":{"start":{"line":61,"column":4},"end":{"line":61,"column":67}},"45":{"start":{"line":64,"column":4},"end":{"line":64,"column":36}},"46":{"start":{"line":65,"column":4},"end":{"line":65,"column":30}},"47":{"start":{"line":68,"column":4},"end":{"line":68,"column":36}},"48":{"start":{"line":69,"column":4},"end":{"line":69,"column":31}},"49":{"start":{"line":72,"column":4},"end":{"line":72,"column":36}},"50":{"start":{"line":73,"column":4},"end":{"line":73,"column":26}},"51":{"start":{"line":76,"column":15},"end":{"line":76,"column":19}},"52":{"start":{"line":77,"column":19},"end":{"line":77,"column":28}},"53":{"start":{"line":78,"column":18},"end":{"line":78,"column":30}},"54":{"start":{"line":80,"column":4},"end":{"line":85,"column":5}},"55":{"start":{"line":81,"column":6},"end":{"line":81,"column":22}},"56":{"start":{"line":82,"column":6},"end":{"line":82,"column":33}},"57":{"start":{"line":83,"column":11},"end":{"line":85,"column":5}},"58":{"start":{"line":84,"column":6},"end":{"line":84,"column":38}},"59":{"start":{"line":87,"column":4},"end":{"line":87,"column":70}},"60":{"start":{"line":90,"column":15},"end":{"line":90,"column":50}},"61":{"start":{"line":91,"column":16},"end":{"line":91,"column":51}},"62":{"start":{"line":92,"column":4},"end":{"line":92,"column":46}},"63":{"start":{"line":96,"column":14},"end":{"line":96,"column":16}},"64":{"start":{"line":97,"column":14},"end":{"line":97,"column":16}},"65":{"start":{"line":98,"column":24},"end":{"line":98,"column":43}},"66":{"start":{"line":99,"column":16},"end":{"line":99,"column":54}},"67":{"start":{"line":100,"column":18},"end":{"line":100,"column":50}},"68":{"start":{"line":101,"column":18},"end":{"line":101,"column":44}},"69":{"start":{"line":102,"column":4},"end":{"line":102,"column":37}},"70":{"start":{"line":105,"column":14},"end":{"line":105,"column":16}},"71":{"start":{"line":106,"column":14},"end":{"line":106,"column":16}},"72":{"start":{"line":107,"column":16},"end":{"line":107,"column":36}},"73":{"start":{"line":108,"column":18},"end":{"line":108,"column":51}},"74":{"start":{"line":109,"column":18},"end":{"line":109,"column":55}},"75":{"start":{"line":110,"column":4},"end":{"line":110,"column":30}},"76":{"start":{"line":111,"column":4},"end":{"line":111,"column":34}},"77":{"start":{"line":112,"column":4},"end":{"line":112,"column":34}},"78":{"start":{"line":113,"column":4},"end":{"line":113,"column":62}},"79":{"start":{"line":114,"column":4},"end":{"line":114,"column":70}},"80":{"start":{"line":115,"column":4},"end":{"line":115,"column":70}},"81":{"start":{"line":116,"column":4},"end":{"line":116,"column":70}},"82":{"start":{"line":119,"column":29},"end":{"line":119,"column":58}},"83":{"start":{"line":120,"column":4},"end":{"line":120,"column":96}},"84":{"st
[...]
":16},"end":{"line":66,"column":22}},"35":{"start":{"line":69,"column":14},"end":{"line":69,"column":81}},"36":{"start":{"line":70,"column":14},"end":{"line":70,"column":32}},"37":{"start":{"line":71,"column":14},"end":{"line":73,"column":17}},"38":{"start":{"line":76,"column":14},"end":{"line":76,"column":33}},"39":{"start":{"line":77,"column":14},"end":{"line":77,"column":80}},"40":{"start":{"line":80,"column":14},"end":{"line":80,"column":59}},"41":{"start":{"line":81,"column":14},"end":{"line":81,"column":44}},"42":{"start":{"line":83,"column":14},"end":{"line":83,"column":65}},"43":{"start":{"line":85,"column":14},"end":{"line":87,"column":23}},"44":{"start":{"line":86,"column":16},"end":{"line":86,"column":55}},"45":{"start":{"line":88,"column":14},"end":{"line":88,"column":33}},"46":{"start":{"line":89,"column":14},"end":{"line":89,"column":20}},"47":{"start":{"line":92,"column":14},"end":{"line":92,"column":93}},"48":{"start":{"line":94,"column":14},"end":{"line":96,"column":15}},"49":{"start":{"line":95,"column":16},"end":{"line":95,"column":72}},"50":{"start":{"line":98,"column":14},"end":{"line":106,"column":16}},"51":{"start":{"line":100,"column":18},"end":{"line":104,"column":19}},"52":{"start":{"line":101,"column":20},"end":{"line":101,"column":649}},"53":{"start":{"line":103,"column":20},"end":{"line":103,"column":348}},"54":{"start":{"line":107,"column":14},"end":{"line":109,"column":23}},"55":{"start":{"line":108,"column":16},"end":{"line":108,"column":46}},"56":{"start":{"line":113,"column":14},"end":{"line":113,"column":37}},"57":{"start":{"line":120,"column":6},"end":{"line":120,"column":46}},"58":{"start":{"line":123,"column":4},"end":{"line":123,"column":20}},"59":{"start":{"line":126,"column":15},"end":{"line":175,"column":7}},"60":{"start":{"line":128,"column":6},"end":{"line":174,"column":19}},"61":{"start":{"line":129,"column":8},"end":{"line":173,"column":9}},"62":{"start":{"line":130,"column":10},"end":{"line":172,"column":11}},"63":{"start":{"line":132,"column":14},"end":{"line":132,"column":29}},"64":{"start":{"line":133,"column":14},"end":{"line":133,"column":33}},"65":{"start":{"line":134,"column":14},"end":{"line":158,"column":19}},"66":{"start":{"line":135,"column":27},"end":{"line":153,"column":19}},"67":{"start":{"line":136,"column":18},"end":{"line":152,"column":31}},"68":{"start":{"line":137,"column":20},"end":{"line":151,"column":21}},"69":{"start":{"line":138,"column":22},"end":{"line":150,"column":23}},"70":{"start":{"line":140,"column":26},"end":{"line":140,"column":51}},"71":{"start":{"line":141,"column":26},"end":{"line":141,"column":45}},"72":{"start":{"line":142,"column":26},"end":{"line":145,"column":29}},"73":{"start":{"line":149,"column":26},"end":{"line":149,"column":50}},"74":{"start":{"line":155,"column":16},"end":{"line":157,"column":18}},"75":{"start":{"line":156,"column":18},"end":{"line":156,"column":53}},"76":{"start":{"line":161,"column":14},"end":{"line":161,"column":80}},"77":{"start":{"line":163,"column":14},"end":{"line":163,"column":65}},"78":{"start":{"line":165,"column":14},"end":{"line":167,"column":23}},"79":{"start":{"line":166,"column":16},"end":{"line":166,"column":58}},"80":{"start":{"line":171,"column":14},"end":{"line":171,"column":38}},"81":{"start":{"line":178,"column":6},"end":{"line":178,"column":41}},"82":{"start":{"line":181,"column":4},"end":{"line":181,"column":15}},"83":{"start":{"line":184,"column":15},"end":{"line":184,"column":24}},"84":{"start":{"line":185,"column":0},"end":{"line":185,"column":30}}},"fnMap":{"0":{"name":"_interopRequireDefault","decl":{"start":{"line":14,"column":9},"end":{"line":14,"column":31}},"loc":{"start":{"line":14,"column":37},"end":{"line":14,"column":97}},"line":14},"1":{"name":"asyncGeneratorStep","decl":{"start":{"line":16,"column":9},"end":{"line":16,"column":27}},"loc":{"start":{"line":16,"column":75},"end":{"line":16,"column":265}},"line":16},"2":{"name":"_asyncToGenerator","decl":{"start":{"line":18,"column":9},"end":{"line":18,"column":26}},"loc":{"start":{"line":18,"column":31},"end":{"line":18,"column":389}},"line":18},"3":{"name":"(anonymous_3)","decl":{"start":{"line":18,"column":40},"end":{"line":18,"column":41}},"loc":{"start":{"line":18,"column":52},"end":{"line":18,"column":386}},"line":18},"4":{"name":"(anonymous_4)","decl":{"start":{"line":18,"column":108},"end":{"line":18,"column":109}},"loc":{"start":{"line":18,"column":135},"end":{"line":18,"column":382}},"line":18},"5":{"name":"_next","decl":{"start":{"line":18,"column":178},"end":{"line":18,"column":183}},"loc":{"start":{"line":18,"column":191},"end":{"line":18,"column":266}},"line":18},"6":{"name":"_throw","decl":{"start":{"line":18,"column":276},"end":{"line":18,"column":282}},"loc":{"start":{"line":18,"column":288},"end":{"line":18,"column":362}},"line":18},"7":{"name":"(anonymous_7)","decl":{"start":{"line":49,"column":12},"end":{"line":49,"column":13}},"loc":{"start":{"line":49,"column":24},"end":{"line":124,"column":3}},"line":49},"8":{"name":"_callee","decl":{"start":{"line":50,"column":85},"end":{"line":50,"column":92}},"loc":{"start":{"line":50,"column":95},"end":{"line":117,"column":5}},"line":50},"9":{"name":"_callee$","decl":{"start":{"line":52,"column":46},"end":{"line":52,"column":54}},"loc":{"start":{"line":52,"column":65},"end":{"line":116,"column":7}},"line":52},"10":{"name":"(anonymous_10)","decl":{"start":{"line":85,"column":25},"end":{"line":85,"column":26}},"loc":{"start":{"line":85,"column":37},"end":{"line":87,"column":15}},"line":85},"11":{"name":"view","decl":{"start":{"line":99,"column":31},"end":{"line":99,"column":35}},"loc":{"start":{"line":99,"column":38},"end":{"line":105,"column":17}},"line":99},"12":{"name":"(anonymous_12)","decl":{"start":{"line":107,"column":25},"end":{"line":107,"column":26}},"loc":{"start":{"line":107,"column":37},"end":{"line":109,"column":15}},"line":107},"13":{"name":"transfer","decl":{"start":{"line":119,"column":13},"end":{"line":119,"column":21}},"loc":{"start":{"line":119,"column":24},"end":{"line":121,"column":5}},"line":119},"14":{"name":"(anonymous_14)","decl":{"start":{"line":125,"column":7},"end":{"line":125,"column":8}},"loc":{"start":{"line":125,"column":19},"end":{"line":182,"column":3}},"line":125},"15":{"name":"_callee3","decl":{"start":{"line":126,"column":80},"end":{"line":126,"column":88}},"loc":{"start":{"line":126,"column":98},"end":{"line":175,"column":5}},"line":126},"16":{"name":"_callee3$","decl":{"start":{"line":128,"column":46},"end":{"line":128,"column":55}},"loc":{"start":{"line":128,"column":67},"end":{"line":174,"column":7}},"line":128},"17":{"name":"(anonymous_17)","decl":{"start":{"line":134,"column":47},"end":{"line":134,"column":48}},"loc":{"start":{"line":134,"column":59},"end":{"line":158,"column":15}},"line":134},"18":{"name":"_callee2","decl":{"start":{"line":135,"column":92},"end":{"line":135,"column":100}},"loc":{"start":{"line":135,"column":107},"end":{"line":153,"column":17}},"line":135},"19":{"name":"_callee2$","decl":{"start":{"line":136,"column":58},"end":{"line":136,"column":67}},"loc":{"start":{"line":136,"column":79},"end":{"line":152,"column":19}},"line":136},"20":{"name":"(anonymous_20)","decl":{"start":{"line":155,"column":23},"end":{"line":155,"column":24}},"loc":{"start":{"line":155,"column":38},"end":{"line":157,"column":17}},"line":155},"21":{"name":"(anonymous_21)","decl":{"start":{"line":165,"column":25},"end":{"line":165,"column":26}},"loc":{"start":{"line":165,"column":37},"end":{"line":167,"column":15}},"line":165},"22":{"name":"pay","decl":{"start":{"line":177,"column":13},"end":{"line":177,"column":16}},"loc":{"start":{"line":177,"column":21},"end":{"line":179,"column":5}},"line":177}},"branchMap":{"0":{"loc":{"start":{"line":14,"column":46},"end":{"line":14,"column":94}},"type":"cond-expr","locations":[{"start":{"line":14,"column":70},"end":{"line":14,"column":73}},{"start":{"line":14,"column":76},"end":{"line":14,"column":94}}],"line":14},"1":{"loc":{"start":{"line":14,"column":46},"end":{"line":14,"column":67}},"type":"binary-expr","locations":[{"start":{"line":14,"column":46},"end":{"line":14,"column":49}},{"start":{"line":14,"column":53},"end":{"line":14,"column":67}}],"line":14},"2":{"loc":{"start":{"line":16,"column":176},"end":{"line":16,"column":263}},"type":"if","locations":[{"start":{"line":16,"column":176},"end":{"line":16,"column":263}},{"start":{"line":16,"column":176},"end":{"line":16,"column":263}}],"line":16},"3":{"loc":{"start":{"line":54,"column":10},"end":{"line":114,"column":11}},"type":"switch","locations":[{"start":{"line":55,"column":12},"end":{"line":58,"column":80}},{"start":{"line":60,"column":12},"end":{"line":73,"column":17}},{"start":{"line":75,"column":12},"end":{"line":77,"column":80}},{"start":{"line":79,"column":12},"end":{"line":89,"column":20}},{"start":{"line":91,"column":12},"end":{"line":109,"column":23}},{"start":{"line":111,"column":12},"end":{"line":111,"column":20}},{"start":{"line":112,"column":12},"end":{"line":113,"column":37}}],"line":54},"4":{"loc":{"start":{"line":64,"column":14},"end":{"line":67,"column":15}},"type":"if","locations":[{"start":{"line":64,"column":14},"end":{"line":67,"column":15}},{"start":{"line":64,"column":14},"end":{"line":67,"column":15}}],"line":64},"5":{"loc":{"start":{"line":64,"column":20},"end":{"line":64,"column":128}},"type":"binary-expr","locations":[{"start":{"line":64,"column":20},"end":{"line":64,"column":86}},{"start":{"line":64,"column":90},"end":{"line":64,"column":128}}],"line":64},"6":{"loc":{"start":{"line":94,"column":14},"end":{"line":96,"column":15}},"type":"if","locations":[{"start":{"line":94,"column":14},"end":{"line":96,"column":15}},{"start":{"line":94,"column":14},"end":{"line":96,"column":15}}],"line":94},"7":{"loc":{"start":{"line":100,"column":18},"end":{"line":104,"column":19}},"type":"if","locations":[{"start":{"line":100,"column":18},"end":{"line":104,"column":19}},{"start":{"line":100,"column":18},"end":{"line":104,"column":19}}],"line":100},"8":{"loc":{"start":{"line":101,"column":350},"end":{"line":101,"column":515}},"type":"cond-expr","locations":[{"start":{"line":101,"column":434},"end":{"line":101,"column":435}},{"start":{"line":101,"column":438},"end":{"line":101,"column":515}}],"line":101},"9":{"loc":{"start":{"line":130,"column":10},"end":{"line":172,"column":11}},"type":"switch","locations":[{"start":{"line":131,"column":12},"end":{"line":158,"column":19}},{"start":{"line":160,"column":12},"end":{"line":167,"column":23}},{"start":{"line":169,"column":12},"end":{"line":169,"column":19}},{"start":{"line":170,"column":12},"end":{"line":171,"column":38}}],"line":130},"10":{"loc":{"start":{"line":138,"column":22},"end":{"line":150,"column":23}},"type":"switch","locations":[{"start":{"line":139,"column":24},"end":{"line":145,"column":29}},{"start":{"line":147,"column":24},"end":{"line":147,"column":31}},{"start":{"line":148,"column":24},"end":{"line":149,"column":50}}],"line":138}},"s":{"0":1,"1":1,"2":1,"3":1,"4":1,"5":3,"6":16,"7":16,"8":16,"9":0,"10":0,"11":16,"12":7,"13":9,"14":3,"15":7,"16":7,"17":7,"18":7,"19":16,"20":0,"21":7,"22":1,"23":1,"24":3,"25":8,"26":11,"27":3,"28":3,"29":3,"30":3,"31":3,"32":3,"33":2,"34":2,"35":1,"36":1,"37":1,"38":1,"39":1,"40":1,"41":1,"42":1,"43":1,"44":0,"45":1,"46":1,"47":2,"48":2,"49":1,"50":2,"51":2,"52":1,"53":1,"54":2,"55":0,"56":3,"57":3,"58":1,"59":1,"60":1,"61":2,"62":2,"63":1,"64":1,"65":1,"66":1,"67":3,"68":6,"69":6,"70":3,"71":3,"72":3,"73":3,"74":1,"75":3,"76":1,"77":1,"78":1,"79":0,"80":1,"81":1,"82":1,"83":1,"84":1},"f":{"0":3,"1":16,"2":3,"3":7,"4":7,"5":16,"6":0,"7":1,"8":3,"9":8,"10":0,"11":2,"12":0,"13":3,"14":1,"15":1,"16":2,"17":1,"18":3,"19":6,"20":3,"21":0,"22":1},"b":{"0":[2,1],"1":[3,3],"2":[7,9],"3":[3,3,1,1,2,3,3],"4":[2,1],"5":[3,2],"6":[1,1],"7":[1,1],"8":[1,0],"9":[1,1,1,1],"10":[3,3,3]},"inputSourceMap":{"version":3,"sources":["bank.js"],"names":["bankModel","paymentMethods","value","text","accounts","name","clearing","account","amount","transferPrice","transferAmount","currentAmount","currentAccount","errorMessage","transfer","transferSum","parseInt","dbModel","getUser","userModel","currentUser","email","balance","updateUser","m","route","set","setTimeout","view","pay","invoice","totalPrice","map","trip","price","updateLogPayed","id","payed"],"mappings":";;;;;;;AAAA;;AAEA;;AACA;;;;;;;;AAEA,IAAMA,SAAS,GAAG;AAChBC,EAAAA,cAAc,EAAE,CACd;AAAEC,IAAAA,KAAK,EAAE,QAAT;AAAmBC,IAAAA,IAAI,EAAE;AAAzB,GADc,EAEd;AAAED,IAAAA,KAAK,EAAE,SAAT;AAAoBC,IAAAA,IAAI,EAAE;AAA1B,GAFc,CADA;AAKhBC,EAAAA,QAAQ,EAAE,CACR;AACEC,IAAAA,IAAI,EAAE,WADR;AAEEC,IAAAA,QAAQ,EAAE,MAFZ;AAGEC,IAAAA,OAAO,EAAE,aAHX;AAIEC,IAAAA,MAAM,EAAE;AAJV,GADQ,EAOR;AACEH,IAAAA,IAAI,EAAE,cADR;AAEEC,IAAAA,QAAQ,EAAE,MAFZ;AAGEC,IAAAA,OAAO,EAAE,aAHX;AAIEC,IAAAA,MAAM,EAAE;AAJV,GAPQ,EAaR;AACEH,IAAAA,IAAI,EAAE,KADR;AAEEC,IAAAA,QAAQ,EAAE,MAFZ;AAGEC,IAAAA,OAAO,EAAE,aAHX;AAIEC,IAAAA,MAAM,EAAE;AAJV,GAbQ,CALM;AAyBhBC,EAAAA,aAAa,EAAE,GAzBC;AA0BhBC,EAAAA,cAAc,EAAE,EA1BA;AA2BhBC,EAAAA,aAAa,EAAE,IA3BC;AA4BhBC,EAAAA,cAAc,EAAE,CA5BA;AA6BhBC,EAAAA,YAAY,EAAE,IA7BE;AA8BhBC,EAAAA,QAAQ;AAAA,4EAAE;AAAA;AAAA;AAAA;AAAA;AAAA;AACFC,cAAAA,WADE,GACYC,QAAQ,CAAChB,SAAS,CAACU,cAAX,CAAR,GAAqCV,SAAS,CAACS,aAD3D;AAAA;AAAA,qBAGsBQ,eAAQC,OAAR,CAAgBC,iBAAUC,WAAV,CAAsBC,KAAtC,CAHtB;;AAAA;AAGRF,+BAAUC,WAHF;AAKJE,cAAAA,OALI,GAKMH,iBAAUC,WAAV,CAAsBE,OAL5B;;AAAA,oBAQNP,WAAW,IAAIf,SAAS,CAACI,QAAV,CAAmBJ,SAAS,CAACY,cAA7B,EAA6CJ,MAA5D,IACMQ,QAAQ,CAAChB,SAAS,CAACU,cAAX,CAAR,GAAqC,CATrC;AAAA;AAAA;AAAA;;AAWNV,cAAAA,SAAS,CAACI,QAAV,CAAmBJ,SAAS,CAACY,cAA7B,EAA6CJ,MAA7C,IAAuDO,WAAvD;AAXM;AAAA,qBAYAE,eAAQM,UAAR,CAAmB;AAAED,gBAAAA,OAAO,EAAEA,OAAO,IAAIN,QAAQ,CAAChB,SAAS,CAACU,cAAX;AAA9B,eAAnB,CAZA;;AAAA;AAAA;AAAA,qBAawBO,eAAQC,OAAR,CAAgBC,iBAAUC,WAAV,CAAsBC,KAAtC,CAbxB;;AAAA;AAaNF,+BAAUC,WAbJ;AAeNpB,cAAAA,SAAS,CAACU,cAAV,GAA2B,EAA3B;;AAEAc,kCAAEC,KAAF,CAAQC,GAAR,CAAY,mBAAZ;;AAEAC,cAAAA,UAAU,CAAC,YAAM;AACfH,oCAAEC,KAAF,CAAQC,GAAR,CAAY,OAAZ;AACD,eAFS,EAEP,IAFO,CAAV;AAnBM;AAAA;;AAAA;AAuBN1B,cAAAA,SAAS,CAACI,QAAV,CAAmBJ,SAAS,CAACY,cAA7B,EAA6CJ,MAA7C,IAAuDR,SAAS,CAACS,aAAjE;;AAEA,kBAAIT,SAAS,CAACI,QAAV,CAAmBJ,SAAS,CAACY,cAA7B,EAA6CJ,MAA7C,GAAsD,CAA1D,EAA6D;AAC3DR,gBAAAA,SAAS,CAACI,QAAV,CAAmBJ,SAAS,CAACY,cAA7B,EAA6CJ,MAA7C,GAAsD,CAAtD;AACD;;AAEDR,cAAAA,SAAS,CAACa,YAAV,GAAyB;AACvBe,gBAAAA,IAAI,EAAE,gBAAM;AACV,sBAAIb,WAAW,GAAGf,SAAS,CAACI,QAAV,CAAmBJ,SAAS,CAACY,cAA7B,EAA6CJ,MAA/D,EAAuE;AACrE,2BAAO,CACL,yBAAE,iCAAF,EAAqC,CACnC,yBAAE,QAAF,EAAY,QAAZ,CADmC,EAEnC,yBAAE,GAAF,EAAO,sBAAP,CAFmC,EAGnC,yBAAE,GAAF,oIAI4BR,SAAS,CAACI,QAAV,CAAmBJ,SAAS,CAACY,cAA7B,EAA6CJ,MAA7C,GACAR,SAAS,CAACS,aADV,GAC0B,CAF9B,GAIM,CAJN,GAKMT,SAAS,CAACI,QAAV,CAAmBJ,SAAS,CAACY,cAA7B,EAA6CJ,MAA7C,GACFR,SAAS,CAACS,aATtC,6CAHmC,EAenC,yBAAE,GAAF,EAAO,oDAAP,CAfmC,CAArC,CADK,CAAP;AAmBD,mBApBD,MAoBO;AACL,2BAAO,CACL,yBAAE,iCAAF,EAAqC,CACnC,yBAAE,QAAF,EAAY,QAAZ,CADmC,EAEnC,yBAAE,GAAF,EAAO,uBAAP,CAFmC,EAGnC,yBAAE,GAAF,EAAO,qCAAP,CAHmC,EAInC,yBAAE,GAAF,EAAO,oDAAP,CAJmC,CAArC,CADK,CAAP;AAQD;AACF;AAhCsB,eAAzB;AAmCAkB,cAAAA,UAAU,CAAC,YAAM;AACf3B,gBAAAA,SAAS,CAACa,YAAV,GAAyB,IAAzB;AACD,eAFS,EAEP,IAFO,CAAV;;AAhEM;AAAA;AAAA;AAAA;AAAA;AAAA;AAAA,KAAF;;AAAA;AAAA;AAAA;;AAAA;AAAA,KA9BQ;AAmGhBgB,EAAAA,GAAG;AAAA,uEAAE,kBAAOC,OAAP;AAAA;AAAA;AAAA;AAAA;AAAA;AACCC,cAAAA,UADD,GACc,CADd;AAAA;AAAA,qBAEGD,OAAO,CAACE,GAAR;AAAA,mFAAY,kBAAOC,IAAP;AAAA;AAAA;AAAA;AAAA;AAChBF,0BAAAA,UAAU,IAAIE,IAAI,CAACC,KAAnB;AADgB;AAAA,iCAGVjB,eAAQkB,cAAR,CAAuB;AAC3BC,4BAAAA,EAAE,EAAEH,IAAI,CAACG,EADkB;AAE3BC,4BAAAA,KAAK,EAAE;AAFoB,2BAAvB,CAHU;;AAAA;AAAA;AAAA;AAAA;AAAA;AAAA;AAAA,iBAAZ;;AAAA;AAAA;AAAA;AAAA,kBAFH;;AAAA;AAWHrC,cAAAA,SAAS,CAACI,QAAV,CAAmBJ,SAAS,CAACY,cAA7B,EAA6CJ,MAA7C,IAAuDuB,UAAvD;;AAEAP,kCAAEC,KAAF,CAAQC,GAAR,CAAY,mBAAZ;;AAEAC,cAAAA,UAAU,CAAC,YAAM;AACfH,oCAAEC,KAAF,CAAQC,GAAR,CAAY,UAAZ;AACD,eAFS,EAEP,IAFO,CAAV;;AAfG;AAAA;AAAA;AAAA;AAAA;AAAA;AAAA,KAAF;;AAAA;AAAA;AAAA;;AAAA;AAAA;AAnGa,CAAlB;eAwHe1B,S","sourceRoot":"C:\\Users\\jeppe\\OneDrive\\Dokument\\skola\\pattern\\client-webbclient\\www\\js\\models\\","sourcesContent":["import m from 'mithril'\n\nimport userModel from './user'\nimport dbModel from './db'\n\nconst bankModel = {\n  paymentMethods: [\n    { value: 'Direct', text: 'Direkt' },\n    { value: 'Monthly', text: 'Månad' }\n  ],\n  accounts: [\n    {\n      name: 'Lönekonto',\n      clearing: '6896',\n      account: '186 159 123',\n      amount: 5687\n    },\n    {\n      name: 'Buffertkonto',\n      clearing: '6895',\n      account: '186 669 333',\n      amount: 28963\n    },\n    {\n      name: 'ISK',\n      clearing: '6897',\n      account: '133 713 370',\n      amount: 666\n    }\n  ],\n  transferPrice: 600,\n  transferAmount: '',\n  currentAmount: null,\n  currentAccount: 0,\n  errorMessage: null,\n  transfer: async () => {\n    const transferSum = parseInt(bankModel.transferAmount) + bankModel.transferPrice\n\n    userModel.currentUser = await dbModel.getUser(userModel.currentUser.email)\n\n    let balance = userModel.currentUser.balance\n\n    if (\n      transferSum <= bankModel.accounts[bankModel.currentAccount].amount &&\n            parseInt(bankModel.transferAmount) > 0\n    ) {\n      bankModel.accounts[bankModel.currentAccount].amount -= transferSum\n      await dbModel.updateUser({ balance: balance += parseInt(bankModel.transferAmount) })\n      userModel.currentUser = await dbModel.getUser(userModel.currentUser.email)\n\n      bankModel.transferAmount = ''\n\n      m.route.set('/bank/proccessing')\n\n      setTimeout(() => {\n        m.route.set('/user')\n      }, 2000)\n    } else {\n      bankModel.accounts[bankModel.currentAccount].amount -= bankModel.transferPrice\n\n      if (bankModel.accounts[bankModel.currentAccount].amount < 0) {\n        bankModel.accounts[bankModel.currentAccount].amount = 0\n      }\n\n      bankModel.errorMessage = {\n        view: () => {\n          if (transferSum > bankModel.accounts[bankModel.currentAccount].amount) {\n            return [\n              m('fieldset.bank-error-message-div', [\n                m('legend', 'Error!'),\n                m('p', 'För stor överföring!'),\n                m('p', `\n                                    Högsta tillåtna överföring är\n                                    ${\n                                        (\n                                            bankModel.accounts[bankModel.currentAccount].amount -\n                                            bankModel.transferPrice < 0\n                                        )\n                                            ? 0\n                                            : bankModel.accounts[bankModel.currentAccount].amount -\n                                            bankModel.transferPrice\n                                    } SEK.\n                                `),\n                m('p', 'Vi drar ändå vår avgift för att du slösar vår tid.')\n              ])\n            ]\n          } else {\n            return [\n              m('fieldset.bank-error-message-div', [\n                m('legend', 'Error!'),\n                m('p', 'För liten överföring!'),\n                m('p', ' Överföring måste vara större än 0!'),\n                m('p', 'Vi drar ändå vår avgift för att du slösar vår tid.')\n              ])\n            ]\n          }\n        }\n      }\n\n      setTimeout(() => {\n        bankModel.errorMessage = null\n      }, 5000)\n    }\n  },\n  pay: async (invoice) => {\n    let totalPrice = 0\n    await invoice.map(async (trip) => {\n      totalPrice += trip.price\n\n      await dbModel.updateLogPayed({\n        id: trip.id,\n        payed: 1\n      })\n    })\n\n    bankModel.accounts[bankModel.currentAccount].amount -= totalPrice\n\n    m.route.set('/bank/proccessing')\n\n    setTimeout(() => {\n      m.route.set('/history')\n    }, 2000)\n  }\n}\n\nexport default bankModel\n"]},"_coverageSchema":"1a1c01bbd47fc00a2c39e90264f33305004495a9","hash":"0fea43f0461e01a4d2e4c2bffc923c326d84a2c6","contentHash":"a25f139c9f1e3a39bb2942bc8a0fc7cd336a0c0e2778c52472c8efd8a8ba484f"}}