{"C:\\Users\\jeppe\\OneDrive\\Dokument\\skola\\pattern\\client-app\\setup.js":{"path":"C:\\Users\\jeppe\\OneDrive\\Dokument\\skola\\pattern\\client-app\\setup.js","statementMap":{"0":{"start":{"line":1,"column":18},"end":{"line":1,"column":34}},"1":{"start":{"line":2,"column":27},"end":{"line":2,"column":57}},"2":{"start":{"line":4,"column":14},"end":{"line":4,"column":68}},"3":{"start":{"line":5,"column":19},"end":{"line":5,"column":24}},"4":{"start":{"line":8,"column":2},"end":{"line":11,"column":5}},"5":{"start":{"line":14,"column":0},"end":{"line":14,"column":23}},"6":{"start":{"line":15,"column":0},"end":{"line":15,"column":34}},"7":{"start":{"line":16,"column":0},"end":{"line":18,"column":2}},"8":{"start":{"line":19,"column":0},"end":{"line":21,"column":2}},"9":{"start":{"line":20,"column":2},"end":{"line":20,"column":33}},"10":{"start":{"line":22,"column":0},"end":{"line":24,"column":2}},"11":{"start":{"line":23,"column":2},"end":{"line":23,"column":19}},"12":{"start":{"line":25,"column":0},"end":{"line":25,"column":26}}},"fnMap":{"0":{"name":"copyProps","decl":{"start":{"line":7,"column":9},"end":{"line":7,"column":18}},"loc":{"start":{"line":7,"column":32},"end":{"line":12,"column":1}},"line":7},"1":{"name":"(anonymous_1)","decl":{"start":{"line":19,"column":31},"end":{"line":19,"column":32}},"loc":{"start":{"line":19,"column":51},"end":{"line":21,"column":1}},"line":19},"2":{"name":"(anonymous_2)","decl":{"start":{"line":22,"column":30},"end":{"line":22,"column":31}},"loc":{"start":{"line":22,"column":44},"end":{"line":24,"column":1}},"line":22}},"branchMap":{},"s":{"0":1,"1":1,"2":1,"3":1,"4":1,"5":1,"6":1,"7":1,"8":1,"9":3,"10":1,"11":0,"12":1},"f":{"0":1,"1":3,"2":0},"b":{},"_coverageSchema":"1a1c01bbd47fc00a2c39e90264f33305004495a9","hash":"d0c84dc95bd84cb440e892515ccf01cd1e366c97","contentHash":"bf6df8a50cc3e85cf504e06544e15e7e0ba8ec4bf347cb2a99924eec463326a4"},"C:\\Users\\jeppe\\OneDrive\\Dokument\\skola\\pattern\\client-app\\www\\js\\models\\db.js":{"path":"C:\\Users\\jeppe\\OneDrive\\Dokument\\skola\\pattern\\client-app\\www\\js\\models\\db.js","statementMap":{"0":{"start":{"line":3,"column":0},"end":{"line":5,"column":3}},"1":{"start":{"line":6,"column":0},"end":{"line":6,"column":28}},"2":{"start":{"line":8,"column":15},"end":{"line":8,"column":57}},"3":{"start":{"line":10,"column":12},"end":{"line":10,"column":53}},"4":{"start":{"line":12,"column":39},"end":{"line":12,"column":95}},"5":{"start":{"line":14,"column":77},"end":{"line":14,"column":175}},"6":{"start":{"line":14,"column":94},"end":{"line":14,"column":107}},"7":{"start":{"line":14,"column":121},"end":{"line":14,"column":131}},"8":{"start":{"line":14,"column":151},"end":{"line":14,"column":165}},"9":{"start":{"line":14,"column":166},"end":{"line":14,"column":173}},"10":{"start":{"line":14,"column":176},"end":{"line":14,"column":263}},"11":{"start":{"line":14,"column":193},"end":{"line":14,"column":208}},"12":{"start":{"line":14,"column":218},"end":{"line":14,"column":261}},"13":{"start":{"line":16,"column":33},"end":{"line":16,"column":387}},"14":{"start":{"line":16,"column":65},"end":{"line":16,"column":69}},"15":{"start":{"line":16,"column":78},"end":{"line":16,"column":87}},"16":{"start":{"line":16,"column":89},"end":{"line":16,"column":384}},"17":{"start":{"line":16,"column":147},"end":{"line":16,"column":167}},"18":{"start":{"line":16,"column":193},"end":{"line":16,"column":264}},"19":{"start":{"line":16,"column":290},"end":{"line":16,"column":360}},"20":{"start":{"line":16,"column":363},"end":{"line":16,"column":380}},"21":{"start":{"line":18,"column":12},"end":{"line":18,"column":28}},"22":{"start":{"line":22,"column":0},"end":{"line":26,"column":1}},"23":{"start":{"line":23,"column":2},"end":{"line":23,"column":36}},"24":{"start":{"line":25,"column":2},"end":{"line":25,"column":17}},"25":{"start":{"line":28,"column":12},"end":{"line":28,"column":26}},"26":{"start":{"line":29,"column":12},"end":{"line":29,"column":43}},"27":{"start":{"line":30,"column":14},"end":{"line":446,"column":1}},"28":{"start":{"line":32,"column":24},"end":{"line":61,"column":7}},"29":{"start":{"line":34,"column":6},"end":{"line":60,"column":18}},"30":{"start":{"line":35,"column":8},"end":{"line":59,"column":9}},"31":{"start":{"line":36,"column":10},"end":{"line":58,"column":11}},"32":{"start":{"line":38,"column":14},"end":{"line":38,"column":33}},"33":{"start":{"line":39,"column":14},"end":{"line":39,"column":32}},"34":{"start":{"line":40,"column":14},"end":{"line":49,"column":17}},"35":{"start":{"line":52,"column":14},"end":{"line":52,"column":34}},"36":{"start":{"line":53,"column":14},"end":{"line":53,"column":62}},"37":{"start":{"line":57,"column":14},"end":{"line":57,"column":37}},"38":{"start":{"line":64,"column":6},"end":{"line":64,"column":50}},"39":{"start":{"line":67,"column":4},"end":{"line":67,"column":24}},"40":{"start":{"line":70,"column":21},"end":{"line":90,"column":7}},"41":{"start":{"line":72,"column":6},"end":{"line":89,"column":19}},"42":{"start":{"line":73,"column":8},"end":{"line":88,"column":9}},"43":{"start":{"line":74,"column":10},"end":{"line":87,"column":11}},"44":{"start":{"line":76,"column":14},"end":{"line":76,"column":474}},"45":{"start":{"line":77,"column":14},"end":{"line":77,"column":33}},"46":{"start":{"line":78,"column":14},"end":{"line":78,"column":49}},"47":{"start":{"line":81,"column":14},"end":{"line":81,"column":38}},"48":{"start":{"line":82,"column":14},"end":{"line":82,"column":63}},"49":{"start":{"line":86,"column":14},"end":{"line":86,"column":38}},"50":{"start":{"line":93,"column":6},"end":{"line":93,"column":47}},"51":{"start":{"line":96,"column":4},"end":{"line":96,"column":21}},"52":{"start":{"line":99,"column":19},"end":{"line":119,"column":7}},"53":{"start":{"line":101,"column":6},"end":{"line":118,"column":19}},"54":{"start":{"line":102,"column":8},"end":{"line":117,"column":9}},"55":{"start":{"line":103,"column":10},"end":{"line":116,"column":11}},"56":{"start":{"line":105,"column":14},"end":{"line":105,"column":494}},"57":{"start":{"line":106,"column":14},"end":{"line":106,"column":33}},"58":{"start":{"line":107,"column":14},"end":{"line":107,"column":49}},"59":{"start":{"line":110,"column":14},"end":{"line":110,"column":36}},"60":{"start":{"line":111,"column":14},"end":{"line":111,"column":59}},"61":{"start":{"line":115,"column":14},"end":{"line":115,"column":38}},"62":{"start":{"line":122,"column":6},"end":{"line":122,"column":45}},"63":{"start":{"line":125,"column":4},"end":{"line":125,"column":19}},"64":{"start":{"line":128,"column":19},"end":{"line":148,"column":7}},"65":{"start":{"line":130,"column":6},"end":{"line":147,"column":19}},"66":{"start":{"line":131,"column":8},"end":{"line":146,"column":9}},"67":{"start":{"line":132,"column":10},"end":{"line":145,"column":11}},"68":{"start":{"line":134,"column":14},"end":{"line":134,"column":650}},"69":{"start":{"line":135,"column":14},"end":{"line":135,"column":33}},"70":{"start":{"line":136,"column":14},"end":{"line":136,"column":49}},"71":{"start":{"line":139,"column":14},"end":{"line":139,"column":36}},"72":{"start":{"line":140,"column":14},"end":{"line":140,"column":63}},"73":{"start":{"line":144,"column":14},"end":{"line":144,"column":38}},"74":{"start":{"line":151,"column":6},"end":{"line":151,"column":45}},"75":{"start":{"line":154,"column":4},"end":{"line":154,"column":19}},"76":{"start":{"line":157,"column":19},"end":{"line":177,"column":7}},"77":{"start":{"line":159,"column":6},"end":{"line":176,"column":19}},"78":{"start":{"line":160,"column":8},"end":{"line":175,"column":9}},"79":{"start":{"line":161,"column":10},"end":{"line":174,"column":11}},"80":{"start":{"line":163,"column":14},"end":{"line":163,"column":506}},"81":{"start":{"line":164,"column":14},"end":{"line":164,"column":33}},"82":{"start":{"line":165,"column":14},"end":{"line":165,"column":49}},"83":{"start":{"line":168,"column":14},"end":{"line":168,"column":36}},"84":{"start":{"line":169,"column":14},"end":{"line":169,"column":66}},"85":{"start":{"line":173,"column":14},"end":{"line":173,"column":38}},"86":{"start":{"line":180,"column":6},"end":{"line":180,"column":45}},"87":{"start":{"line":183,"column":4},"end":{"line":183,"column":19}},"88":{"start":{"line":186,"column":22},"end":{"line":206,"column":7}},"89":{"start":{"line":188,"column":6},"end":{"line":205,"column":19}},"90":{"start":{"line":189,"column":8},"end":{"line":204,"column":9}},"91":{"start":{"line":190,"column":10},"end":{"line":203,"column":11}},"92":{"start":{"line":192,"column":14},"end":{"line":192,"column":759}},"93":{"start":{"line":193,"column":14},"end":{"line":193,"column":33}},"94":{"start":{"line":194,"column":14},"end":{"line":194,"column":49}},"95":{"start":{"line":197,"column":14},"end":{"line":197,"column":36}},"96":{"start":{"line":198,"column":14},"end":{"line":198,"column":69}},"97":{"start":{"line":202,"column":14},"end":{"line":202,"column":38}},"98":{"start":{"line":209,"column":6},"end":{"line":209,"column":48}},"99":{"start":{"line":212,"column":4},"end":{"line":212,"column":22}},"100":{"start":{"line":215,"column":20},"end":{"line":235,"column":7}},"101":{"start":{"line":217,"column":6},"end":{"line":234,"column":19}},"102":{"start":{"line":218,"column":8},"end":{"line":233,"column":9}},"103":{"start":{"line":219,"column":10},"end":{"line":232,"column":11}},"104":{"start":{"line":221,"column":14},"end":{"line":221,"column":219}},"105":{"start":{"line":222,"column":14},"end":{"line":222,"column":33}},"106":{"start":{"line":223,"column":14},"end":{"line":223,"column":49}},"107":{"start":{"line":226,"column":14},"end":{"line":226,"column":37}},"108":{"start":{"line":227,"column":14},"end":{"line":227,"column":61}},"109":{"start":{"line":231,"column":14},"end":{"line":231,"column":38}},"110":{"start":{"line":238,"column":6},"end":{"line":238,"column":46}},"111":{"start":{"line":241,"column":4},"end":{"line":241,"column":20}},"112":{"start":{"line":244,"column":19},"end":{"line":264,"column":7}},"113":{"start":{"line":246,"column":6},"end":{"line":263,"column":19}},"114":{"start":{"line":247,"column":8},"end":{"line":262,"column":9}},"115":{"start":{"line":248,"column":10},"end":{"line":261,"column":11}},"116":{"start":{"line":250,"column":14},"end":{"line":250,"column":270}},"117":{"start":{"line":251,"column":14},"end":{"line":251,"column":33}},"118":{"start":{"line":252,"column":14},"end":{"line":252,"column":49}},"119":{"start":{"line":255,"column":14},"end":{"line":255,"column":36}},"120":{"start":{"line":256,"column":14},"end":{"line":256,"column":59}},"121":{"start":{"line":260,"column":14},"end":{"line":260,"column":38}},"122":{"start":{"line":267,"column":6},"end":{"line":267,"column":45}},"123":{"start":{"line":270,"column":4},"end":{"line":270,"column":19}},"124":{"start":{"line":273,"column":22},"end":{"line":293,"column":7}},"125":{"start":{"line":275,"column":6},"end":{"line":292,"column":19}},"126":{"start":{"line":276,"column":8},"end":{"line":291,"column":9}},"127":{"start":{"line":277,"column":10},"end":{"line":290,"column":11}},"128":{"start":{"line":279,"column":14},"end":{"line":279,"column":405}},"129":{"start":{"line":280,"column":14},"end":{"line":280,"column":33}},"130":{"start":{"line":281,"column":14},"end":{"line":281,"column":49}},"131":{"start":{"line":284,"column":14},"end":{"line":284,"column":36}},"132":{"start":{"line":285,"column":14},"end":{"line":285,"column":65}},"133":{"start":{"line":289,"column":14},"end":{"line":289,"column":38}},"134":{"start":{"line":296,"column":6},"end":{"line":296,"column":48}},"135":{"start":{"line":299,"column":4},"end":{"line":299,"column":22}},"136":{"start":{"line":302,"column":23},"end":{"line":322,"column":7}},"137":{"start":{"line":304,"column":6},"end":{"line":321,"column":20}},"138":{"start":{"line":305,"column":8},"end":{"line":320,"column":9}},"139":{"start":{"line":306,"column":10},"end":{"line":319,"column":11}},"140":{"start":{"line":308,"column":14},"end":{"line":308,"column":1173}},"141":{"start":{"line":309,"column":14},"end":{"line":309,"column":34}},"142":{"start":{"line":310,"column":14},"end":{"line":310,"column":49}},"143":{"start":{"line":313,"column":14},"end":{"line":313,"column":42}},"144":{"start":{"line":314,"column":14},"end":{"line":314,"column":71}},"145":{"start":{"line":318,"column":14},"end":{"line":318,"column":39}},"146":{"start":{"line":325,"column":6},"end":{"line":325,"column":49}},"147":{"start":{"line":328,"column":4},"end":{"line":328,"column":23}},"148":{"start":{"line":331,"column":37},"end":{"line":351,"column":7}},"149":{"start":{"line":333,"column":6},"end":{"line":350,"column":20}},"150":{"start":{"line":334,"column":8},"end":{"line":349,"column":9}},"151":{"start":{"line":335,"column":10},"end":{"line":348,"column":11}},"152":{"start":{"line":337,"column":14},"end":{"line":337,"column":1161}},"153":{"start":{"line":338,"column":14},"end":{"line":338,"column":34}},"154":{"start":{"line":339,"column":14},"end":{"line":339,"column":49}},"155":{"start":{"line":342,"column":14},"end":{"line":342,"column":36}},"156":{"start":{"line":343,"column":14},"end":{"line":343,"column":68}},"157":{"start":{"line":347,"column":14},"end":{"line":347,"column":39}},"158":{"start":{"line":354,"column":6},"end":{"line":354,"column":63}},"159":{"start":{"line":357,"column":4},"end":{"line":357,"column":37}},"160":{"start":{"line":360,"column":29},"end":{"line":380,"column":7}},"161":{"start":{"line":362,"column":6},"end":{"line":379,"column":20}},"162":{"start":{"line":363,"column":8},"end":{"line":378,"column":9}},"163":{"start":{"line":364,"column":10},"end":{"line":377,"column":11}},"164":{"start":{"line":366,"column":14},"end":{"line":366,"column":1112}},"165":{"start":{"line":367,"column":14},"end":{"line":367,"column":34}},"166":{"start":{"line":368,"column":14},"end":{"line":368,"column":49}},"167":{"start":{"line":371,"column":14},"end":{"line":371,"column":36}},"168":{"start":{"line":372,"column":14},"end":{"line":372,"column":68}},"169":{"start":{"line":376,"column":14},"end":{"line":376,"column":39}},"170":{"start":{"line":383,"column":6},"end":{"line":383,"column":55}},"171":{"start":{"line":386,"column":4},"end":{"line":386,"column":29}},"172":{"start":{"line":389,"column":26},"end":{"line":409,"column":7}},"173":{"start":{"line":391,"column":6},"end":{"line":408,"column":20}},"174":{"start":{"line":392,"column":8},"end":{"line":407,"column":9}},"175":{"start":{"line":393,"column":10},"end":{"line":406,"column":11}},"176":{"start":{"line":395,"column":14},"end":{"line":395,"column":1053}},"177":{"start":{"line":396,"column":14},"end":{"line":396,"column":34}},"178":{"start":{"line":397,"column":14},"end":{"line":397,"column":49}},"179":{"start":{"line":400,"column":14},"end":{"line":400,"column":36}},"180":{"start":{"line":401,"column":14},"end":{"line":401,"column":68}},"181":{"start":{"line":405,"column":14},"end":{"line":405,"column":39}},"182":{"start":{"line":412,"column":6},"end":{"line":412,"column":52}},"183":{"start":{"line":415,"column":4},"end":{"line":415,"column":26}},"184":{"start":{"line":418,"column":23},"end":{"line":438,"column":7}},"185":{"start":{"line":420,"column":6},"end":{"line":437,"column":20}},"186":{"start":{"line":421,"column":8},"end":{"line":436,"column":9}},"187":{"start":{"line":422,"column":10},"end":{"line":435,"column":11}},"188":{"start":{"line":424,"column":14},"end":{"line":424,"column":667}},"189":{"start":{"line":425,"column":14},"end":{"line":425,"column":34}},"190":{"start":{"line":426,"column":14},"end":{"line":426,"column":49}},"191":{"start":{"line":429,"column":14},"end":{"line":429,"column":40}},"192":{"start":{"line":430,"column":14},"end":{"line":430,"column":72}},"193":{"start":{"line":434,"column":14},"end":{"line":434,"column":39}},"194":{"start":{"line":441,"column":6},"end":{"line":441,"column":49}},"195":{"start":{"line":444,"column":4},"end":{"line":444,"column":23}},"196":{"start":{"line":447,"column":15},"end":{"line":447,"column":22}},"197":{"start":{"line":448,"column":0},"end":{"line":448,"column":30}}},"fnMap":{"0":{"name":"_interopRequireDefault","decl":{"start":{"line":12,"column":9},"end":{"line":12,"column":31}},"loc":{"start":{"line":12,"column":37},"end":{"line":12,"column":97}},"line":12},"1":{"name":"asyncGeneratorStep","decl":{"start":{"line":14,"column":9},"end":{"line":14,"column":27}},"loc":{"start":{"line":14,"column":75},"end":{"line":14,"column":265}},"line":14},"2":{"name":"_asyncToGenerator","decl":{"start":{"line":16,"column":9},"end":{"line":16,"column":26}},"loc":{"start":{"line":16,"column":31},"end":{"line":16,"column":389}},"line":16},"3":{"name":"(anonymous_3)","decl":{"start":{"line":16,"column":40},"end":{"line":16,"column":41}},"loc":{"start":{"line":16,"column":52},"end":{"line":16,"column":386}},"line":16},"4":{"name":"(anonymous_4)","decl":{"start":{"line":16,"column":108},"end":{"line":16,"column":109}},"loc":{"start":{"line":16,"column":135},"end":{"line":16,"column":382}},"line":16},"5":{"name":"_next","decl":{"start":{"line":16,"column":178},"end":{"line":16,"column":183}},"loc":{"start":{"line":16,"column":191},"end":{"line":16,"column":266}},"line":16},"6":{"name":"_throw","decl":{"start":{"line":16,"column":276},"end":{"line":16,"column":282}},"loc":{"start":{"line":16,"column":288},"end":{"line":16,"column":362}},"line":16},"7":{"name":"(anonymous_7)","decl":{"start":{"line":31,"column":16},"end":{"line":31,"column":17}},"loc":{"start":{"line":31,"column":28},"end":{"line":68,"column":3}},"line":31},"8":{"name":"_callee","decl":{"start":{"line":32,"column":89},"end":{"line":32,"column":96}},"loc":{"start":{"line":32,"column":104},"end":{"line":61,"column":5}},"line":32},"9":{"name":"_callee$","decl":{"start":{"line":34,"column":46},"end":{"line":34,"column":54}},"loc":{"start":{"line":34,"column":65},"end":{"line":60,"column":7}},"line":34},"10":{"name":"callDatabase","decl":{"start":{"line":63,"column":13},"end":{"line":63,"column":25}},"loc":{"start":{"line":63,"column":30},"end":{"line":65,"column":5}},"line":63},"11":{"name":"(anonymous_11)","decl":{"start":{"line":69,"column":13},"end":{"line":69,"column":14}},"loc":{"start":{"line":69,"column":25},"end":{"line":97,"column":3}},"line":69},"12":{"name":"_callee2","decl":{"start":{"line":70,"column":86},"end":{"line":70,"column":94}},"loc":{"start":{"line":70,"column":97},"end":{"line":90,"column":5}},"line":70},"13":{"name":"_callee2$","decl":{"start":{"line":72,"column":46},"end":{"line":72,"column":55}},"loc":{"start":{"line":72,"column":67},"end":{"line":89,"column":7}},"line":72},"14":{"name":"getCities","decl":{"start":{"line":92,"column":13},"end":{"line":92,"column":22}},"loc":{"start":{"line":92,"column":25},"end":{"line":94,"column":5}},"line":92},"15":{"name":"(anonymous_15)","decl":{"start":{"line":98,"column":11},"end":{"line":98,"column":12}},"loc":{"start":{"line":98,"column":23},"end":{"line":126,"column":3}},"line":98},"16":{"name":"_callee3","decl":{"start":{"line":99,"column":84},"end":{"line":99,"column":92}},"loc":{"start":{"line":99,"column":97},"end":{"line":119,"column":5}},"line":99},"17":{"name":"_callee3$","decl":{"start":{"line":101,"column":46},"end":{"line":101,"column":55}},"loc":{"start":{"line":101,"column":67},"end":{"line":118,"column":7}},"line":101},"18":{"name":"getCity","decl":{"start":{"line":121,"column":13},"end":{"line":121,"column":20}},"loc":{"start":{"line":121,"column":26},"end":{"line":123,"column":5}},"line":121},"19":{"name":"(anonymous_19)","decl":{"start":{"line":127,"column":11},"end":{"line":127,"column":12}},"loc":{"start":{"line":127,"column":23},"end":{"line":155,"column":3}},"line":127},"20":{"name":"_callee4","decl":{"start":{"line":128,"column":84},"end":{"line":128,"column":92}},"loc":{"start":{"line":128,"column":100},"end":{"line":148,"column":5}},"line":128},"21":{"name":"_callee4$","decl":{"start":{"line":130,"column":46},"end":{"line":130,"column":55}},"loc":{"start":{"line":130,"column":67},"end":{"line":147,"column":7}},"line":130},"22":{"name":"getUser","decl":{"start":{"line":150,"column":13},"end":{"line":150,"column":20}},"loc":{"start":{"line":150,"column":26},"end":{"line":152,"column":5}},"line":150},"23":{"name":"(anonymous_23)","decl":{"start":{"line":156,"column":11},"end":{"line":156,"column":12}},"loc":{"start":{"line":156,"column":23},"end":{"line":184,"column":3}},"line":156},"24":{"name":"_callee5","decl":{"start":{"line":157,"column":84},"end":{"line":157,"column":92}},"loc":{"start":{"line":157,"column":99},"end":{"line":177,"column":5}},"line":157},"25":{"name":"_callee5$","decl":{"start":{"line":159,"column":46},"end":{"line":159,"column":55}},"loc":{"start":{"line":159,"column":67},"end":{"line":176,"column":7}},"line":159},"26":{"name":"addUser","decl":{"start":{"line":179,"column":13},"end":{"line":179,"column":20}},"loc":{"start":{"line":179,"column":26},"end":{"line":181,"column":5}},"line":179},"27":{"name":"(anonymous_27)","decl":{"start":{"line":185,"column":14},"end":{"line":185,"column":15}},"loc":{"start":{"line":185,"column":26},"end":{"line":213,"column":3}},"line":185},"28":{"name":"_callee6","decl":{"start":{"line":186,"column":87},"end":{"line":186,"column":95}},"loc":{"start":{"line":186,"column":102},"end":{"line":206,"column":5}},"line":186},"29":{"name":"_callee6$","decl":{"start":{"line":188,"column":46},"end":{"line":188,"column":55}},"loc":{"start":{"line":188,"column":67},"end":{"line":205,"column":7}},"line":188},"30":{"name":"updateUser","decl":{"start":{"line":208,"column":13},"end":{"line":208,"column":23}},"loc":{"start":{"line":208,"column":29},"end":{"line":210,"column":5}},"line":208},"31":{"name":"(anonymous_31)","decl":{"start":{"line":214,"column":12},"end":{"line":214,"column":13}},"loc":{"start":{"line":214,"column":24},"end":{"line":242,"column":3}},"line":214},"32":{"name":"_callee7","decl":{"start":{"line":215,"column":85},"end":{"line":215,"column":93}},"loc":{"start":{"line":215,"column":96},"end":{"line":235,"column":5}},"line":215},"33":{"name":"_callee7$","decl":{"start":{"line":217,"column":46},"end":{"line":217,"column":55}},"loc":{"start":{"line":217,"column":67},"end":{"line":234,"column":7}},"line":217},"34":{"name":"getBikes","decl":{"start":{"line":237,"column":13},"end":{"line":237,"column":21}},"loc":{"start":{"line":237,"column":24},"end":{"line":239,"column":5}},"line":237},"35":{"name":"(anonymous_35)","decl":{"start":{"line":243,"column":11},"end":{"line":243,"column":12}},"loc":{"start":{"line":243,"column":23},"end":{"line":271,"column":3}},"line":243},"36":{"name":"_callee8","decl":{"start":{"line":244,"column":84},"end":{"line":244,"column":92}},"loc":{"start":{"line":244,"column":97},"end":{"line":264,"column":5}},"line":244},"37":{"name":"_callee8$","decl":{"start":{"line":246,"column":46},"end":{"line":246,"column":55}},"loc":{"start":{"line":246,"column":67},"end":{"line":263,"column":7}},"line":246},"38":{"name":"getBike","decl":{"start":{"line":266,"column":13},"end":{"line":266,"column":20}},"loc":{"start":{"line":266,"column":26},"end":{"line":268,"column":5}},"line":266},"39":{"name":"(anonymous_39)","decl":{"start":{"line":272,"column":14},"end":{"line":272,"column":15}},"loc":{"start":{"line":272,"column":26},"end":{"line":300,"column":3}},"line":272},"40":{"name":"_callee9","decl":{"start":{"line":273,"column":87},"end":{"line":273,"column":95}},"loc":{"start":{"line":273,"column":102},"end":{"line":293,"column":5}},"line":273},"41":{"name":"_callee9$","decl":{"start":{"line":275,"column":46},"end":{"line":275,"column":55}},"loc":{"start":{"line":275,"column":67},"end":{"line":292,"column":7}},"line":275},"42":{"name":"updateBike","decl":{"start":{"line":295,"column":13},"end":{"line":295,"column":23}},"loc":{"start":{"line":295,"column":29},"end":{"line":297,"column":5}},"line":295},"43":{"name":"(anonymous_43)","decl":{"start":{"line":301,"column":15},"end":{"line":301,"column":16}},"loc":{"start":{"line":301,"column":27},"end":{"line":329,"column":3}},"line":301},"44":{"name":"_callee10","decl":{"start":{"line":302,"column":88},"end":{"line":302,"column":97}},"loc":{"start":{"line":302,"column":104},"end":{"line":322,"column":5}},"line":302},"45":{"name":"_callee10$","decl":{"start":{"line":304,"column":46},"end":{"line":304,"column":56}},"loc":{"start":{"line":304,"column":69},"end":{"line":321,"column":7}},"line":304},"46":{"name":"addLogEntry","decl":{"start":{"line":324,"column":13},"end":{"line":324,"column":24}},"loc":{"start":{"line":324,"column":30},"end":{"line":326,"column":5}},"line":324},"47":{"name":"(anonymous_47)","decl":{"start":{"line":330,"column":29},"end":{"line":330,"column":30}},"loc":{"start":{"line":330,"column":41},"end":{"line":358,"column":3}},"line":330},"48":{"name":"_callee11","decl":{"start":{"line":331,"column":102},"end":{"line":331,"column":111}},"loc":{"start":{"line":331,"column":118},"end":{"line":351,"column":5}},"line":331},"49":{"name":"_callee11$","decl":{"start":{"line":333,"column":46},"end":{"line":333,"column":56}},"loc":{"start":{"line":333,"column":69},"end":{"line":350,"column":7}},"line":333},"50":{"name":"updateLogPositionAndPayed","decl":{"start":{"line":353,"column":13},"end":{"line":353,"column":38}},"loc":{"start":{"line":353,"column":44},"end":{"line":355,"column":5}},"line":353},"51":{"name":"(anonymous_51)","decl":{"start":{"line":359,"column":21},"end":{"line":359,"column":22}},"loc":{"start":{"line":359,"column":33},"end":{"line":387,"column":3}},"line":359},"52":{"name":"_callee12","decl":{"start":{"line":360,"column":94},"end":{"line":360,"column":103}},"loc":{"start":{"line":360,"column":110},"end":{"line":380,"column":5}},"line":360},"53":{"name":"_callee12$","decl":{"start":{"line":362,"column":46},"end":{"line":362,"column":56}},"loc":{"start":{"line":362,"column":69},"end":{"line":379,"column":7}},"line":362},"54":{"name":"updateLogPosition","decl":{"start":{"line":382,"column":13},"end":{"line":382,"column":30}},"loc":{"start":{"line":382,"column":37},"end":{"line":384,"column":5}},"line":382},"55":{"name":"(anonymous_55)","decl":{"start":{"line":388,"column":18},"end":{"line":388,"column":19}},"loc":{"start":{"line":388,"column":30},"end":{"line":416,"column":3}},"line":388},"56":{"name":"_callee13","decl":{"start":{"line":389,"column":91},"end":{"line":389,"column":100}},"loc":{"start":{"line":389,"column":107},"end":{"line":409,"column":5}},"line":389},"57":{"name":"_callee13$","decl":{"start":{"line":391,"column":46},"end":{"line":391,"column":56}},"loc":{"start":{"line":391,"column":69},"end":{"line":408,"column":7}},"line":391},"58":{"name":"updateLogPayed","decl":{"start":{"line":411,"column":13},"end":{"line":411,"column":27}},"loc":{"start":{"line":411,"column":34},"end":{"line":413,"column":5}},"line":411},"59":{"name":"(anonymous_59)","decl":{"start":{"line":417,"column":15},"end":{"line":417,"column":16}},"loc":{"start":{"line":417,"column":27},"end":{"line":445,"column":3}},"line":417},"60":{"name":"_callee14","decl":{"start":{"line":418,"column":88},"end":{"line":418,"column":97}},"loc":{"start":{"line":418,"column":100},"end":{"line":438,"column":5}},"line":418},"61":{"name":"_callee14$","decl":{"start":{"line":420,"column":46},"end":{"line":420,"column":56}},"loc":{"start":{"line":420,"column":69},"end":{"line":437,"column":7}},"line":420},"62":{"name":"getParkings","decl":{"start":{"line":440,"column":13},"end":{"line":440,"column":24}},"loc":{"start":{"line":440,"column":27},"end":{"line":442,"column":5}},"line":440}},"branchMap":{"0":{"loc":{"start":{"line":12,"column":46},"end":{"line":12,"column":94}},"type":"cond-expr","locations":[{"start":{"line":12,"column":70},"end":{"line":12,"column":73}},{"start":{"line":12,"column":76},"end":{"line":12,"column":94}}],"line":12},"1":{"loc":{"start":{"line":12,"column":46},"end":{"line":12,"column":67}},"type":"binary-expr","locations":[{"start":{"line":12,"column":46},"end":{"line":12,"column":49}},{"start":{"line":12,"column":53},"end":{"line":12,"column":67}}],"line":12},"2":{"loc":{"start":{"line":14,"column":176},"end":{"line":14,"column":263}},"type":"if","locations":[{"start":{"line":14,"column":176},"end":{"line":14,"column":263}},{"start":{"line":14,"column":176},"end":{"line":14,"column":263}}],"line":14},"3":{"loc":{"start":{"line":36,"column":10},"end":{"line":58,"column":11}},"type":"switch","locations":[{"start":{"line":37,"column":12},"end":{"line":49,"column":17}},{"start":{"line":51,"column":12},"end":{"line":53,"column":62}},{"start":{"line":55,"column":12},"end":{"line":55,"column":19}},{"start":{"line":56,"column":12},"end":{"line":57,"column":37}}],"line":36},"4":{"loc":{"start":{"line":74,"column":10},"end":{"line":87,"column":11}},"type":"switch","locations":[{"start":{"line":75,"column":12},"end":{"line":78,"column":49}},{"start":{"line":80,"column":12},"end":{"line":82,"column":63}},{"start":{"line":84,"column":12},"end":{"line":84,"column":19}},{"start":{"line":85,"column":12},"end":{"line":86,"column":38}}],"line":74},"5":{"loc":{"start":{"line":103,"column":10},"end":{"line":116,"column":11}},"type":"switch","locations":[{"start":{"line":104,"column":12},"end":{"line":107,"column":49}},{"start":{"line":109,"column":12},"end":{"line":111,"column":59}},{"start":{"line":113,"column":12},"end":{"line":113,"column":19}},{"start":{"line":114,"column":12},"end":{"line":115,"column":38}}],"line":103},"6":{"loc":{"start":{"line":132,"column":10},"end":{"line":145,"column":11}},"type":"switch","locations":[{"start":{"line":133,"column":12},"end":{"line":136,"column":49}},{"start":{"line":138,"column":12},"end":{"line":140,"column":63}},{"start":{"line":142,"column":12},"end":{"line":142,"column":19}},{"start":{"line":143,"column":12},"end":{"line":144,"column":38}}],"line":132},"7":{"loc":{"start":{"line":161,"column":10},"end":{"line":174,"column":11}},"type":"switch","locations":[{"start":{"line":162,"column":12},"end":{"line":165,"column":49}},{"start":{"line":167,"column":12},"end":{"line":169,"column":66}},{"start":{"line":171,"column":12},"end":{"line":171,"column":19}},{"start":{"line":172,"column":12},"end":{"line":173,"column":38}}],"line":161},"8":{"loc":{"start":{"line":190,"column":10},"end":{"line":203,"column":11}},"type":"switch","locations":[{"start":{"line":191,"column":12},"end":{"line":194,"column":49}},{"start":{"line":196,"column":12},"end":{"line":198,"column":69}},{"start":{"line":200,"column":12},"end":{"line":200,"column":19}},{"start":{"line":201,"column":12},"end":{"line":202,"column":38}}],"line":190},"9":{"loc":{"start":{"line":192,"column":98},"end":{"line":192,"column":146}},"type":"binary-expr","locations":[{"start":{"line":192,"column":98},"end":{"line":192,"column":108}},{"start":{"line":192,"column":112},"end":{"line":192,"column":146}}],"line":192},"10":{"loc":{"start":{"line":192,"column":193},"end":{"line":192,"column":249}},"type":"binary-expr","locations":[{"start":{"line":192,"column":193},"end":{"line":192,"column":207}},{"start":{"line":192,"column":211},"end":{"line":192,"column":249}}],"line":192},"11":{"loc":{"start":{"line":192,"column":295},"end":{"line":192,"column":349}},"type":"binary-expr","locations":[{"start":{"line":192,"column":295},"end":{"line":192,"column":308}},{"start":{"line":192,"column":312},"end":{"line":192,"column":349}}],"line":192},"12":{"loc":{"start":{"line":192,"column":392},"end":{"line":192,"column":444}},"type":"binary-expr","locations":[{"start":{"line":192,"column":392},"end":{"line":192,"column":404}},{"start":{"line":192,"column":408},"end":{"line":192,"column":444}}],"line":192},"13":{"loc":{"start":{"line":192,"column":535},"end":{"line":192,"column":583}},"type":"binary-expr","locations":[{"start":{"line":192,"column":535},"end":{"line":192,"column":545}},{"start":{"line":192,"column":549},"end":{"line":192,"column":583}}],"line":192},"14":{"loc":{"start":{"line":219,"column":10},"end":{"line":232,"column":11}},"type":"switch","locations":[{"start":{"line":220,"column":12},"end":{"line":223,"column":49}},{"start":{"line":225,"column":12},"end":{"line":227,"column":61}},{"start":{"line":229,"column":12},"end":{"line":229,"column":19}},{"start":{"line":230,"column":12},"end":{"line":231,"column":38}}],"line":219},"15":{"loc":{"start":{"line":248,"column":10},"end":{"line":261,"column":11}},"type":"switch","locations":[{"start":{"line":249,"column":12},"end":{"line":252,"column":49}},{"start":{"line":254,"column":12},"end":{"line":256,"column":59}},{"start":{"line":258,"column":12},"end":{"line":258,"column":19}},{"start":{"line":259,"column":12},"end":{"line":260,"column":38}}],"line":248},"16":{"loc":{"start":{"line":277,"column":10},"end":{"line":290,"column":11}},"type":"switch","locations":[{"start":{"line":278,"column":12},"end":{"line":281,"column":49}},{"start":{"line":283,"column":12},"end":{"line":285,"column":65}},{"start":{"line":287,"column":12},"end":{"line":287,"column":19}},{"start":{"line":288,"column":12},"end":{"line":289,"column":38}}],"line":277},"17":{"loc":{"start":{"line":306,"column":10},"end":{"line":319,"column":11}},"type":"switch","locations":[{"start":{"line":307,"column":12},"end":{"line":310,"column":49}},{"start":{"line":312,"column":12},"end":{"line":314,"column":71}},{"start":{"line":316,"column":12},"end":{"line":316,"column":19}},{"start":{"line":317,"column":12},"end":{"line":318,"column":39}}],"line":306},"18":{"loc":{"start":{"line":335,"column":10},"end":{"line":348,"column":11}},"type":"switch","locations":[{"start":{"line":336,"column":12},"end":{"line":339,"column":49}},{"start":{"line":341,"column":12},"end":{"line":343,"column":68}},{"start":{"line":345,"column":12},"end":{"line":345,"column":19}},{"start":{"line":346,"column":12},"end":{"line":347,"column":39}}],"line":335},"19":{"loc":{"start":{"line":364,"column":10},"end":{"line":377,"column":11}},"type":"switch","locations":[{"start":{"line":365,"column":12},"end":{"line":368,"column":49}},{"start":{"line":370,"column":12},"end":{"line":372,"column":68}},{"start":{"line":374,"column":12},"end":{"line":374,"column":19}},{"start":{"line":375,"column":12},"end":{"line":376,"column":39}}],"line":364},"20":{"loc":{"start":{"line":393,"column":10},"end":{"line":406,"column":11}},"type":"switch","locations":[{"start":{"line":394,"column":12},"end":{"line":397,"column":49}},{"start":{"line":399,"column":12},"end":{"line":401,"column":68}},{"start":{"line":403,"column":12},"end":{"line":403,"column":19}},{"start":{"line":404,"column":12},"end":{"line":405,"column":39}}],"line":393},"21":{"loc":{"start":{"line":422,"column":10},"end":{"line":435,"column":11}},"type":"switch","locations":[{"start":{"line":423,"column":12},"end":{"line":426,"column":49}},{"start":{"line":428,"column":12},"end":{"line":430,"column":72}},{"start":{"line":432,"column":12},"end":{"line":432,"column":19}},{"start":{"line":433,"column":12},"end":{"line":434,"column":39}}],"line":422}},"s":{"0":1,"1":1,"2":1,"3":1,"4":2,"5":26,"6":26,"7":26,"8":0,"9":0,"10":26,"11":13,"12":13,"13":14,"14":13,"15":13,"16":13,"17":13,"18":26,"19":0,"20":13,"21":1,"22":1,"23":1,"24":0,"25":1,"26":1,"27":1,"28":1,"29":0,"30":0,"31":0,"32":0,"33":0,"34":0,"35":0,"36":0,"37":0,"38":0,"39":1,"40":1,"41":1,"42":3,"43":3,"44":1,"45":1,"46":1,"47":1,"48":1,"49":1,"50":1,"51":1,"52":1,"53":1,"54":3,"55":3,"56":1,"57":1,"58":1,"59":1,"60":1,"61":1,"62":1,"63":1,"64":1,"65":1,"66":3,"67":3,"68":1,"69":1,"70":1,"71":1,"72":1,"73":1,"74":1,"75":1,"76":1,"77":1,"78":3,"79":3,"80":1,"81":1,"82":1,"83":1,"84":1,"85":1,"86":1,"87":1,"88":1,"89":1,"90":3,"91":3,"92":1,"93":1,"94":1,"95":1,"96":1,"97":1,"98":1,"99":1,"100":1,"101":1,"102":3,"103":3,"104":1,"105":1,"106":1,"107":1,"108":1,"109":1,"110":1,"111":1,"112":1,"113":1,"114":3,"115":3,"116":1,"117":1,"118":1,"119":1,"120":1,"121":1,"122":1,"123":1,"124":1,"125":1,"126":3,"127":3,"128":1,"129":1,"130":1,"131":1,"132":1,"133":1,"134":1,"135":1,"136":1,"137":1,"138":3,"139":3,"140":1,"141":1,"142":1,"143":1,"144":1,"145":1,"146":1,"147":1,"148":1,"149":1,"150":3,"151":3,"152":1,"153":1,"154":1,"155":1,"156":1,"157":1,"158":1,"159":1,"160":1,"161":1,"162":3,"163":3,"164":1,"165":1,"166":1,"167":1,"168":1,"169":1,"170":1,"171":1,"172":1,"173":1,"174":3,"175":3,"176":1,"177":1,"178":1,"179":1,"180":1,"181":1,"182":1,"183":1,"184":1,"185":1,"186":3,"187":3,"188":1,"189":1,"190":1,"191":1,"192":1,"193":1,"194":1,"195":1,"196":1,"197":1},"f":{"0":2,"1":26,"2":14,"3":13,"4":13,"5":26,"6":0,"7":1,"8":0,"9":0,"10":0,"11":1,"12":1,"13":3,"14":1,"15":1,"16":1,"17":3,"18":1,"19":1,"20":1,"21":3,"22":1,"23":1,"24":1,"25":3,"26":1,"27":1,"28":1,"29":3,"30":1,"31":1,"32":1,"33":3,"34":1,"35":1,"36":1,"37":3,"38":1,"39":1,"40":1,"41":3,"42":1,"43":1,"44":1,"45":3,"46":1,"47":1,"48":1,"49":3,"50":1,"51":1,"52":1,"53":3,"54":1,"55":1,"56":1,"57":3,"58":1,"59":1,"60":1,"61":3,"62":1},"b":{"0":[1,1],"1":[2,2],"2":[13,13],"3":[0,0,0,0],"4":[1,1,0,1],"5":[1,1,0,1],"6":[1,1,0,1],"7":[1,1,0,1],"8":[1,1,0,1],"9":[1,0],"10":[1,0],"11":[1,0],"12":[1,1],"13":[1,0],"14":[1,1,0,1],"15":[1,1,0,1],"16":[1,1,0,1],"17":[1,1,0,1],"18":[1,1,0,1],"19":[1,1,0,1],"20":[1,1,0,1],"21":[1,1,0,1]},"inputSourceMap":{"version":3,"sources":["db.js"],"names":["axios","require","config","e","console","log","token","dbToken","dbURL","dbModel","callDatabase","query","method","url","data","headers","jwt","res","getCities","cities","getCity","id","city","getUser","email","user","customer","addUser","firstname","lastname","addCustomer","updateUser","authModel","currentUser","balance","updateCustomer","getBikes","bikes","getBike","bike","updateBike","status","addLogEntry","scooterId","userId","xcoord","ycoord","logEntery","addHistory","updateLogPositionAndPayed","payed","updateHistory","updateLogPosition","updateLogPayed","getParkings","parking","parkingspaces"],"mappings":";;;;;;;AACA;;AAaA;;;;;;;;AAdA,IAAMA,KAAK,GAAGC,OAAO,CAAC,OAAD,CAArB;;AAGA,IAAIC,MAAJ;;AAEA,IAAI;AACAA,EAAAA,MAAM,GAAGD,OAAO,CAAC,eAAD,CAAhB;AACH,CAFD,CAEE,OAAOE,CAAP,EAAU;AACRC,EAAAA,OAAO,CAACC,GAAR,CAAYF,CAAZ;AACH;;AAED,IAAIG,KAAK,GAAGJ,MAAM,CAACK,OAAnB;AACA,IAAIC,KAAK,GAAG,+BAAZ;AAIA,IAAIC,OAAO,GAAG;AACVC,EAAAA,YAAY;AAAA,gFAAE,iBAAOC,KAAP;AAAA;AAAA;AAAA;AAAA;AAAA;AACVP,cAAAA,OAAO,CAACC,GAAR,CAAYC,KAAZ;AADU;AAAA,qBAEMN,KAAK,CAAC;AAClBY,gBAAAA,MAAM,EAAE,MADU;AAElBC,gBAAAA,GAAG,EAAEL,KAFa;AAGlBM,gBAAAA,IAAI,EAAE;AACFH,kBAAAA,KAAK,EAAEA;AADL,iBAHY;AAMlBI,gBAAAA,OAAO,EAAE;AACLC,kBAAAA,GAAG,EAAEV;AADA;AANS,eAAD,CAFX;;AAAA;AAENW,cAAAA,GAFM;AAAA,+CAaHA,GAAG,CAACH,IAAJ,CAASA,IAbN;;AAAA;AAAA;AAAA;AAAA;AAAA;AAAA;AAAA,KAAF;;AAAA;AAAA;AAAA;;AAAA;AAAA,KADF;AAgBVI,EAAAA,SAAS;AAAA,6EAAE;AAAA;AAAA;AAAA;AAAA;AAAA;AACHP,cAAAA,KADG;AAAA;AAAA,qBAqBYF,OAAO,CAACC,YAAR,CAAqBC,KAArB,CArBZ;;AAAA;AAqBHQ,cAAAA,MArBG;AAAA,gDAuBAA,MAAM,CAACA,MAvBP;;AAAA;AAAA;AAAA;AAAA;AAAA;AAAA;AAAA,KAAF;;AAAA;AAAA;AAAA;;AAAA;AAAA,KAhBC;AAyCVC,EAAAA,OAAO;AAAA,2EAAE,kBAAOC,EAAP;AAAA;AAAA;AAAA;AAAA;AAAA;AACDV,cAAAA,KADC,sCAEWU,EAFX;AAAA;AAAA,qBAqBYZ,OAAO,CAACC,YAAR,CAAqBC,KAArB,CArBZ;;AAAA;AAqBDW,cAAAA,IArBC;AAAA,gDAuBEA,IAAI,CAACA,IAvBP;;AAAA;AAAA;AAAA;AAAA;AAAA;AAAA;AAAA,KAAF;;AAAA;AAAA;AAAA;;AAAA;AAAA,KAzCG;AAkEVC,EAAAA,OAAO;AAAA,2EAAE,kBAAOC,KAAP;AAAA;AAAA;AAAA;AAAA;AAAA;AACDb,cAAAA,KADC,8CAEkBa,KAFlB;AAAA;AAAA,qBAyBYf,OAAO,CAACC,YAAR,CAAqBC,KAArB,CAzBZ;;AAAA;AAyBDc,cAAAA,IAzBC;AAAA,gDA2BEA,IAAI,CAACC,QA3BP;;AAAA;AAAA;AAAA;AAAA;AAAA;AAAA;AAAA,KAAF;;AAAA;AAAA;AAAA;;AAAA;AAAA,KAlEG;AA+FVC,EAAAA,OAAO;AAAA,2EAAE,kBAAOb,IAAP;AAAA;AAAA;AAAA;AAAA;AAAA;AACDH,cAAAA,KADC,4EAGaG,IAAI,CAACU,KAHlB,+CAIiBV,IAAI,CAACc,SAJtB,8CAKgBd,IAAI,CAACe,QALrB;AAAA;AAAA,qBAkBYpB,OAAO,CAACC,YAAR,CAAqBC,KAArB,CAlBZ;;AAAA;AAkBDc,cAAAA,IAlBC;AAAA,gDAoBEA,IAAI,CAACK,WApBP;;AAAA;AAAA;AAAA;AAAA;AAAA;AAAA;AAAA,KAAF;;AAAA;AAAA;AAAA;;AAAA;AAAA,KA/FG;AAqHVC,EAAAA,UAAU;AAAA,8EAAE,kBAAOjB,IAAP;AAAA;AAAA;AAAA;AAAA;AAAA;AACJH,cAAAA,KADI,+EAGUG,IAAI,CAACU,KAAL,IAAcQ,iBAAUC,WAAV,CAAsBT,KAH9C,+CAIcV,IAAI,CAACc,SAAL,IAAkBI,iBAAUC,WAAV,CAAsBL,SAJtD,8CAKad,IAAI,CAACe,QAAL,IAAiBG,iBAAUC,WAAV,CAAsBJ,QALpD,2CAMWf,IAAI,CAACoB,OAAL,IAAgBF,iBAAUC,WAAV,CAAsBC,OANjD,2FAQiBpB,IAAI,CAACU,KAAL,IAAcQ,iBAAUC,WAAV,CAAsBT,KARrD;AAAA;AAAA,qBAkBSf,OAAO,CAACC,YAAR,CAAqBC,KAArB,CAlBT;;AAAA;AAkBJc,cAAAA,IAlBI;AAAA,gDAoBDA,IAAI,CAACU,cApBJ;;AAAA;AAAA;AAAA;AAAA;AAAA;AAAA;AAAA,KAAF;;AAAA;AAAA;AAAA;;AAAA;AAAA,KArHA;AA2IVC,EAAAA,QAAQ;AAAA,4EAAE;AAAA;AAAA;AAAA;AAAA;AAAA;AACFzB,cAAAA,KADE;AAAA;AAAA,qBAYYF,OAAO,CAACC,YAAR,CAAqBC,KAArB,CAZZ;;AAAA;AAYF0B,cAAAA,KAZE;AAAA,gDAcCA,KAAK,CAACA,KAdP;;AAAA;AAAA;AAAA;AAAA;AAAA;AAAA;AAAA,KAAF;;AAAA;AAAA;AAAA;;AAAA;AAAA,KA3IE;AA2JVC,EAAAA,OAAO;AAAA,2EAAE,kBAAOjB,EAAP;AAAA;AAAA;AAAA;AAAA;AAAA;AACDV,cAAAA,KADC,sCAEWU,EAFX;AAAA;AAAA,qBAaYZ,OAAO,CAACC,YAAR,CAAqBC,KAArB,CAbZ;;AAAA;AAaD4B,cAAAA,IAbC;AAAA,gDAeEA,IAAI,CAACA,IAfP;;AAAA;AAAA;AAAA;AAAA;AAAA;AAAA;AAAA,KAAF;;AAAA;AAAA;AAAA;;AAAA;AAAA,KA3JG;AA4KVC,EAAAA,UAAU;AAAA,8EAAE,kBAAO1B,IAAP;AAAA;AAAA;AAAA;AAAA;AAAA;AACJH,cAAAA,KADI,8EAGaG,IAAI,CAAC2B,MAHlB,wFAKiB3B,IAAI,CAACO,EALtB;AAAA;AAAA,qBAgBSZ,OAAO,CAACC,YAAR,CAAqBC,KAArB,CAhBT;;AAAA;AAgBJ4B,cAAAA,IAhBI;AAAA,gDAkBDA,IAAI,CAACC,UAlBJ;;AAAA;AAAA;AAAA;AAAA;AAAA;AAAA;AAAA,KAAF;;AAAA;AAAA;AAAA;;AAAA;AAAA,KA5KA;AAgMVE,EAAAA,WAAW;AAAA,+EAAE,mBAAO5B,IAAP;AAAA;AAAA;AAAA;AAAA;AAAA;AACLH,cAAAA,KADK,2EAGUG,IAAI,CAAC6B,SAHf,4CAIc7B,IAAI,CAAC8B,MAJnB,6CAKe9B,IAAI,CAAC+B,MALpB,6CAMe/B,IAAI,CAACgC,MANpB,wCAOUhC,IAAI,CAACQ,IAPf;AAAA;AAAA,qBAyCab,OAAO,CAACC,YAAR,CAAqBC,KAArB,CAzCb;;AAAA;AAyCLoC,cAAAA,SAzCK;AAAA,iDA2CFA,SAAS,CAACC,UA3CR;;AAAA;AAAA;AAAA;AAAA;AAAA;AAAA;AAAA,KAAF;;AAAA;AAAA;AAAA;;AAAA;AAAA,KAhMD;AA6OVC,EAAAA,yBAAyB;AAAA,6FAAE,mBAAOnC,IAAP;AAAA;AAAA;AAAA;AAAA;AAAA;AACnBH,cAAAA,KADmB,iFAGFG,IAAI,CAAC+B,MAHH,2CAIF/B,IAAI,CAACgC,MAJH,uCAKNhC,IAAI,CAACoC,KALC,wFAOEpC,IAAI,CAACO,EAPP;AAAA;AAAA,qBAyCPZ,OAAO,CAACC,YAAR,CAAqBC,KAArB,CAzCO;;AAAA;AAyCnBN,cAAAA,GAzCmB;AAAA,iDA2ChBA,GAAG,CAAC8C,aA3CY;;AAAA;AAAA;AAAA;AAAA;AAAA;AAAA;AAAA,KAAF;;AAAA;AAAA;AAAA;;AAAA;AAAA,KA7Of;AA0RVC,EAAAA,iBAAiB;AAAA,qFAAE,mBAAOtC,IAAP;AAAA;AAAA;AAAA;AAAA;AAAA;AACXH,cAAAA,KADW,iFAGMG,IAAI,CAAC+B,MAHX,2CAIM/B,IAAI,CAACgC,MAJX,wFAMUhC,IAAI,CAACO,EANf;AAAA;AAAA,qBAwCCZ,OAAO,CAACC,YAAR,CAAqBC,KAArB,CAxCD;;AAAA;AAwCXN,cAAAA,GAxCW;AAAA,iDA0CRA,GAAG,CAAC8C,aA1CI;;AAAA;AAAA;AAAA;AAAA;AAAA;AAAA;AAAA,KAAF;;AAAA;AAAA;AAAA;;AAAA;AAAA,KA1RP;AAsUVE,EAAAA,cAAc;AAAA,kFAAE,mBAAOvC,IAAP;AAAA;AAAA;AAAA;AAAA;AAAA;AACRH,cAAAA,KADQ,6EAGKG,IAAI,CAACoC,KAHV,wFAKapC,IAAI,CAACO,EALlB;AAAA;AAAA,qBAuCIZ,OAAO,CAACC,YAAR,CAAqBC,KAArB,CAvCJ;;AAAA;AAuCRN,cAAAA,GAvCQ;AAAA,iDAyCLA,GAAG,CAAC8C,aAzCC;;AAAA;AAAA;AAAA;AAAA;AAAA;AAAA;AAAA,KAAF;;AAAA;AAAA;AAAA;;AAAA;AAAA,KAtUJ;AAiXVG,EAAAA,WAAW;AAAA,+EAAE;AAAA;AAAA;AAAA;AAAA;AAAA;AACL3C,cAAAA,KADK;AAAA;AAAA,qBA4BWF,OAAO,CAACC,YAAR,CAAqBC,KAArB,CA5BX;;AAAA;AA4BL4C,cAAAA,OA5BK;AAAA,iDA8BFA,OAAO,CAACC,aA9BN;;AAAA;AAAA;AAAA;AAAA;AAAA;AAAA;AAAA,KAAF;;AAAA;AAAA;AAAA;;AAAA;AAAA;AAjXD,CAAd;eAmZe/C,O","sourceRoot":"C:\\Users\\jeppe\\OneDrive\\Dokument\\skola\\pattern\\client-app\\www\\js\\models\\","sourcesContent":["const axios = require('axios');\nimport m from 'mithril';\n\nlet config;\n\ntry {\n    config = require('./config.json');\n} catch (e) {\n    console.log(e);\n}\n\nlet token = config.dbToken;\nlet dbURL = 'http://localhost:1337/graphql';\n\nimport authModel from './auth';\n\nlet dbModel = {\n    callDatabase: async (query) => {\n        console.log(token);\n        let res = await axios({\n            method: 'post',\n            url: dbURL,\n            data: {\n                query: query\n            },\n            headers: {\n                jwt: token\n            }\n        });\n\n        return res.data.data;\n    },\n    getCities: async () => {\n        let query = `{\n            cities {\n                id,\n                name,\n                startingfee,\n                penaltyfee,\n                fee,\n                discount,\n                bikes {\n                    id,\n                    available,\n                    velocity,\n                    battery,\n                    xcoord,\n                    ycoord,\n                    cityid\n                }\n            }\n        }`;\n\n        let cities = await dbModel.callDatabase(query);\n\n        return cities.cities;\n    },\n    getCity: async (id) => {\n        let query = `{\n            city (id: ${id}) {\n                id,\n                name,\n                startingfee,\n                penaltyfee,\n                fee,\n                discount,\n                bikes {\n                    id,\n                    available,\n                    velocity,\n                    battery,\n                    xcoord,\n                    ycoord,\n                    cityid\n                }\n            }\n        }`;\n\n        let city = await dbModel.callDatabase(query);\n\n        return city.city;\n    },\n    getUser: async (email) => {\n        let query = `{\n            customer(email: \"${email}\") {\n                id,\n                firstname,\n                lastname,\n                email,\n                balance\n                paymentmethod\n                historylogs {\n                    id,\n                    bikeid,\n                    customerid,\n                    starttime,\n                    endtime,\n                    startxcoord,\n                    startycoord,\n                    endxcoord,\n                    endycoord,\n                    payed,\n                    cityid\n                }\n            }\n        }`;\n\n        let user = await dbModel.callDatabase(query);\n\n        return user.customer;\n    },\n    addUser: async (data) => {\n        let query = `mutation {\n            addCustomer(\n                email: \"${data.email}\",\n                firstname: \"${data.firstname}\",\n                lastname: \"${data.lastname}\",\n                balance: 0,\n                paymentmethod: \"Direct\"\n            ) {\n                id,\n                firstname,\n                lastname,\n                email,\n                balance,\n                paymentmethod\n            }\n        }`;\n\n        let user = await dbModel.callDatabase(query);\n\n        return user.addCustomer;\n    },\n    updateUser: async (data) => {\n        let query = `mutation {\n            updateCustomer(\n                email: \"${data.email || authModel.currentUser.email}\",\n                firstname: \"${data.firstname || authModel.currentUser.firstname}\",\n                lastname: \"${data.lastname || authModel.currentUser.lastname}\",\n                balance: ${data.balance || authModel.currentUser.balance},\n                columnToMatch: \"email\",\n                valueToMatch: \"${data.email || authModel.currentUser.email}\"\n            ) {\n                id,\n                firstname,\n                lastname,\n                email,\n                balance\n            }\n        }`;\n\n        let user = await dbModel.callDatabase(query);\n\n        return user.updateCustomer;\n    },\n    getBikes: async () => {\n        let query = `{\n            bikes {\n                id\n                available\n                velocity\n                battery\n                xcoord\n                ycoord\n            }\n        }`;\n\n        let bikes = await dbModel.callDatabase(query);\n\n        return bikes.bikes;\n    },\n    getBike: async (id) => {\n        let query =  `{\n            bike (id: ${id}) {\n                id,\n                available,\n                velocity,\n                battery,\n                xcoord,\n                ycoord,\n                cityid\n            }\n        }`;\n\n        let bike = await dbModel.callDatabase(query);\n\n        return bike.bike;\n    },\n    updateBike: async (data) => {\n        let query = `mutation {\n            updateBike (\n                available: ${data.status},\n                columnToMatch: \"id\",\n                valueToMatch: \"${data.id}\"\n            ) {\n                id,\n                available,\n                velocity,\n                battery,\n                xcoord,\n                ycoord\n            }\n        }`;\n\n        let bike = await dbModel.callDatabase(query);\n\n        return bike.updateBike;\n    },\n    addLogEntry: async (data) => {\n        let query =  `mutation {\n            addHistory (\n                bikeid: ${ data.scooterId },\n                customerid: ${ data.userId },\n                startxcoord: ${ data.xcoord },\n                startycoord: ${ data.ycoord },\n                cityid: ${ data.city }\n            ) {\n                id,\n                bikeid,\n                customerid,\n                starttime,\n                endtime,\n                startxcoord,\n                startycoord,\n                endxcoord,\n                endycoord,\n                startparking,\n                endparking,\n                payed,\n                cityid\n                bike {\n                    id,\n                    available,\n                    velocity,\n                    battery,\n                    xcoord,\n                    ycoord\n                },\n                customer {\n                    id,\n                    firstname,\n                    lastname,\n                    email,\n                    balance,\n                    paymentmethod\n                }\n            }\n        }`;\n\n        let logEntery = await dbModel.callDatabase(query);\n\n        return logEntery.addHistory;\n    },\n    updateLogPositionAndPayed: async (data) => {\n        let query = `mutation {\n            updateHistory (\n                endxcoord: ${data.xcoord},\n                endycoord: ${data.ycoord},\n                payed: ${data.payed},\n                columnToMatch: \"id\",\n                valueToMatch: \"${data.id}\"\n            ) {\n                id,\n                bikeid,\n                customerid,\n                starttime,\n                endtime,\n                startxcoord,\n                startycoord,\n                endxcoord,\n                endycoord,\n                payed,\n                cityid,\n                startparking,\n                endparking,\n                bike {\n                    id,\n                    available,\n                    velocity,\n                    battery,\n                    xcoord,\n                    ycoord\n                },\n                customer {\n                    id,\n                    firstname,\n                    lastname,\n                    email,\n                    balance,\n                    paymentmethod\n                }\n            }\n        }`;\n\n        let log = await dbModel.callDatabase(query);\n\n        return log.updateHistory;\n    },\n    updateLogPosition: async (data) => {\n        let query = `mutation {\n            updateHistory (\n                endxcoord: ${data.xcoord},\n                endycoord: ${data.ycoord},\n                columnToMatch: \"id\",\n                valueToMatch: \"${data.id}\"\n            ) {\n                id,\n                bikeid,\n                customerid,\n                starttime,\n                endtime,\n                startxcoord,\n                startycoord,\n                endxcoord,\n                endycoord,\n                payed,\n                cityid,\n                startparking,\n                endparking,\n                bike {\n                    id,\n                    available,\n                    velocity,\n                    battery,\n                    xcoord,\n                    ycoord\n                },\n                customer {\n                    id,\n                    firstname,\n                    lastname,\n                    email,\n                    balance,\n                    paymentmethod\n                }\n            }\n        }`;\n\n        let log = await dbModel.callDatabase(query);\n\n        return log.updateHistory;\n    },\n    updateLogPayed: async (data) => {\n        let query = `mutation {\n            updateHistory (\n                payed: ${data.payed},\n                columnToMatch: \"id\",\n                valueToMatch: \"${data.id}\"\n            ) {\n                id,\n                bikeid,\n                customerid,\n                starttime,\n                endtime,\n                startxcoord,\n                startycoord,\n                endxcoord,\n                endycoord,\n                payed,\n                cityid,\n                startparking,\n                endparking,\n                bike {\n                    id,\n                    available,\n                    velocity,\n                    battery,\n                    xcoord,\n                    ycoord\n                },\n                customer {\n                    id,\n                    firstname,\n                    lastname,\n                    email,\n                    balance,\n                    paymentmethod\n                }\n            }\n        }`;\n\n        let log = await dbModel.callDatabase(query);\n\n        return log.updateHistory;\n    },\n    getParkings: async () => {\n        let query = `{\n            parkingspaces {\n                id,\n                xcoord,\n                ycoord,\n                name,\n                cityid,\n                hascharger,\n                city {\n                    id,\n                    name,\n                    startingfee,\n                    penaltyfee,\n                    fee,\n                    discount\n                }\n                bikes {\n                    id,\n                    available,\n                    velocity,\n                    battery,\n                    xcoord,\n                    ycoord\n                },\n            }\n        }`;\n\n        let parking = await dbModel.callDatabase(query);\n\n        return parking.parkingspaces;\n    }\n};\n\nexport default dbModel;\n"]},"_coverageSchema":"1a1c01bbd47fc00a2c39e90264f33305004495a9","hash":"5a4e552445f1c77c0f70da93fc4791b38236153b","contentHash":"a9edad25d1322f9a8c4a8d77030b6f28d2f04077cab2bd2215c0d433bb1a94c9"},"C:\\Users\\jeppe\\OneDrive\\Dokument\\skola\\pattern\\client-app\\www\\js\\models\\auth.js":{"path":"C:\\Users\\jeppe\\OneDrive\\Dokument\\skola\\pattern\\client-app\\www\\js\\models\\auth.js","statementMap":{"0":{"start":{"line":3,"column":0},"end":{"line":5,"column":3}},"1":{"start":{"line":6,"column":0},"end":{"line":6,"column":28}},"2":{"start":{"line":8,"column":15},"end":{"line":8,"column":57}},"3":{"start":{"line":10,"column":10},"end":{"line":10,"column":49}},"4":{"start":{"line":12,"column":39},"end":{"line":12,"column":95}},"5":{"start":{"line":14,"column":77},"end":{"line":14,"column":175}},"6":{"start":{"line":14,"column":94},"end":{"line":14,"column":107}},"7":{"start":{"line":14,"column":121},"end":{"line":14,"column":131}},"8":{"start":{"line":14,"column":151},"end":{"line":14,"column":165}},"9":{"start":{"line":14,"column":166},"end":{"line":14,"column":173}},"10":{"start":{"line":14,"column":176},"end":{"line":14,"column":263}},"11":{"start":{"line":14,"column":193},"end":{"line":14,"column":208}},"12":{"start":{"line":14,"column":218},"end":{"line":14,"column":261}},"13":{"start":{"line":16,"column":33},"end":{"line":16,"column":387}},"14":{"start":{"line":16,"column":65},"end":{"line":16,"column":69}},"15":{"start":{"line":16,"column":78},"end":{"line":16,"column":87}},"16":{"start":{"line":16,"column":89},"end":{"line":16,"column":384}},"17":{"start":{"line":16,"column":147},"end":{"line":16,"column":167}},"18":{"start":{"line":16,"column":193},"end":{"line":16,"column":264}},"19":{"start":{"line":16,"column":290},"end":{"line":16,"column":360}},"20":{"start":{"line":16,"column":363},"end":{"line":16,"column":380}},"21":{"start":{"line":18,"column":12},"end":{"line":18,"column":28}},"22":{"start":{"line":20,"column":12},"end":{"line":20,"column":43}},"23":{"start":{"line":21,"column":16},"end":{"line":115,"column":1}},"24":{"start":{"line":25,"column":24},"end":{"line":53,"column":7}},"25":{"start":{"line":27,"column":6},"end":{"line":52,"column":18}},"26":{"start":{"line":28,"column":8},"end":{"line":51,"column":9}},"27":{"start":{"line":29,"column":10},"end":{"line":50,"column":11}},"28":{"start":{"line":31,"column":14},"end":{"line":31,"column":32}},"29":{"start":{"line":32,"column":14},"end":{"line":41,"column":17}},"30":{"start":{"line":44,"column":14},"end":{"line":44,"column":35}},"31":{"start":{"line":45,"column":14},"end":{"line":45,"column":58}},"32":{"start":{"line":49,"column":14},"end":{"line":49,"column":37}},"33":{"start":{"line":56,"column":6},"end":{"line":56,"column":50}},"34":{"start":{"line":59,"column":4},"end":{"line":59,"column":24}},"35":{"start":{"line":62,"column":17},"end":{"line":107,"column":7}},"36":{"start":{"line":64,"column":6},"end":{"line":106,"column":19}},"37":{"start":{"line":65,"column":8},"end":{"line":105,"column":9}},"38":{"start":{"line":66,"column":10},"end":{"line":104,"column":11}},"39":{"start":{"line":68,"column":14},"end":{"line":68,"column":33}},"40":{"start":{"line":69,"column":14},"end":{"line":69,"column":48}},"41":{"start":{"line":72,"column":14},"end":{"line":72,"column":36}},"42":{"start":{"line":73,"column":14},"end":{"line":73,"column":33}},"43":{"start":{"line":74,"column":14},"end":{"line":74,"column":56}},"44":{"start":{"line":77,"column":14},"end":{"line":77,"column":36}},"45":{"start":{"line":79,"column":14},"end":{"line":82,"column":15}},"46":{"start":{"line":80,"column":16},"end":{"line":80,"column":36}},"47":{"start":{"line":81,"column":16},"end":{"line":81,"column":22}},"48":{"start":{"line":84,"column":14},"end":{"line":84,"column":33}},"49":{"start":{"line":85,"column":14},"end":{"line":89,"column":17}},"50":{"start":{"line":92,"column":14},"end":{"line":92,"column":34}},"51":{"start":{"line":93,"column":14},"end":{"line":93,"column":56}},"52":{"start":{"line":96,"column":14},"end":{"line":96,"column":36}},"53":{"start":{"line":99,"column":14},"end":{"line":99,"column":43}},"54":{"start":{"line":103,"column":14},"end":{"line":103,"column":38}},"55":{"start":{"line":110,"column":6},"end":{"line":110,"column":43}},"56":{"start":{"line":113,"column":4},"end":{"line":113,"column":17}},"57":{"start":{"line":116,"column":15},"end":{"line":116,"column":24}},"58":{"start":{"line":117,"column":0},"end":{"line":117,"column":30}}},"fnMap":{"0":{"name":"_interopRequireDefault","decl":{"start":{"line":12,"column":9},"end":{"line":12,"column":31}},"loc":{"start":{"line":12,"column":37},"end":{"line":12,"column":97}},"line":12},"1":{"name":"asyncGeneratorStep","decl":{"start":{"line":14,"column":9},"end":{"line":14,"column":27}},"loc":{"start":{"line":14,"column":75},"end":{"line":14,"column":265}},"line":14},"2":{"name":"_asyncToGenerator","decl":{"start":{"line":16,"column":9},"end":{"line":16,"column":26}},"loc":{"start":{"line":16,"column":31},"end":{"line":16,"column":389}},"line":16},"3":{"name":"(anonymous_3)","decl":{"start":{"line":16,"column":40},"end":{"line":16,"column":41}},"loc":{"start":{"line":16,"column":52},"end":{"line":16,"column":386}},"line":16},"4":{"name":"(anonymous_4)","decl":{"start":{"line":16,"column":108},"end":{"line":16,"column":109}},"loc":{"start":{"line":16,"column":135},"end":{"line":16,"column":382}},"line":16},"5":{"name":"_next","decl":{"start":{"line":16,"column":178},"end":{"line":16,"column":183}},"loc":{"start":{"line":16,"column":191},"end":{"line":16,"column":266}},"line":16},"6":{"name":"_throw","decl":{"start":{"line":16,"column":276},"end":{"line":16,"column":282}},"loc":{"start":{"line":16,"column":288},"end":{"line":16,"column":362}},"line":16},"7":{"name":"(anonymous_7)","decl":{"start":{"line":24,"column":16},"end":{"line":24,"column":17}},"loc":{"start":{"line":24,"column":28},"end":{"line":60,"column":3}},"line":24},"8":{"name":"_callee","decl":{"start":{"line":25,"column":89},"end":{"line":25,"column":96}},"loc":{"start":{"line":25,"column":101},"end":{"line":53,"column":5}},"line":25},"9":{"name":"_callee$","decl":{"start":{"line":27,"column":46},"end":{"line":27,"column":54}},"loc":{"start":{"line":27,"column":65},"end":{"line":52,"column":7}},"line":27},"10":{"name":"getLoginData","decl":{"start":{"line":55,"column":13},"end":{"line":55,"column":25}},"loc":{"start":{"line":55,"column":30},"end":{"line":57,"column":5}},"line":55},"11":{"name":"(anonymous_11)","decl":{"start":{"line":61,"column":9},"end":{"line":61,"column":10}},"loc":{"start":{"line":61,"column":21},"end":{"line":114,"column":3}},"line":61},"12":{"name":"_callee2","decl":{"start":{"line":62,"column":82},"end":{"line":62,"column":90}},"loc":{"start":{"line":62,"column":95},"end":{"line":107,"column":5}},"line":62},"13":{"name":"_callee2$","decl":{"start":{"line":64,"column":46},"end":{"line":64,"column":55}},"loc":{"start":{"line":64,"column":67},"end":{"line":106,"column":7}},"line":64},"14":{"name":"login","decl":{"start":{"line":109,"column":13},"end":{"line":109,"column":18}},"loc":{"start":{"line":109,"column":24},"end":{"line":111,"column":5}},"line":109}},"branchMap":{"0":{"loc":{"start":{"line":12,"column":46},"end":{"line":12,"column":94}},"type":"cond-expr","locations":[{"start":{"line":12,"column":70},"end":{"line":12,"column":73}},{"start":{"line":12,"column":76},"end":{"line":12,"column":94}}],"line":12},"1":{"loc":{"start":{"line":12,"column":46},"end":{"line":12,"column":67}},"type":"binary-expr","locations":[{"start":{"line":12,"column":46},"end":{"line":12,"column":49}},{"start":{"line":12,"column":53},"end":{"line":12,"column":67}}],"line":12},"2":{"loc":{"start":{"line":14,"column":176},"end":{"line":14,"column":263}},"type":"if","locations":[{"start":{"line":14,"column":176},"end":{"line":14,"column":263}},{"start":{"line":14,"column":176},"end":{"line":14,"column":263}}],"line":14},"3":{"loc":{"start":{"line":29,"column":10},"end":{"line":50,"column":11}},"type":"switch","locations":[{"start":{"line":30,"column":12},"end":{"line":41,"column":17}},{"start":{"line":43,"column":12},"end":{"line":45,"column":58}},{"start":{"line":47,"column":12},"end":{"line":47,"column":19}},{"start":{"line":48,"column":12},"end":{"line":49,"column":37}}],"line":29},"4":{"loc":{"start":{"line":66,"column":10},"end":{"line":104,"column":11}},"type":"switch","locations":[{"start":{"line":67,"column":12},"end":{"line":69,"column":48}},{"start":{"line":71,"column":12},"end":{"line":74,"column":56}},{"start":{"line":76,"column":12},"end":{"line":89,"column":17}},{"start":{"line":91,"column":12},"end":{"line":93,"column":56}},{"start":{"line":95,"column":12},"end":{"line":96,"column":36}},{"start":{"line":98,"column":12},"end":{"line":99,"column":43}},{"start":{"line":101,"column":12},"end":{"line":101,"column":20}},{"start":{"line":102,"column":12},"end":{"line":103,"column":38}}],"line":66},"5":{"loc":{"start":{"line":79,"column":14},"end":{"line":82,"column":15}},"type":"if","locations":[{"start":{"line":79,"column":14},"end":{"line":82,"column":15}},{"start":{"line":79,"column":14},"end":{"line":82,"column":15}}],"line":79}},"s":{"0":1,"1":1,"2":1,"3":1,"4":2,"5":5,"6":5,"7":5,"8":0,"9":0,"10":5,"11":1,"12":4,"13":2,"14":1,"15":1,"16":1,"17":1,"18":5,"19":0,"20":1,"21":1,"22":1,"23":1,"24":1,"25":0,"26":0,"27":0,"28":0,"29":0,"30":0,"31":0,"32":0,"33":0,"34":1,"35":1,"36":1,"37":5,"38":5,"39":1,"40":1,"41":1,"42":1,"43":1,"44":1,"45":1,"46":0,"47":0,"48":1,"49":1,"50":1,"51":1,"52":1,"53":1,"54":1,"55":1,"56":1,"57":1,"58":1},"f":{"0":2,"1":5,"2":2,"3":1,"4":1,"5":5,"6":0,"7":1,"8":0,"9":0,"10":0,"11":1,"12":1,"13":5,"14":1},"b":{"0":[1,1],"1":[2,2],"2":[1,4],"3":[0,0,0,0],"4":[1,1,1,1,1,1,1,1],"5":[0,1]},"inputSourceMap":{"version":3,"sources":["auth.js"],"names":["axios","require","dbURL","authModel","authorized","currentUser","getLoginData","id","method","url","headers","token","data","login","dbModel","getUser","email","user","addUser","firstname","name","split","lastname"],"mappings":";;;;;;;AAAA;;AAGA;;;;;;;;AAFA,IAAMA,KAAK,GAAGC,OAAO,CAAC,OAAD,CAArB;;AAIA,IAAMC,KAAK,GAAG,+BAAd;AAEA,IAAIC,SAAS,GAAG;AACZC,EAAAA,UAAU,EAAE,KADA;AAEZC,EAAAA,WAAW,EAAE,EAFD;AAGZC,EAAAA,YAAY;AAAA,gFAAE,iBAAOC,EAAP;AAAA;AAAA;AAAA;AAAA;AAAA;AAAA;AAAA,qBACOP,KAAK,CAAC;AACnBQ,gBAAAA,MAAM,EAAE,MADW;AAEnBC,gBAAAA,GAAG,EAAE,2BAFc;AAGnBC,gBAAAA,OAAO,EAAE;AACLC,kBAAAA,KAAK,EAAE;AADF,iBAHU;AAMnBC,gBAAAA,IAAI,EAAE;AACFL,kBAAAA,EAAE,EAAEA;AADF;AANa,eAAD,CADZ;;AAAA;AACNK,cAAAA,IADM;AAAA,+CAYHA,IAAI,CAACA,IAZF;;AAAA;AAAA;AAAA;AAAA;AAAA;AAAA;AAAA,KAAF;;AAAA;AAAA;AAAA;;AAAA;AAAA,KAHA;AAiBZC,EAAAA,KAAK;AAAA,yEAAE,kBAAON,EAAP;AAAA;AAAA;AAAA;AAAA;AAAA;AAAA;AAAA,qBACcJ,SAAS,CAACG,YAAV,CAAuBC,EAAvB,CADd;;AAAA;AACCK,cAAAA,IADD;AAAA;AAAA,qBAGcE,eAAQC,OAAR,CAAgBH,IAAI,CAACI,KAArB,CAHd;;AAAA;AAGCC,cAAAA,IAHD;;AAAA,kBAKEA,IALF;AAAA;AAAA;AAAA;;AAAA;AAAA,qBAMOH,eAAQI,OAAR,CAAgB;AAClBF,gBAAAA,KAAK,EAAEJ,IAAI,CAACI,KADM;AAElBG,gBAAAA,SAAS,EAAEP,IAAI,CAACQ,IAAL,CAAUC,KAAV,CAAgB,GAAhB,EAAqB,CAArB,CAFO;AAGlBC,gBAAAA,QAAQ,EAAEV,IAAI,CAACQ,IAAL,CAAUC,KAAV,CAAgB,GAAhB,EAAqB,CAArB;AAHQ,eAAhB,CANP;;AAAA;AAAA;AAAA,qBAYcP,eAAQC,OAAR,CAAgBH,IAAI,CAACI,KAArB,CAZd;;AAAA;AAYCC,cAAAA,IAZD;;AAAA;AAeHd,cAAAA,SAAS,CAACE,WAAV,GAAwBY,IAAxB;;AAfG;AAAA;AAAA;AAAA;AAAA;AAAA;AAAA,KAAF;;AAAA;AAAA;AAAA;;AAAA;AAAA;AAjBO,CAAhB;eAoCed,S","sourceRoot":"C:\\Users\\jeppe\\OneDrive\\Dokument\\skola\\pattern\\client-app\\www\\js\\models\\","sourcesContent":["import m from 'mithril';\nconst axios = require('axios');\n\nimport dbModel from './db';\n\nconst dbURL = 'http://localhost:1337/graphql'\n\nvar authModel = {\n    authorized: false,\n    currentUser: {},\n    getLoginData: async (id) => {\n        let data = await axios({\n            method: 'post',\n            url: 'http://localhost:666/data',\n            headers: {\n                token: 'test'\n            },\n            data: {\n                id: id\n            },\n        })\n\n        return data.data\n    },\n    login: async (id) => {\n        let data = await authModel.getLoginData(id);\n\n        let user = await dbModel.getUser(data.email);\n\n        if (!user) {\n            await dbModel.addUser({\n                email: data.email,\n                firstname: data.name.split(' ')[0],\n                lastname: data.name.split(' ')[1]\n            });\n\n            user = await dbModel.getUser(data.email);\n        }\n\n        authModel.currentUser = user;\n    }\n}\n\nexport default authModel;\n"]},"_coverageSchema":"1a1c01bbd47fc00a2c39e90264f33305004495a9","hash":"2b43262be0278a9503f481d371fd0a84195982bd","contentHash":"bdf223f1128a89cc9df761dffb995d20c70d36b42b62833321627a5185377540"},"C:\\Users\\jeppe\\OneDrive\\Dokument\\skola\\pattern\\client-app\\www\\js\\models\\scooter.js":{"path":"C:\\Users\\jeppe\\OneDrive\\Dokument\\skola\\pattern\\client-app\\www\\js\\models\\scooter.js","statementMap":{"0":{"start":{"line":3,"column":0},"end":{"line":5,"column":3}},"1":{"start":{"line":6,"column":0},"end":{"line":6,"column":28}},"2":{"start":{"line":8,"column":15},"end":{"line":8,"column":57}},"3":{"start":{"line":10,"column":12},"end":{"line":10,"column":53}},"4":{"start":{"line":12,"column":10},"end":{"line":12,"column":49}},"5":{"start":{"line":14,"column":17},"end":{"line":14,"column":63}},"6":{"start":{"line":16,"column":39},"end":{"line":16,"column":95}},"7":{"start":{"line":18,"column":77},"end":{"line":18,"column":175}},"8":{"start":{"line":18,"column":94},"end":{"line":18,"column":107}},"9":{"start":{"line":18,"column":121},"end":{"line":18,"column":131}},"10":{"start":{"line":18,"column":151},"end":{"line":18,"column":165}},"11":{"start":{"line":18,"column":166},"end":{"line":18,"column":173}},"12":{"start":{"line":18,"column":176},"end":{"line":18,"column":263}},"13":{"start":{"line":18,"column":193},"end":{"line":18,"column":208}},"14":{"start":{"line":18,"column":218},"end":{"line":18,"column":261}},"15":{"start":{"line":20,"column":33},"end":{"line":20,"column":387}},"16":{"start":{"line":20,"column":65},"end":{"line":20,"column":69}},"17":{"start":{"line":20,"column":78},"end":{"line":20,"column":87}},"18":{"start":{"line":20,"column":89},"end":{"line":20,"column":384}},"19":{"start":{"line":20,"column":147},"end":{"line":20,"column":167}},"20":{"start":{"line":20,"column":193},"end":{"line":20,"column":264}},"21":{"start":{"line":20,"column":290},"end":{"line":20,"column":360}},"22":{"start":{"line":20,"column":363},"end":{"line":20,"column":380}},"23":{"start":{"line":22,"column":12},"end":{"line":22,"column":28}},"24":{"start":{"line":24,"column":12},"end":{"line":24,"column":43}},"25":{"start":{"line":25,"column":19},"end":{"line":292,"column":1}},"26":{"start":{"line":34,"column":26},"end":{"line":53,"column":7}},"27":{"start":{"line":35,"column":6},"end":{"line":52,"column":18}},"28":{"start":{"line":36,"column":8},"end":{"line":51,"column":9}},"29":{"start":{"line":37,"column":10},"end":{"line":50,"column":11}},"30":{"start":{"line":39,"column":14},"end":{"line":39,"column":32}},"31":{"start":{"line":40,"column":14},"end":{"line":40,"column":47}},"32":{"start":{"line":43,"column":14},"end":{"line":43,"column":55}},"33":{"start":{"line":45,"column":14},"end":{"line":45,"column":43}},"34":{"start":{"line":49,"column":14},"end":{"line":49,"column":37}},"35":{"start":{"line":56,"column":6},"end":{"line":56,"column":52}},"36":{"start":{"line":59,"column":4},"end":{"line":59,"column":26}},"37":{"start":{"line":62,"column":26},"end":{"line":81,"column":7}},"38":{"start":{"line":63,"column":6},"end":{"line":80,"column":19}},"39":{"start":{"line":64,"column":8},"end":{"line":79,"column":9}},"40":{"start":{"line":65,"column":10},"end":{"line":78,"column":11}},"41":{"start":{"line":67,"column":14},"end":{"line":67,"column":33}},"42":{"start":{"line":68,"column":14},"end":{"line":68,"column":50}},"43":{"start":{"line":71,"column":14},"end":{"line":71,"column":56}},"44":{"start":{"line":73,"column":14},"end":{"line":73,"column":43}},"45":{"start":{"line":77,"column":14},"end":{"line":77,"column":38}},"46":{"start":{"line":84,"column":6},"end":{"line":84,"column":52}},"47":{"start":{"line":87,"column":4},"end":{"line":87,"column":26}},"48":{"start":{"line":90,"column":16},"end":{"line":134,"column":7}},"49":{"start":{"line":92,"column":6},"end":{"line":133,"column":19}},"50":{"start":{"line":93,"column":8},"end":{"line":132,"column":9}},"51":{"start":{"line":94,"column":10},"end":{"line":131,"column":11}},"52":{"start":{"line":96,"column":14},"end":{"line":99,"column":15}},"53":{"start":{"line":97,"column":16},"end":{"line":97,"column":36}},"54":{"start":{"line":98,"column":16},"end":{"line":98,"column":22}},"55":{"start":{"line":101,"column":14},"end":{"line":101,"column":33}},"56":{"start":{"line":102,"column":14},"end":{"line":108,"column":17}},"57":{"start":{"line":111,"column":14},"end":{"line":111,"column":35}},"58":{"start":{"line":112,"column":14},"end":{"line":112,"column":33}},"59":{"start":{"line":113,"column":14},"end":{"line":113,"column":56}},"60":{"start":{"line":116,"column":14},"end":{"line":116,"column":44}},"61":{"start":{"line":117,"column":14},"end":{"line":117,"column":33}},"62":{"start":{"line":118,"column":14},"end":{"line":121,"column":17}},"63":{"start":{"line":124,"column":14},"end":{"line":124,"column":41}},"64":{"start":{"line":125,"column":14},"end":{"line":125,"column":35}},"65":{"start":{"line":126,"column":14},"end":{"line":126,"column":53}},"66":{"start":{"line":130,"column":14},"end":{"line":130,"column":38}},"67":{"start":{"line":137,"column":6},"end":{"line":137,"column":42}},"68":{"start":{"line":140,"column":4},"end":{"line":140,"column":16}},"69":{"start":{"line":143,"column":18},"end":{"line":259,"column":7}},"70":{"start":{"line":145,"column":6},"end":{"line":258,"column":19}},"71":{"start":{"line":146,"column":8},"end":{"line":257,"column":9}},"72":{"start":{"line":147,"column":10},"end":{"line":256,"column":11}},"73":{"start":{"line":149,"column":14},"end":{"line":149,"column":42}},"74":{"start":{"line":150,"column":14},"end":{"line":150,"column":33}},"75":{"start":{"line":151,"column":14},"end":{"line":154,"column":17}},"76":{"start":{"line":157,"column":14},"end":{"line":160,"column":15}},"77":{"start":{"line":158,"column":16},"end":{"line":158,"column":36}},"78":{"start":{"line":159,"column":16},"end":{"line":159,"column":22}},"79":{"start":{"line":162,"column":14},"end":{"line":162,"column":33}},"80":{"start":{"line":163,"column":14},"end":{"line":167,"column":17}},"81":{"start":{"line":170,"column":14},"end":{"line":170,"column":35}},"82":{"start":{"line":171,"column":14},"end":{"line":171,"column":33}},"83":{"start":{"line":172,"column":14},"end":{"line":172,"column":68}},"84":{"start":{"line":175,"column":14},"end":{"line":175,"column":36}},"85":{"start":{"line":176,"column":14},"end":{"line":185,"column":17}},"86":{"start":{"line":187,"column":14},"end":{"line":190,"column":15}},"87":{"start":{"line":188,"column":16},"end":{"line":188,"column":36}},"88":{"start":{"line":189,"column":16},"end":{"line":189,"column":22}},"89":{"start":{"line":192,"column":14},"end":{"line":192,"column":34}},"90":{"start":{"line":193,"column":14},"end":{"line":196,"column":17}},"91":{"start":{"line":199,"column":14},"end":{"line":199,"column":35}},"92":{"start":{"line":200,"column":14},"end":{"line":200,"column":34}},"93":{"start":{"line":201,"column":14},"end":{"line":206,"column":17}},"94":{"start":{"line":209,"column":14},"end":{"line":209,"column":34}},"95":{"start":{"line":210,"column":14},"end":{"line":210,"column":20}},"96":{"start":{"line":213,"column":14},"end":{"line":213,"column":34}},"97":{"start":{"line":214,"column":14},"end":{"line":217,"column":17}},"98":{"start":{"line":220,"column":14},"end":{"line":220,"column":35}},"99":{"start":{"line":223,"column":14},"end":{"line":223,"column":34}},"100":{"start":{"line":224,"column":14},"end":{"line":224,"column":20}},"101":{"start":{"line":227,"column":14},"end":{"line":230,"column":15}},"102":{"start":{"line":228,"column":16},"end":{"line":228,"column":36}},"103":{"start":{"line":229,"column":16},"end":{"line":229,"column":22}},"104":{"start":{"line":232,"column":14},"end":{"line":232,"column":34}},"105":{"start":{"line":233,"column":14},"end":{"line":238,"column":17}},"106":{"start":{"line":241,"column":14},"end":{"line":241,"column":35}},"107":{"start":{"line":244,"column":14},"end":{"line":244,"column":34}},"108":{"start":{"line":245,"column":14},"end":{"line":245,"column":68}},"109":{"start":{"line":248,"column":14},"end":{"line":248,"column":60}},"110":{"start":{"line":249,"column":14},"end":{"line":249,"column":47}},"111":{"start":{"line":250,"column":14},"end":{"line":250,"column":43}},"112":{"start":{"line":251,"column":14},"end":{"line":251,"column":43}},"113":{"start":{"line":255,"column":14},"end":{"line":255,"column":38}},"114":{"start":{"line":262,"column":6},"end":{"line":262,"column":44}},"115":{"start":{"line":265,"column":4},"end":{"line":265,"column":18}},"116":{"start":{"line":268,"column":18},"end":{"line":268,"column":58}},"117":{"start":{"line":270,"column":4},"end":{"line":272,"column":5}},"118":{"start":{"line":270,"column":17},"end":{"line":270,"column":18}},"119":{"start":{"line":271,"column":6},"end":{"line":271,"column":42}},"120":{"start":{"line":274,"column":4},"end":{"line":274,"column":70}},"121":{"start":{"line":276,"column":4},"end":{"line":278,"column":5}},"122":{"start":{"line":277,"column":6},"end":{"line":277,"column":100}},"123":{"start":{"line":280,"column":4},"end":{"line":282,"column":5}},"124":{"start":{"line":281,"column":6},"end":{"line":281,"column":38}},"125":{"start":{"line":284,"column":4},"end":{"line":290,"column":5}},"126":{"start":{"line":285,"column":6},"end":{"line":285,"column":17}},"127":{"start":{"line":287,"column":6},"end":{"line":287,"column":29}},"128":{"start":{"line":289,"column":6},"end":{"line":289,"column":35}},"129":{"start":{"line":293,"column":15},"end":{"line":293,"column":27}},"130":{"start":{"line":294,"column":0},"end":{"line":294,"column":30}}},"fnMap":{"0":{"name":"_interopRequireDefault","decl":{"start":{"line":16,"column":9},"end":{"line":16,"column":31}},"loc":{"start":{"line":16,"column":37},"end":{"line":16,"column":97}},"line":16},"1":{"name":"asyncGeneratorStep","decl":{"start":{"line":18,"column":9},"end":{"line":18,"column":27}},"loc":{"start":{"line":18,"column":75},"end":{"line":18,"column":265}},"line":18},"2":{"name":"_asyncToGenerator","decl":{"start":{"line":20,"column":9},"end":{"line":20,"column":26}},"loc":{"start":{"line":20,"column":31},"end":{"line":20,"column":389}},"line":20},"3":{"name":"(anonymous_3)","decl":{"start":{"line":20,"column":40},"end":{"line":20,"column":41}},"loc":{"start":{"line":20,"column":52},"end":{"line":20,"column":386}},"line":20},"4":{"name":"(anonymous_4)","decl":{"start":{"line":20,"column":108},"end":{"line":20,"column":109}},"loc":{"start":{"line":20,"column":135},"end":{"line":20,"column":382}},"line":20},"5":{"name":"_next","decl":{"start":{"line":20,"column":178},"end":{"line":20,"column":183}},"loc":{"start":{"line":20,"column":191},"end":{"line":20,"column":266}},"line":20},"6":{"name":"_throw","decl":{"start":{"line":20,"column":276},"end":{"line":20,"column":282}},"loc":{"start":{"line":20,"column":288},"end":{"line":20,"column":362}},"line":20},"7":{"name":"(anonymous_7)","decl":{"start":{"line":33,"column":18},"end":{"line":33,"column":19}},"loc":{"start":{"line":33,"column":30},"end":{"line":60,"column":3}},"line":33},"8":{"name":"_callee","decl":{"start":{"line":34,"column":91},"end":{"line":34,"column":98}},"loc":{"start":{"line":34,"column":101},"end":{"line":53,"column":5}},"line":34},"9":{"name":"_callee$","decl":{"start":{"line":35,"column":46},"end":{"line":35,"column":54}},"loc":{"start":{"line":35,"column":65},"end":{"line":52,"column":7}},"line":35},"10":{"name":"getAllScooters","decl":{"start":{"line":55,"column":13},"end":{"line":55,"column":27}},"loc":{"start":{"line":55,"column":30},"end":{"line":57,"column":5}},"line":55},"11":{"name":"(anonymous_11)","decl":{"start":{"line":61,"column":18},"end":{"line":61,"column":19}},"loc":{"start":{"line":61,"column":30},"end":{"line":88,"column":3}},"line":61},"12":{"name":"_callee2","decl":{"start":{"line":62,"column":91},"end":{"line":62,"column":99}},"loc":{"start":{"line":62,"column":102},"end":{"line":81,"column":5}},"line":62},"13":{"name":"_callee2$","decl":{"start":{"line":63,"column":46},"end":{"line":63,"column":55}},"loc":{"start":{"line":63,"column":67},"end":{"line":80,"column":7}},"line":63},"14":{"name":"getAllParkings","decl":{"start":{"line":83,"column":13},"end":{"line":83,"column":27}},"loc":{"start":{"line":83,"column":30},"end":{"line":85,"column":5}},"line":83},"15":{"name":"(anonymous_15)","decl":{"start":{"line":89,"column":8},"end":{"line":89,"column":9}},"loc":{"start":{"line":89,"column":20},"end":{"line":141,"column":3}},"line":89},"16":{"name":"_callee3","decl":{"start":{"line":90,"column":81},"end":{"line":90,"column":89}},"loc":{"start":{"line":90,"column":96},"end":{"line":134,"column":5}},"line":90},"17":{"name":"_callee3$","decl":{"start":{"line":92,"column":46},"end":{"line":92,"column":55}},"loc":{"start":{"line":92,"column":67},"end":{"line":133,"column":7}},"line":92},"18":{"name":"rent","decl":{"start":{"line":136,"column":13},"end":{"line":136,"column":17}},"loc":{"start":{"line":136,"column":22},"end":{"line":138,"column":5}},"line":136},"19":{"name":"(anonymous_19)","decl":{"start":{"line":142,"column":10},"end":{"line":142,"column":11}},"loc":{"start":{"line":142,"column":22},"end":{"line":266,"column":3}},"line":142},"20":{"name":"_callee4","decl":{"start":{"line":143,"column":83},"end":{"line":143,"column":91}},"loc":{"start":{"line":143,"column":98},"end":{"line":259,"column":5}},"line":143},"21":{"name":"_
[...]
AAI;AAAA,wEAAE,kBAAOC,IAAP;AAAA;AAAA;AAAA;AAAA;AAAA;AAAA,oBACEA,IAAI,CAACX,cAAL,IAAuBW,IAAI,CAACX,cAAL,CAAoBY,SAApB,KAAkC,CAD3D;AAAA;AAAA;AAAA;;AAAA;AAAA,qBAEkBR,eAAQS,WAAR,CAAoB;AAChCC,gBAAAA,SAAS,EAAEH,IAAI,CAACX,cAAL,CAAoBJ,EADC;AAEhCmB,gBAAAA,MAAM,EAAEJ,IAAI,CAACf,EAFmB;AAGhCoB,gBAAAA,MAAM,EAAEL,IAAI,CAACX,cAAL,CAAoBgB,MAHI;AAIhCC,gBAAAA,MAAM,EAAEN,IAAI,CAACX,cAAL,CAAoBiB,MAJI;AAKhCC,gBAAAA,IAAI,EAAEP,IAAI,CAACX,cAAL,CAAoBmB;AALM,eAApB,CAFlB;;AAAA;AAEMC,cAAAA,GAFN;AAAA;AAAA,qBAUQhB,eAAQiB,OAAR,CAAgBV,IAAI,CAACW,KAArB,CAVR;;AAAA;AAYE3B,cAAAA,YAAY,CAACE,UAAb,GAA0BuB,GAA1B;AAZF;AAAA,qBAcQhB,eAAQmB,UAAR,CAAmB;AACrB3B,gBAAAA,EAAE,EAAEe,IAAI,CAACX,cAAL,CAAoBJ,EADH;AAErB4B,gBAAAA,MAAM,EAAE;AAFa,eAAnB,CAdR;;AAAA;AAkBE7B,cAAAA,YAAY,CAACG,MAAb,GAAsB,IAAtB;AACAH,cAAAA,YAAY,CAACC,EAAb,GAAkB,EAAlB;AAnBF,gDAoBSwB,GApBT;;AAAA;AAAA;AAAA;AAAA;AAAA;AAAA;AAAA,KAAF;;AAAA;AAAA;AAAA;;AAAA;AAAA,KAhBW;AAuCfK,EAAAA,MAAM;AAAA,0EAAE,kBAAOd,IAAP;AAAA;AAAA;AAAA;AAAA;AAAA;AACJhB,cAAAA,YAAY,CAACG,MAAb,GAAsB,KAAtB;AADI;AAAA,qBAGEM,eAAQmB,UAAR,CAAmB;AACrB3B,gBAAAA,EAAE,EAAEe,IAAI,CAACX,cAAL,CAAoBJ,EADH;AAErB4B,gBAAAA,MAAM,EAAE;AAFa,eAAnB,CAHF;;AAAA;AAAA,oBAUAb,IAAI,CAACe,aAAL,KAAuB,QAVvB;AAAA;AAAA;AAAA;;AAAA;AAAA,qBAWYtB,eAAQuB,iBAAR,CAA0B;AAClC/B,gBAAAA,EAAE,EAAEe,IAAI,CAACd,UAAL,CAAgBD,EADc;AAElCoB,gBAAAA,MAAM,EAAEL,IAAI,CAACX,cAAL,CAAoBgB,MAFM;AAGlCC,gBAAAA,MAAM,EAAEN,IAAI,CAACX,cAAL,CAAoBiB;AAHM,eAA1B,CAXZ;;AAAA;AAWAG,cAAAA,GAXA;AAAA;AAAA,qBAiBiBhB,eAAQwB,OAAR,CAAgBjB,IAAI,CAACd,UAAL,CAAgBsB,MAAhC,CAjBjB;;AAAA;AAiBID,cAAAA,IAjBJ;AAkBIW,cAAAA,UAlBJ,GAkBiBC,sBAAeC,cAAf,CAA8B;AAC3CC,gBAAAA,WAAW,EAAEd,IAAI,CAACc,WADyB;AAE3CC,gBAAAA,GAAG,EAAEf,IAAI,CAACe,GAFiC;AAG3CC,gBAAAA,QAAQ,EAAEhB,IAAI,CAACgB,QAH4B;AAI3CC,gBAAAA,UAAU,EAAEjB,IAAI,CAACiB,UAJ0B;AAK3CC,gBAAAA,SAAS,EAAEhB,GAAG,CAACiB,SAL4B;AAM3CC,gBAAAA,OAAO,EAAElB,GAAG,CAACmB,OAN8B;AAO3CC,gBAAAA,aAAa,EAAEpB,GAAG,CAACqB,YAPwB;AAQ3CC,gBAAAA,WAAW,EAAEtB,GAAG,CAACuB;AAR0B,eAA9B,CAlBjB;;AAAA,oBA6BIhC,IAAI,CAACiC,WAAL,CAAiBC,OAAjB,IAA4BhB,UA7BhC;AAAA;AAAA;AAAA;;AAAA;AAAA,qBA8BgBzB,eAAQ0C,cAAR,CAAuB;AAC/BlD,gBAAAA,EAAE,EAAEe,IAAI,CAACd,UAAL,CAAgBD,EADW;AAE/BmD,gBAAAA,KAAK,EAAE;AAFwB,eAAvB,CA9BhB;;AAAA;AA8BI3B,cAAAA,GA9BJ;AAAA;AAAA,qBAmCUhB,eAAQ4C,UAAR,CAAmB;AACrB1B,gBAAAA,KAAK,EAAEX,IAAI,CAACiC,WAAL,CAAiBtB,KADH;AAErB2B,gBAAAA,SAAS,EAAEtC,IAAI,CAACiC,WAAL,CAAiBK,SAFP;AAGrBC,gBAAAA,QAAQ,EAAEvC,IAAI,CAACiC,WAAL,CAAiBM,QAHN;AAIrBL,gBAAAA,OAAO,EAAElC,IAAI,CAACiC,WAAL,CAAiBC,OAAjB,IAA4BhB;AAJhB,eAAnB,CAnCV;;AAAA;AAAA;AAAA;;AAAA;AAAA;AAAA,qBA0CgBzB,eAAQ0C,cAAR,CAAuB;AAC/BlD,gBAAAA,EAAE,EAAEe,IAAI,CAACd,UAAL,CAAgBD,EADW;AAE/BmD,gBAAAA,KAAK,EAAE;AAFwB,eAAvB,CA1ChB;;AAAA;AA0CI3B,cAAAA,GA1CJ;;AAAA;AAAA;AAAA;;AAAA;AAAA,oBA+COT,IAAI,CAACe,aAAL,KAAuB,SA/C9B;AAAA;AAAA;AAAA;;AAAA;AAAA,qBAgDYtB,eAAQ+C,yBAAR,CAAkC;AAC1CvD,gBAAAA,EAAE,EAAEe,IAAI,CAACd,UAAL,CAAgBD,EADsB;AAE1CoB,gBAAAA,MAAM,EAAEL,IAAI,CAACX,cAAL,CAAoBgB,MAFc;AAG1CC,gBAAAA,MAAM,EAAEN,IAAI,CAACX,cAAL,CAAoBiB,MAHc;AAI1C8B,gBAAAA,KAAK,EAAE;AAJmC,eAAlC,CAhDZ;;AAAA;AAgDA3B,cAAAA,GAhDA;;AAAA;AAAA;AAAA,qBAwD0BhB,eAAQiB,OAAR,CAAgBV,IAAI,CAACiC,WAAL,CAAiBtB,KAAjC,CAxD1B;;AAAA;AAwDJ8B,+BAAUR,WAxDN;AA0DJjD,cAAAA,YAAY,CAACK,cAAb,GAA8B,EAA9B;AACAL,cAAAA,YAAY,CAACE,UAAb,GAA0B,EAA1B;AACAF,cAAAA,YAAY,CAACI,QAAb,GAAwB,IAAxB;;AA5DI;AAAA;AAAA;AAAA;AAAA;AAAA;AAAA,KAAF;;AAAA;AAAA;AAAA;;AAAA;AAAA,KAvCS;AAqGfsD,EAAAA,UAAU,EAAE,oBAACC,GAAD,EAAMC,IAAN,EAAe;AACvB,QAAIC,OAAO,GAAGC,QAAQ,CAACC,sBAAT,CAAgC,OAAhC,CAAd;;AAEA,SAAK,IAAIC,CAAC,GAAG,CAAb,EAAgBA,CAAC,GAAGH,OAAO,CAACI,MAA5B,EAAoCD,CAAC,EAArC,EAAyC;AACrCH,MAAAA,OAAO,CAACG,CAAD,CAAP,CAAWE,SAAX,CAAqBC,MAArB,CAA4B,MAA5B;AACH;;AAEDL,IAAAA,QAAQ,CAACM,oBAAT,CAA8B,MAA9B,EAAsC,CAAtC,EAAyCC,eAAzC,CAAyD,OAAzD;;AACA,QAAIP,QAAQ,CAACC,sBAAT,CAAgC,YAAhC,EAA8C,CAA9C,CAAJ,EAAsD;AAClDD,MAAAA,QAAQ,CAACC,sBAAT,CAAgC,YAAhC,EAA8C,CAA9C,EAAiDO,YAAjD,CAA8D,OAA9D,EAAuE,qBAAvE;AACH;;AAED,QAAIC,MAAM,CAACC,SAAX,EAAsB;AAClBD,MAAAA,MAAM,CAACC,SAAP,CAAiBC,YAAjB;AACH;;AAGD,QAAId,GAAJ,EAAS;AACL,aAAOA,GAAP;AACH,KAFD,MAEO;AACH3D,MAAAA,YAAY,CAACC,EAAb,GAAkB2D,IAAlB;;AAEAjD,0BAAEC,MAAF;AACH;AACJ;AA7Hc,CAAnB;eAgIeZ,Y","sourceRoot":"C:\\Users\\jeppe\\OneDrive\\Dokument\\skola\\pattern\\client-app\\www\\js\\models\\","sourcesContent":["const axios = require('axios');\nimport m from 'mithril';\n\n\nlet dbURL = 'http://localhost:1337/graphql';\n\nimport authModel from './auth';\nimport dbModel from './db';\nimport utilitiesModel from './utilities';\n\nvar scooterModel = {\n    id: '',\n    currentLog: {},\n    inRent: false,\n    rentTime: null,\n    currentScooter: {},\n    allScooters: [],\n    allParkings: [],\n    getAllScooters: async () => {\n        scooterModel.allScooters = await dbModel.getBikes();\n        m.redraw();\n    },\n    getAllParkings: async () => {\n        scooterModel.allParkings = await dbModel.getParkings();\n        m.redraw();\n    },\n    rent: async (data) => {\n        if (data.currentScooter && data.currentScooter.available === 1) {\n            let log = await dbModel.addLogEntry({\n                scooterId: data.currentScooter.id,\n                userId: data.id,\n                xcoord: data.currentScooter.xcoord,\n                ycoord: data.currentScooter.ycoord,\n                city: data.currentScooter.cityid\n            });\n\n            await dbModel.getUser(data.email);\n\n            scooterModel.currentLog = log;\n\n            await dbModel.updateBike({\n                id: data.currentScooter.id,\n                status: 0\n            });\n            scooterModel.inRent = true;\n            scooterModel.id = '';\n            return log;\n        }\n    },\n    unrent: async (data) => {\n        scooterModel.inRent = false;\n\n        await dbModel.updateBike({\n            id: data.currentScooter.id,\n            status: 1\n        });\n\n        let log;\n\n        if (data.paymentmethod === 'Direct') {\n            log = await dbModel.updateLogPosition({\n                id: data.currentLog.id,\n                xcoord: data.currentScooter.xcoord,\n                ycoord: data.currentScooter.ycoord\n            });\n\n            let city = await dbModel.getCity(data.currentLog.cityid);\n            let totalPrice = utilitiesModel.calculatePrice({\n                startingfee: city.startingfee,\n                fee: city.fee,\n                discount: city.discount,\n                penaltyfee: city.penaltyfee,\n                startTime: log.starttime,\n                endTime: log.endtime,\n                startPosition: log.startparking,\n                endPosition: log.endparking,\n            });\n\n            if (data.currentUser.balance >= totalPrice) {\n                log = await dbModel.updateLogPayed({\n                    id: data.currentLog.id,\n                    payed: 1\n                });\n\n                await dbModel.updateUser({\n                    email: data.currentUser.email,\n                    firstname: data.currentUser.firstname,\n                    lastname: data.currentUser.lastname,\n                    balance: data.currentUser.balance -= totalPrice,\n                });\n            } else {\n                log = await dbModel.updateLogPayed({\n                    id: data.currentLog.id,\n                    payed: 0\n                });\n            }\n        } else if (data.paymentmethod === 'Monthly') {\n            log = await dbModel.updateLogPositionAndPayed({\n                id: data.currentLog.id,\n                xcoord: data.currentScooter.xcoord,\n                ycoord: data.currentScooter.ycoord,\n                payed: 0\n            });\n        }\n\n        authModel.currentUser = await dbModel.getUser(data.currentUser.email);\n\n        scooterModel.currentScooter = {};\n        scooterModel.currentLog = {};\n        scooterModel.rentTime = null;\n    },\n    handleScan: (err, text) => {\n        let element = document.getElementsByClassName('blink');\n\n        for (var i = 0; i < element.length; i++) {\n            element[i].classList.remove('gone');\n        }\n\n        document.getElementsByTagName(\"BODY\")[0].removeAttribute('style');\n        if (document.getElementsByClassName('qr-buttons')[0]) {\n            document.getElementsByClassName('qr-buttons')[0].setAttribute('style', 'visibility: hidden;')\n        }\n\n        if (window.QRScanner) {\n            window.QRScanner.disableLight();\n        }\n\n\n        if (err) {\n            return err;\n        } else {\n            scooterModel.id = text;\n\n            m.redraw();\n        }\n    }\n}\n\nexport default scooterModel;\n"]},"_coverageSchema":"1a1c01bbd47fc00a2c39e90264f33305004495a9","hash":"09d529465d6e1f0ccd1deb433316dfa4d453c6dd","contentHash":"c1b55abba0660438c0887405e7da18a0cd68f05bdee0dea0d413e4da175f6990"},"C:\\Users\\jeppe\\OneDrive\\Dokument\\skola\\pattern\\client-app\\www\\js\\models\\utilities.js":{"path":"C:\\Users\\jeppe\\OneDrive\\Dokument\\skola\\pattern\\client-app\\www\\js\\models\\utilities.js","statementMap":{"0":{"start":{"line":3,"column":0},"end":{"line":5,"column":3}},"1":{"start":{"line":6,"column":0},"end":{"line":6,"column":28}},"2":{"start":{"line":7,"column":16},"end":{"line":50,"column":1}},"3":{"start":{"line":9,"column":18},"end":{"line":9,"column":96}},"4":{"start":{"line":10,"column":21},"end":{"line":10,"column":40}},"5":{"start":{"line":11,"column":15},"end":{"line":11,"column":19}},"6":{"start":{"line":12,"column":14},"end":{"line":12,"column":16}},"7":{"start":{"line":13,"column":14},"end":{"line":13,"column":16}},"8":{"start":{"line":14,"column":16},"end":{"line":14,"column":45}},"9":{"start":{"line":15,"column":18},"end":{"line":15,"column":51}},"10":{"start":{"line":16,"column":18},"end":{"line":16,"column":55}},"11":{"start":{"line":17,"column":4},"end":{"line":17,"column":30}},"12":{"start":{"line":18,"column":4},"end":{"line":18,"column":34}},"13":{"start":{"line":19,"column":4},"end":{"line":19,"column":34}},"14":{"start":{"line":20,"column":4},"end":{"line":20,"column":62}},"15":{"start":{"line":21,"column":4},"end":{"line":21,"column":70}},"16":{"start":{"line":22,"column":4},"end":{"line":22,"column":70}},"17":{"start":{"line":23,"column":4},"end":{"line":23,"column":70}},"18":{"start":{"line":27,"column":4},"end":{"line":27,"column":230}},"19":{"start":{"line":28,"column":4},"end":{"line":28,"column":21}},"20":{"start":{"line":31,"column":21},"end":{"line":31,"column":22}},"21":{"start":{"line":32,"column":15},"end":{"line":32,"column":19}},"22":{"start":{"line":33,"column":14},"end":{"line":33,"column":16}},"23":{"start":{"line":34,"column":4},"end":{"line":34,"column":35}},"24":{"start":{"line":35,"column":20},"end":{"line":35,"column":54}},"25":{"start":{"line":36,"column":18},"end":{"line":36,"column":50}},"26":{"start":{"line":37,"column":19},"end":{"line":37,"column":64}},"27":{"start":{"line":38,"column":4},"end":{"line":38,"column":38}},"28":{"start":{"line":40,"column":4},"end":{"line":42,"column":5}},"29":{"start":{"line":41,"column":6},"end":{"line":41,"column":34}},"30":{"start":{"line":44,"column":4},"end":{"line":46,"column":5}},"31":{"start":{"line":45,"column":6},"end":{"line":45,"column":36}},"32":{"start":{"line":48,"column":4},"end":{"line":48,"column":22}},"33":{"start":{"line":51,"column":15},"end":{"line":51,"column":24}},"34":{"start":{"line":52,"column":0},"end":{"line":52,"column":30}}},"fnMap":{"0":{"name":"calculateTime","decl":{"start":{"line":8,"column":26},"end":{"line":8,"column":39}},"loc":{"start":{"line":8,"column":51},"end":{"line":24,"column":3}},"line":8},"1":{"name":"batteryPercentage","decl":{"start":{"line":25,"column":30},"end":{"line":25,"column":47}},"loc":{"start":{"line":25,"column":74},"end":{"line":29,"column":3}},"line":25},"2":{"name":"calculatePrice","decl":{"start":{"line":30,"column":27},"end":{"line":30,"column":41}},"loc":{"start":{"line":30,"column":48},"end":{"line":49,"column":3}},"line":30}},"branchMap":{"0":{"loc":{"start":{"line":9,"column":18},"end":{"line":9,"column":96}},"type":"cond-expr","locations":[{"start":{"line":9,"column":71},"end":{"line":9,"column":83}},{"start":{"line":9,"column":86},"end":{"line":9,"column":96}}],"line":9},"1":{"loc":{"start":{"line":9,"column":18},"end":{"line":9,"column":68}},"type":"binary-expr","locations":[{"start":{"line":9,"column":18},"end":{"line":9,"column":38}},{"start":{"line":9,"column":42},"end":{"line":9,"column":68}}],"line":9},"2":{"loc":{"start":{"line":20,"column":12},"end":{"line":20,"column":61}},"type":"cond-expr","locations":[{"start":{"line":20,"column":25},"end":{"line":20,"column":42}},{"start":{"line":20,"column":45},"end":{"line":20,"column":61}}],"line":20},"3":{"loc":{"start":{"line":21,"column":14},"end":{"line":21,"column":69}},"type":"cond-expr","locations":[{"start":{"line":21,"column":29},"end":{"line":21,"column":48}},{"start":{"line":21,"column":51},"end":{"line":21,"column":69}}],"line":21},"4":{"loc":{"start":{"line":22,"column":14},"end":{"line":22,"column":69}},"type":"cond-expr","locations":[{"start":{"line":22,"column":29},"end":{"line":22,"column":48}},{"start":{"line":22,"column":51},"end":{"line":22,"column":69}}],"line":22},"5":{"loc":{"start":{"line":27,"column":16},"end":{"line":27,"column":229}},"type":"cond-expr","locations":[{"start":{"line":27,"column":48},"end":{"line":27,"column":53}},{"start":{"line":27,"column":56},"end":{"line":27,"column":229}}],"line":27},"6":{"loc":{"start":{"line":27,"column":56},"end":{"line":27,"column":229}},"type":"cond-expr","locations":[{"start":{"line":27,"column":88},"end":{"line":27,"column":94}},{"start":{"line":27,"column":97},"end":{"line":27,"column":229}}],"line":27},"7":{"loc":{"start":{"line":27,"column":97},"end":{"line":27,"column":229}},"type":"cond-expr","locations":[{"start":{"line":27,"column":129},"end":{"line":27,"column":137}},{"start":{"line":27,"column":140},"end":{"line":27,"column":229}}],"line":27},"8":{"loc":{"start":{"line":27,"column":140},"end":{"line":27,"column":229}},"type":"cond-expr","locations":[{"start":{"line":27,"column":172},"end":{"line":27,"column":177}},{"start":{"line":27,"column":180},"end":{"line":27,"column":229}}],"line":27},"9":{"loc":{"start":{"line":27,"column":180},"end":{"line":27,"column":229}},"type":"cond-expr","locations":[{"start":{"line":27,"column":211},"end":{"line":27,"column":221}},{"start":{"line":27,"column":224},"end":{"line":27,"column":229}}],"line":27},"10":{"loc":{"start":{"line":40,"column":4},"end":{"line":42,"column":5}},"type":"if","locations":[{"start":{"line":40,"column":4},"end":{"line":42,"column":5}},{"start":{"line":40,"column":4},"end":{"line":42,"column":5}}],"line":40},"11":{"loc":{"start":{"line":40,"column":8},"end":{"line":40,"column":74}},"type":"binary-expr","locations":[{"start":{"line":40,"column":8},"end":{"line":40,"column":41}},{"start":{"line":40,"column":45},"end":{"line":40,"column":74}}],"line":40},"12":{"loc":{"start":{"line":44,"column":4},"end":{"line":46,"column":5}},"type":"if","locations":[{"start":{"line":44,"column":4},"end":{"line":46,"column":5}},{"start":{"line":44,"column":4},"end":{"line":46,"column":5}}],"line":44}},"s":{"0":1,"1":1,"2":1,"3":1,"4":1,"5":1,"6":1,"7":1,"8":1,"9":1,"10":1,"11":1,"12":1,"13":1,"14":1,"15":1,"16":1,"17":1,"18":6,"19":6,"20":3,"21":3,"22":3,"23":3,"24":3,"25":3,"26":3,"27":3,"28":3,"29":1,"30":3,"31":1,"32":3,"33":1,"34":1},"f":{"0":1,"1":6,"2":3},"b":{"0":[1,0],"1":[1,1],"2":[1,0],"3":[0,1],"4":[0,1],"5":[1,5],"6":[1,4],"7":[1,3],"8":[1,2],"9":[1,1],"10":[1,2],"11":[3,2],"12":[1,2]},"inputSourceMap":{"version":3,"sources":["utilities.js"],"names":["utilities","calculateTime","startTime","endTime","Date","difference","ms2s","s2m","m2h","hours","minutes","Math","floor","seconds","batteryPercentage","currentBatteryPercentage","className","calculatePrice","data","totalPrice","startingfee","parseInt","duration","ceil","fee","startPosition","endPosition","discount","penaltyfee"],"mappings":";;;;;;AAAA,IAAIA,SAAS,GAAG;AACZC,EAAAA,aAAa,EAAE,uBAACC,SAAD,EAAmC;AAAA,QAAvBC,OAAuB,uEAAf,IAAIC,IAAJ,EAAe;AAC9C,QAAIC,UAAU,GAAGF,OAAO,GAAGD,SAA3B;AAEA,QAAII,IAAI,GAAG,IAAX;AACA,QAAIC,GAAG,GAAG,EAAV;AACA,QAAIC,GAAG,GAAG,EAAV;AAEA,QAAIC,KAAK,GAAGJ,UAAU,GAAGC,IAAb,GAAoBC,GAApB,GAA0BC,GAAtC;AACA,QAAIE,OAAO,GAAG,CAACD,KAAK,GAAGE,IAAI,CAACC,KAAL,CAAWH,KAAX,CAAT,IAA8BD,GAA5C;AACA,QAAIK,OAAO,GAAG,CAACH,OAAO,GAAGC,IAAI,CAACC,KAAL,CAAWF,OAAX,CAAX,IAAkCH,GAAhD;AAIAE,IAAAA,KAAK,GAAGE,IAAI,CAACC,KAAL,CAAWH,KAAX,CAAR;AACAC,IAAAA,OAAO,GAAGC,IAAI,CAACC,KAAL,CAAWF,OAAX,CAAV;AACAG,IAAAA,OAAO,GAAGF,IAAI,CAACC,KAAL,CAAWC,OAAX,CAAV;AAEAJ,IAAAA,KAAK,GAAIA,KAAK,GAAG,EAAT,cAAmBA,KAAnB,cAAgCA,KAAhC,CAAR;AACAC,IAAAA,OAAO,GAAIA,OAAO,GAAG,EAAX,cAAqBA,OAArB,cAAoCA,OAApC,CAAV;AACAG,IAAAA,OAAO,GAAIA,OAAO,GAAG,EAAX,cAAqBA,OAArB,cAAoCA,OAApC,CAAV;AAEA,qBAAUJ,KAAV,cAAmBC,OAAnB,cAA8BG,OAA9B;AACH,GAvBW;AAwBZC,EAAAA,iBAAiB,EAAE,2BAACC,wBAAD,EAA8B;AAC7C,QAAIC,SAAJ;AAEAA,IAAAA,SAAS,GAAID,wBAAwB,GAAG,EAA5B,GAAkC,KAAlC,GACPA,wBAAwB,GAAG,EAA5B,GAAkC,MAAlC,GACKA,wBAAwB,GAAG,EAA5B,GAAkC,QAAlC,GACKA,wBAAwB,GAAG,EAA5B,GAAkC,KAAlC,GACKA,wBAAwB,GAAG,CAA5B,GAAiC,UAAjC,GAA8C,KAJ9D;AAMA,WAAOC,SAAP;AACH,GAlCW;AAmCZC,EAAAA,cAAc,EAAE,wBAACC,IAAD,EAAU;AACtB,QAAIC,UAAU,GAAG,CAAjB;AACA,QAAIb,IAAI,GAAG,IAAX;AACA,QAAIC,GAAG,GAAG,EAAV;AAEAY,IAAAA,UAAU,IAAID,IAAI,CAACE,WAAnB;AAEA,QAAIlB,SAAS,GAAG,IAAIE,IAAJ,CAASiB,QAAQ,CAACH,IAAI,CAAChB,SAAN,CAAjB,CAAhB;AACA,QAAIC,OAAO,GAAG,IAAIC,IAAJ,CAASiB,QAAQ,CAACH,IAAI,CAACf,OAAN,CAAjB,CAAd;AAEA,QAAImB,QAAQ,GAAGX,IAAI,CAACY,IAAL,CAAU,CAACpB,OAAO,GAAGD,SAAX,IAAwBI,IAAxB,GAA+BC,GAAzC,CAAf;AAEAY,IAAAA,UAAU,IAAIG,QAAQ,GAAGJ,IAAI,CAACM,GAA9B;;AAEA,QAAIN,IAAI,CAACO,aAAL,KAAuB,UAAvB,IAAqCP,IAAI,CAACQ,WAAL,KAAqB,QAA9D,EAAwE;AACpEP,MAAAA,UAAU,IAAID,IAAI,CAACS,QAAnB;AACH;;AAED,QAAIT,IAAI,CAACQ,WAAL,KAAqB,UAAzB,EAAqC;AACjCP,MAAAA,UAAU,IAAID,IAAI,CAACU,UAAnB;AACH;;AAED,WAAOT,UAAP;AACH;AA1DW,CAAhB;eA6DenB,S","sourceRoot":"C:\\Users\\jeppe\\OneDrive\\Dokument\\skola\\pattern\\client-app\\www\\js\\models\\","sourcesContent":["let utilities = {\n    calculateTime: (startTime, endTime=new Date()) => {\n        let difference = endTime - startTime;\n\n        let ms2s = 1000;\n        let s2m = 60;\n        let m2h = 60;\n\n        let hours = difference / ms2s / s2m / m2h;\n        let minutes = (hours - Math.floor(hours)) * m2h;\n        let seconds = (minutes - Math.floor(minutes)) * s2m;\n\n\n\n        hours = Math.floor(hours);\n        minutes = Math.floor(minutes);\n        seconds = Math.floor(seconds);\n\n        hours = (hours < 10) ? `0${hours}` : `${hours}`;\n        minutes = (minutes < 10) ? `0${minutes}` : `${minutes}`;\n        seconds = (seconds < 10) ? `0${seconds}` : `${seconds}`;\n\n        return `${hours}:${minutes}:${seconds}`\n    },\n    batteryPercentage: (currentBatteryPercentage) => {\n        let className;\n\n        className = (currentBatteryPercentage > 90) ? 'max' :\n            (currentBatteryPercentage > 70) ? 'high' :\n                (currentBatteryPercentage > 40) ? 'middle' :\n                    (currentBatteryPercentage > 20) ? 'low' :\n                        (currentBatteryPercentage > 5) ? 'critical' : 'min'\n\n        return className;\n    },\n    calculatePrice: (data) => {\n        let totalPrice = 0;\n        let ms2s = 1000;\n        let s2m = 60;\n\n        totalPrice += data.startingfee;\n\n        let startTime = new Date(parseInt(data.startTime));\n        let endTime = new Date(parseInt(data.endTime));\n\n        let duration = Math.ceil((endTime - startTime) / ms2s / s2m);\n\n        totalPrice += duration * data.fee;\n\n        if (data.startPosition === 'unparked' && data.endPosition === 'parked') {\n            totalPrice -= data.discount;\n        }\n\n        if (data.endPosition === 'unparked') {\n            totalPrice += data.penaltyfee;\n        }\n\n        return totalPrice;\n    }\n}\n\nexport default utilities;\n"]},"_coverageSchema":"1a1c01bbd47fc00a2c39e90264f33305004495a9","hash":"fb5dacd358e1b54476d8370c45cf604a7b9ef357","contentHash":"6e0af88622ebb3f88c20c8acebecfc3e0fabe6571dc762a6003847ef387b9bef"}}