TN:
SF:setup.js
FN:7,copyProps
FN:19,(anonymous_1)
FN:22,(anonymous_2)
FNF:3
FNH:2
FNDA:1,copyProps
FNDA:3,(anonymous_1)
FNDA:0,(anonymous_2)
DA:1,1
DA:2,1
DA:4,1
DA:5,1
DA:8,1
DA:14,1
DA:15,1
DA:16,1
DA:19,1
DA:20,3
DA:22,1
DA:23,0
DA:25,1
LF:13
LH:12
BRF:0
BRH:0
end_of_record
TN:
SF:www\js\models\auth.js
FN:11,(anonymous_7)
FN:11,_callee
FN:25,(anonymous_11)
FN:25,_callee2
FNF:4
FNH:3
FNDA:1,(anonymous_7)
FNDA:0,_callee
FNDA:2,(anonymous_11)
FNDA:6,_callee2
DA:1,1
DA:2,1
DA:4,1
DA:6,1
DA:8,1
DA:11,2
DA:12,0
DA:25,21
DA:26,1
DA:28,1
DA:37,1
DA:40,1
DA:44,1
LF:13
LH:12
BRDA:11,0,0,0
BRDA:11,0,1,0
BRDA:11,0,2,0
BRDA:11,0,3,0
BRDA:25,1,0,1
BRDA:25,1,1,1
BRDA:25,1,2,1
BRDA:25,1,3,1
BRDA:25,1,4,1
BRDA:25,1,5,1
BRDA:25,1,6,1
BRDA:25,1,7,1
BRDA:25,2,0,0
BRDA:25,2,1,1
BRF:14
BRH:9
end_of_record
TN:
SF:www\js\models\db.js
FN:18,(anonymous_7)
FN:18,_callee
FN:33,(anonymous_11)
FN:33,_callee2
FN:58,(anonymous_15)
FN:58,_callee3
FN:83,(anonymous_19)
FN:83,_callee4
FN:112,(anonymous_23)
FN:112,_callee5
FN:134,(anonymous_27)
FN:134,_callee6
FN:156,(anonymous_31)
FN:156,_callee7
FN:172,(anonymous_35)
FN:172,_callee8
FN:189,(anonymous_39)
FN:189,_callee9
FN:209,(anonymous_43)
FN:209,_callee10
FN:254,(anonymous_47)
FN:254,_callee11
FN:299,(anonymous_51)
FN:299,_callee12
FN:343,(anonymous_55)
FN:343,_callee13
FN:386,(anonymous_59)
FN:386,_callee14
FNF:28
FNH:27
FNDA:1,(anonymous_7)
FNDA:0,_callee
FNDA:2,(anonymous_11)
FNDA:4,_callee2
FNDA:2,(anonymous_15)
FNDA:4,_callee3
FNDA:2,(anonymous_19)
FNDA:4,_callee4
FNDA:2,(anonymous_23)
FNDA:4,_callee5
FNDA:2,(anonymous_27)
FNDA:4,_callee6
FNDA:2,(anonymous_31)
FNDA:4,_callee7
FNDA:2,(anonymous_35)
FNDA:4,_callee8
FNDA:2,(anonymous_39)
FNDA:4,_callee9
FNDA:2,(anonymous_43)
FNDA:4,_callee10
FNDA:2,(anonymous_47)
FNDA:4,_callee11
FNDA:2,(anonymous_51)
FNDA:4,_callee12
FNDA:2,(anonymous_55)
FNDA:4,_callee13
FNDA:2,(anonymous_59)
FNDA:4,_callee14
DA:1,1
DA:2,1
DA:3,1
DA:7,1
DA:8,1
DA:10,0
DA:12,1
DA:13,1
DA:15,1
DA:17,1
DA:18,2
DA:19,0
DA:20,0
DA:33,11
DA:34,1
DA:54,1
DA:58,11
DA:59,1
DA:79,1
DA:83,11
DA:84,1
DA:108,1
DA:112,11
DA:113,1
DA:130,1
DA:134,11
DA:135,1
DA:152,1
DA:156,11
DA:157,1
DA:168,1
DA:172,11
DA:173,1
DA:185,1
DA:189,11
DA:190,1
DA:205,1
DA:209,11
DA:210,1
DA:250,1
DA:254,11
DA:255,1
DA:295,1
DA:299,11
DA:300,1
DA:339,1
DA:343,11
DA:344,1
DA:382,1
DA:386,11
DA:387,1
DA:414,1
DA:420,1
LF:53
LH:50
BRDA:12,0,0,1
BRDA:12,0,1,1
BRDA:18,1,0,0
BRDA:18,1,1,0
BRDA:18,1,2,0
BRDA:18,1,3,0
BRDA:33,2,0,1
BRDA:33,2,1,1
BRDA:33,2,2,0
BRDA:33,2,3,1
BRDA:58,3,0,1
BRDA:58,3,1,1
BRDA:58,3,2,0
BRDA:58,3,3,1
BRDA:83,4,0,1
BRDA:83,4,1,1
BRDA:83,4,2,0
BRDA:83,4,3,1
BRDA:112,5,0,1
BRDA:112,5,1,1
BRDA:112,5,2,0
BRDA:112,5,3,1
BRDA:134,6,0,1
BRDA:134,6,1,1
BRDA:134,6,2,0
BRDA:134,6,3,1
BRDA:137,7,0,1
BRDA:137,7,1,0
BRDA:138,8,0,1
BRDA:138,8,1,0
BRDA:139,9,0,1
BRDA:139,9,1,0
BRDA:140,10,0,1
BRDA:140,10,1,1
BRDA:142,11,0,1
BRDA:142,11,1,0
BRDA:156,12,0,1
BRDA:156,12,1,1
BRDA:156,12,2,0
BRDA:156,12,3,1
BRDA:172,13,0,1
BRDA:172,13,1,1
BRDA:172,13,2,0
BRDA:172,13,3,1
BRDA:189,14,0,1
BRDA:189,14,1,1
BRDA:189,14,2,0
BRDA:189,14,3,1
BRDA:209,15,0,1
BRDA:209,15,1,1
BRDA:209,15,2,0
BRDA:209,15,3,1
BRDA:254,16,0,1
BRDA:254,16,1,1
BRDA:254,16,2,0
BRDA:254,16,3,1
BRDA:299,17,0,1
BRDA:299,17,1,1
BRDA:299,17,2,0
BRDA:299,17,3,1
BRDA:343,18,0,1
BRDA:343,18,1,1
BRDA:343,18,2,0
BRDA:343,18,3,1
BRDA:386,19,0,1
BRDA:386,19,1,1
BRDA:386,19,2,0
BRDA:386,19,3,1
BRF:68
BRH:47
end_of_record
TN:
SF:www\js\models\scooter.js
FN:19,(anonymous_7)
FN:19,_callee
FN:23,(anonymous_11)
FN:23,_callee2
FN:27,(anonymous_15)
FN:27,_callee3
FN:50,(anonymous_19)
FN:50,_callee4
FN:112,handleScan
FNF:9
FNH:9
FNDA:2,(anonymous_7)
FNDA:3,_callee
FNDA:2,(anonymous_11)
FNDA:3,_callee2
FNDA:2,(anonymous_15)
FNDA:6,_callee3
FNDA:4,(anonymous_19)
FNDA:20,_callee4
FNDA:2,handleScan
DA:1,1
DA:2,1
DA:5,1
DA:7,1
DA:8,1
DA:9,1
DA:11,1
DA:19,8
DA:20,1
DA:21,1
DA:23,8
DA:24,1
DA:25,1
DA:27,20
DA:29,1
DA:39,1
DA:45,1
DA:46,1
DA:50,89
DA:51,3
DA:61,2
DA:67,2
DA:68,2
DA:80,1
DA:92,1
DA:98,1
DA:106,3
DA:108,3
DA:109,3
DA:110,3
DA:113,2
DA:115,2
DA:116,0
DA:119,2
DA:120,2
DA:121,0
DA:124,2
DA:125,0
DA:129,2
DA:130,1
DA:132,1
DA:134,1
DA:139,1
LF:43
LH:40
BRDA:19,0,0,1
BRDA:19,0,1,1
BRDA:19,0,2,1
BRDA:19,0,3,1
BRDA:23,1,0,1
BRDA:23,1,1,1
BRDA:23,1,2,1
BRDA:23,1,3,1
BRDA:27,2,0,1
BRDA:27,2,1,1
BRDA:27,2,2,1
BRDA:27,2,3,1
BRDA:27,2,4,0
BRDA:27,2,5,1
BRDA:27,3,0,0
BRDA:27,3,1,1
BRDA:28,4,0,1
BRDA:28,4,1,1
BRDA:50,5,0,3
BRDA:50,5,1,3
BRDA:50,5,2,2
BRDA:50,5,3,2
BRDA:50,5,4,1
BRDA:50,5,5,1
BRDA:50,5,6,1
BRDA:50,5,7,1
BRDA:50,5,8,2
BRDA:50,5,9,1
BRDA:50,5,10,1
BRDA:50,5,11,3
BRDA:50,5,12,3
BRDA:50,5,13,3
BRDA:50,5,14,3
BRDA:50,6,0,2
BRDA:50,6,1,4
BRDA:120,7,0,0
BRDA:120,7,1,2
BRDA:124,8,0,0
BRDA:124,8,1,2
BRDA:129,9,0,1
BRDA:129,9,1,1
BRF:41
BRH:37
end_of_record
TN:
SF:www\js\models\utilities.js
FN:2,calculateTime
FN:25,batteryPercentage
FN:36,calculatePrice
FNF:3
FNH:3
FNDA:1,calculateTime
FNDA:6,batteryPercentage
FNDA:3,calculatePrice
DA:1,1
DA:2,1
DA:3,1
DA:5,1
DA:6,1
DA:7,1
DA:9,1
DA:10,1
DA:11,1
DA:15,1
DA:16,1
DA:17,1
DA:19,1
DA:20,1
DA:21,1
DA:23,1
DA:28,6
DA:34,6
DA:37,3
DA:38,3
DA:39,3
DA:41,3
DA:43,3
DA:44,3
DA:46,3
DA:48,3
DA:50,3
DA:51,1
DA:54,3
DA:55,1
DA:58,3
DA:62,1
LF:32
LH:32
BRDA:2,0,0,1
BRDA:2,0,1,0
BRDA:2,1,0,1
BRDA:2,1,1,1
BRDA:19,2,0,1
BRDA:19,2,1,0
BRDA:20,3,0,0
BRDA:20,3,1,1
BRDA:21,4,0,0
BRDA:21,4,1,1
BRDA:28,5,0,1
BRDA:28,5,1,5
BRDA:29,6,0,1
BRDA:29,6,1,4
BRDA:30,7,0,1
BRDA:30,7,1,3
BRDA:31,8,0,1
BRDA:31,8,1,2
BRDA:32,9,0,1
BRDA:32,9,1,1
BRDA:50,10,0,1
BRDA:50,10,1,2
BRDA:50,11,0,3
BRDA:50,11,1,2
BRDA:54,12,0,1
BRDA:54,12,1,2
BRF:26
BRH:22
end_of_record
